#
# There is insufficient memory for the Java Runtime Environment to continue.
# Native memory allocation (malloc) failed to allocate 983696 bytes for Chunk::new
# Possible reasons:
#   The system is out of physical RAM or swap space
#   The process is running with CompressedOops enabled, and the Java Heap may be blocking the growth of the native heap
# Possible solutions:
#   Reduce memory load on the system
#   Increase physical memory or swap space
#   Check if swap backing store is full
#   Decrease Java heap size (-Xmx/-Xms)
#   Decrease number of Java threads
#   Decrease Java thread stack sizes (-Xss)
#   Set larger code cache with -XX:ReservedCodeCacheSize=
#   JVM is running with Unscaled Compressed Oops mode in which the Java heap is
#     placed in the first 4GB address space. The Java Heap base address is the
#     maximum limit for the native heap growth. Please use -XX:HeapBaseMinAddress
#     to set the Java Heap base and to place the Java Heap above 4GB virtual address.
# This output file may be truncated or incomplete.
#
#  Out of Memory Error (./src/hotspot/share/memory/arena.cpp:197), pid=20096, tid=12508
#
# JRE version: OpenJDK Runtime Environment (11.0.10) (build 11.0.10+0-b96-7249189)
# Java VM: OpenJDK 64-Bit Server VM (11.0.10+0-b96-7249189, mixed mode, tiered, compressed oops, g1 gc, windows-amd64)
# No core dump will be written. Minidumps are not enabled by default on client versions of Windows
#

---------------  S U M M A R Y ------------

Command Line: --add-opens=java.base/java.util=ALL-UNNAMED --add-opens=java.base/java.lang=ALL-UNNAMED --add-opens=java.base/java.lang.invoke=ALL-UNNAMED --add-opens=java.base/java.util=ALL-UNNAMED --add-opens=java.prefs/java.util.prefs=ALL-UNNAMED --add-opens=java.prefs/java.util.prefs=ALL-UNNAMED --add-opens=java.base/java.nio.charset=ALL-UNNAMED --add-opens=java.base/java.net=ALL-UNNAMED --add-opens=java.base/java.util.concurrent.atomic=ALL-UNNAMED -Xmx1536M -Dfile.encoding=windows-1252 -Duser.country=US -Duser.language=en -Duser.variant org.gradle.launcher.daemon.bootstrap.GradleDaemon 7.4

Host: Intel(R) Core(TM) i7-7500U CPU @ 2.70GHz, 4 cores, 15G,  Windows 10 , 64 bit Build 19041 (10.0.19041.3636)
Time: Fri Jan 10 21:15:11 2025 E. Africa Standard Time elapsed time: 22.795890 seconds (0d 0h 0m 22s)

---------------  T H R E A D  ---------------

Current thread (0x00000159ee221800):  JavaThread "C2 CompilerThread1" daemon [_thread_in_native, id=12508, stack(0x0000000134900000,0x0000000134a00000)]


Current CompileTask:
C2:  22795 10448       4       java.lang.reflect.AccessibleObject::checkCanSetAccessible (386 bytes)

Stack: [0x0000000134900000,0x0000000134a00000]
Native frames: (J=compiled Java code, j=interpreted, Vv=VM code, C=native code)
V  [jvm.dll+0x5ecfaa]
V  [jvm.dll+0x722bd5]
V  [jvm.dll+0x72412d]
V  [jvm.dll+0x7247e3]
V  [jvm.dll+0x242928]
V  [jvm.dll+0xbc4fc]
V  [jvm.dll+0xbca0c]
V  [jvm.dll+0x352d7d]
V  [jvm.dll+0x197e0c]
V  [jvm.dll+0x1fb70e]
V  [jvm.dll+0x1fa7f4]
V  [jvm.dll+0x18354c]
V  [jvm.dll+0x208ee7]
V  [jvm.dll+0x207731]
V  [jvm.dll+0x6eb1cf]
V  [jvm.dll+0x6e3d45]
V  [jvm.dll+0x5ebe96]
C  [ucrtbase.dll+0x21bb2]
C  [KERNEL32.DLL+0x17344]
C  [ntdll.dll+0x526b1]


---------------  P R O C E S S  ---------------

Threads class SMR info:
_java_thread_list=0x00000159f50884a0, length=88, elements={
0x00000159cf44c800, 0x00000159ea4c5000, 0x00000159ea4c6800, 0x00000159ea543800,
0x00000159ea545800, 0x00000159ea547000, 0x00000159ea548000, 0x00000159ea555000,
0x00000159ea558000, 0x00000159ea6ad000, 0x00000159ecf92800, 0x00000159ecc7d000,
0x00000159ec7dd000, 0x00000159ecd91800, 0x00000159ed99c800, 0x00000159eb419000,
0x00000159ecb6a000, 0x00000159ecf22800, 0x00000159ec865800, 0x00000159ec676800,
0x00000159ec675800, 0x00000159ec670800, 0x00000159ec671800, 0x00000159ec672800,
0x00000159ec675000, 0x00000159ec677800, 0x00000159ec673000, 0x00000159ec674000,
0x00000159edc88000, 0x00000159edc89800, 0x00000159edc8a800, 0x00000159edc89000,
0x00000159edc84800, 0x00000159edc8b800, 0x00000159edc87000, 0x00000159edc8e800,
0x00000159edc8f800, 0x00000159edc91000, 0x00000159edc8d000, 0x00000159edc93800,
0x00000159edc90000, 0x00000159edc8d800, 0x00000159edc92000, 0x00000159edc92800,
0x00000159efb6b000, 0x00000159efb6c800, 0x00000159efb6c000, 0x00000159efb6e800,
0x00000159efb69800, 0x00000159efb6a800, 0x00000159efb6d800, 0x00000159efb68800,
0x00000159efb6f000, 0x00000159f0454800, 0x00000159f0453000, 0x00000159f0453800,
0x00000159f0451000, 0x00000159f0456000, 0x00000159f0455800, 0x00000159f0450800,
0x00000159f0457000, 0x00000159f0458000, 0x00000159f0452000, 0x00000159f045c800,
0x00000159f045b000, 0x00000159f045e800, 0x00000159f045d800, 0x00000159f0458800,
0x00000159f045a000, 0x00000159f045c000, 0x00000159f045f000, 0x00000159f0459800,
0x00000159ee343800, 0x00000159ee345000, 0x00000159ee342000, 0x00000159ee346000,
0x00000159ee344800, 0x00000159ee347000, 0x00000159ee341000, 0x00000159ee34f000,
0x00000159ee34b000, 0x00000159ee34c000, 0x00000159ee349800, 0x00000159ee34c800,
0x00000159ee34d800, 0x00000159ee34e000, 0x00000159ee350000, 0x00000159ee221800
}

Java Threads: ( => current thread )
  0x00000159cf44c800 JavaThread "main" [_thread_blocked, id=10440, stack(0x0000000132e00000,0x0000000132f00000)]
  0x00000159ea4c5000 JavaThread "Reference Handler" daemon [_thread_blocked, id=14312, stack(0x0000000133500000,0x0000000133600000)]
  0x00000159ea4c6800 JavaThread "Finalizer" daemon [_thread_blocked, id=16088, stack(0x0000000133600000,0x0000000133700000)]
  0x00000159ea543800 JavaThread "Signal Dispatcher" daemon [_thread_blocked, id=1192, stack(0x0000000133700000,0x0000000133800000)]
  0x00000159ea545800 JavaThread "Attach Listener" daemon [_thread_blocked, id=16588, stack(0x0000000133800000,0x0000000133900000)]
  0x00000159ea547000 JavaThread "Service Thread" daemon [_thread_blocked, id=12636, stack(0x0000000133900000,0x0000000133a00000)]
  0x00000159ea548000 JavaThread "C2 CompilerThread0" daemon [_thread_in_native, id=11756, stack(0x0000000133a00000,0x0000000133b00000)]
  0x00000159ea555000 JavaThread "C1 CompilerThread0" daemon [_thread_blocked, id=1264, stack(0x0000000133b00000,0x0000000133c00000)]
  0x00000159ea558000 JavaThread "Sweeper thread" daemon [_thread_blocked, id=4092, stack(0x0000000133c00000,0x0000000133d00000)]
  0x00000159ea6ad000 JavaThread "Common-Cleaner" daemon [_thread_blocked, id=20472, stack(0x0000000133d00000,0x0000000133e00000)]
  0x00000159ecf92800 JavaThread "Daemon health stats" [_thread_blocked, id=3800, stack(0x0000000134300000,0x0000000134400000)]
  0x00000159ecc7d000 JavaThread "Incoming local TCP Connector on port 64582" [_thread_in_native, id=10500, stack(0x0000000133f00000,0x0000000134000000)]
  0x00000159ec7dd000 JavaThread "Daemon periodic checks" [_thread_blocked, id=7632, stack(0x0000000134400000,0x0000000134500000)]
  0x00000159ecd91800 JavaThread "Daemon" [_thread_blocked, id=18516, stack(0x0000000134500000,0x0000000134600000)]
  0x00000159ed99c800 JavaThread "Handler for socket connection from /127.0.0.1:64582 to /127.0.0.1:64583" [_thread_in_native, id=3008, stack(0x0000000134600000,0x0000000134700000)]
  0x00000159eb419000 JavaThread "Cancel handler" [_thread_blocked, id=18040, stack(0x0000000134700000,0x0000000134800000)]
  0x00000159ecb6a000 JavaThread "Daemon worker" [_thread_blocked, id=7576, stack(0x0000000134800000,0x0000000134900000)]
  0x00000159ecf22800 JavaThread "Asynchronous log dispatcher for DefaultDaemonConnection: socket connection from /127.0.0.1:64582 to /127.0.0.1:64583" [_thread_in_native, id=956, stack(0x0000000134a00000,0x0000000134b00000)]
  0x00000159ec865800 JavaThread "Stdin handler" [_thread_blocked, id=14852, stack(0x0000000134b00000,0x0000000134c00000)]
  0x00000159ec676800 JavaThread "Daemon client event forwarder" [_thread_blocked, id=13980, stack(0x0000000134c00000,0x0000000134d00000)]
  0x00000159ec675800 JavaThread "Cache worker for journal cache (C:\Users\Arona\.gradle\caches\journal-1)" [_thread_blocked, id=1752, stack(0x0000000134d00000,0x0000000134e00000)]
  0x00000159ec670800 JavaThread "File lock request listener" [_thread_in_native, id=16736, stack(0x0000000134e00000,0x0000000134f00000)]
  0x00000159ec671800 JavaThread "Cache worker for file hash cache (C:\Users\Arona\.gradle\caches\7.4\fileHashes)" [_thread_blocked, id=18024, stack(0x0000000134f00000,0x0000000135000000)]
  0x00000159ec672800 JavaThread "File watcher server" daemon [_thread_in_native, id=8032, stack(0x0000000135000000,0x0000000135100000)]
  0x00000159ec675000 JavaThread "File watcher consumer" daemon [_thread_blocked, id=6728, stack(0x0000000135100000,0x0000000135200000)]
  0x00000159ec677800 JavaThread "Cache worker for checksums cache (C:\Users\Arona\StudioProjects\GetRest\android\.gradle\7.4\checksums)" [_thread_blocked, id=14732, stack(0x0000000135200000,0x0000000135300000)]
  0x00000159ec673000 JavaThread "Cache worker for cache directory md-rule (C:\Users\Arona\.gradle\caches\7.4\md-rule)" [_thread_blocked, id=13632, stack(0x0000000135300000,0x0000000135400000)]
  0x00000159ec674000 JavaThread "Cache worker for file hash cache (C:\Users\Arona\StudioProjects\GetRest\android\.gradle\7.4\fileHashes)" [_thread_blocked, id=20112, stack(0x0000000135400000,0x0000000135500000)]
  0x00000159edc88000 JavaThread "Cache worker for cache directory md-supplier (C:\Users\Arona\.gradle\caches\7.4\md-supplier)" [_thread_blocked, id=10436, stack(0x0000000135500000,0x0000000135600000)]
  0x00000159edc89800 JavaThread "Cache worker for execution history cache (C:\Users\Arona\.gradle\caches\7.4\executionHistory)" [_thread_blocked, id=1612, stack(0x0000000135600000,0x0000000135700000)]
  0x00000159edc8a800 JavaThread "jar transforms" [_thread_blocked, id=11440, stack(0x0000000135700000,0x0000000135800000)]
  0x00000159edc89000 JavaThread "jar transforms Thread 2" [_thread_blocked, id=16772, stack(0x0000000135800000,0x0000000135900000)]
  0x00000159edc84800 JavaThread "Cache worker for file content cache (C:\Users\Arona\.gradle\caches\7.4\fileContent)" [_thread_blocked, id=14872, stack(0x0000000135900000,0x0000000135a00000)]
  0x00000159edc8b800 JavaThread "jar transforms Thread 3" [_thread_blocked, id=9924, stack(0x0000000135a00000,0x0000000135b00000)]
  0x00000159edc87000 JavaThread "jar transforms Thread 4" [_thread_blocked, id=4824, stack(0x0000000135b00000,0x0000000135c00000)]
  0x00000159edc8e800 JavaThread "Cache worker for dependencies-accessors (C:\Users\Arona\StudioProjects\GetRest\android\.gradle\7.4\dependencies-accessors)" [_thread_blocked, id=13560, stack(0x0000000135c00000,0x0000000135d00000)]
  0x00000159edc8f800 JavaThread "Cache worker for Build Output Cleanup Cache (C:\Users\Arona\StudioProjects\GetRest\android\.gradle\buildOutputCleanup)" [_thread_blocked, id=6156, stack(0x0000000135d00000,0x0000000135e00000)]
  0x00000159edc91000 JavaThread "Unconstrained build operations" [_thread_blocked, id=15860, stack(0x0000000135e00000,0x0000000135f00000)]
  0x00000159edc8d000 JavaThread "Unconstrained build operations Thread 2" [_thread_blocked, id=8816, stack(0x0000000135f00000,0x0000000136000000)]
  0x00000159edc93800 JavaThread "Unconstrained build operations Thread 3" [_thread_blocked, id=14052, stack(0x0000000136000000,0x0000000136100000)]
  0x00000159edc90000 JavaThread "Unconstrained build operations Thread 4" [_thread_blocked, id=13268, stack(0x0000000136100000,0x0000000136200000)]
  0x00000159edc8d800 JavaThread "Unconstrained build operations Thread 5" [_thread_blocked, id=10444, stack(0x0000000136200000,0x0000000136300000)]
  0x00000159edc92000 JavaThread "Unconstrained build operations Thread 6" [_thread_blocked, id=3848, stack(0x0000000136300000,0x0000000136400000)]
  0x00000159edc92800 JavaThread "Unconstrained build operations Thread 7" [_thread_blocked, id=6836, stack(0x0000000136400000,0x0000000136500000)]
  0x00000159efb6b000 JavaThread "Unconstrained build operations Thread 8" [_thread_blocked, id=17772, stack(0x0000000136500000,0x0000000136600000)]
  0x00000159efb6c800 JavaThread "Unconstrained build operations Thread 9" [_thread_blocked, id=16636, stack(0x0000000136600000,0x0000000136700000)]
  0x00000159efb6c000 JavaThread "Unconstrained build operations Thread 10" [_thread_blocked, id=18868, stack(0x0000000136700000,0x0000000136800000)]
  0x00000159efb6e800 JavaThread "Unconstrained build operations Thread 11" [_thread_blocked, id=15900, stack(0x0000000136800000,0x0000000136900000)]
  0x00000159efb69800 JavaThread "Unconstrained build operations Thread 12" [_thread_blocked, id=18144, stack(0x0000000136900000,0x0000000136a00000)]
  0x00000159efb6a800 JavaThread "Unconstrained build operations Thread 13" [_thread_blocked, id=12528, stack(0x0000000136a00000,0x0000000136b00000)]
  0x00000159efb6d800 JavaThread "Unconstrained build operations Thread 14" [_thread_blocked, id=20100, stack(0x0000000136b00000,0x0000000136c00000)]
  0x00000159efb68800 JavaThread "Unconstrained build operations Thread 15" [_thread_blocked, id=9076, stack(0x0000000136c00000,0x0000000136d00000)]
  0x00000159efb6f000 JavaThread "Unconstrained build operations Thread 16" [_thread_blocked, id=3416, stack(0x0000000136d00000,0x0000000136e00000)]
  0x00000159f0454800 JavaThread "Unconstrained build operations Thread 17" [_thread_blocked, id=15488, stack(0x0000000136e00000,0x0000000136f00000)]
  0x00000159f0453000 JavaThread "Unconstrained build operations Thread 18" [_thread_blocked, id=13532, stack(0x0000000136f00000,0x0000000137000000)]
  0x00000159f0453800 JavaThread "Unconstrained build operations Thread 19" [_thread_blocked, id=19436, stack(0x0000000137000000,0x0000000137100000)]
  0x00000159f0451000 JavaThread "Unconstrained build operations Thread 20" [_thread_blocked, id=20048, stack(0x0000000137100000,0x0000000137200000)]
  0x00000159f0456000 JavaThread "Unconstrained build operations Thread 21" [_thread_blocked, id=2676, stack(0x0000000137200000,0x0000000137300000)]
  0x00000159f0455800 JavaThread "Unconstrained build operations Thread 22" [_thread_blocked, id=4360, stack(0x0000000137300000,0x0000000137400000)]
  0x00000159f0450800 JavaThread "Unconstrained build operations Thread 23" [_thread_blocked, id=19092, stack(0x0000000137400000,0x0000000137500000)]
  0x00000159f0457000 JavaThread "Unconstrained build operations Thread 24" [_thread_blocked, id=10276, stack(0x0000000137500000,0x0000000137600000)]
  0x00000159f0458000 JavaThread "Unconstrained build operations Thread 25" [_thread_blocked, id=20216, stack(0x0000000137600000,0x0000000137700000)]
  0x00000159f0452000 JavaThread "Unconstrained build operations Thread 26" [_thread_blocked, id=18756, stack(0x0000000137700000,0x0000000137800000)]
  0x00000159f045c800 JavaThread "Unconstrained build operations Thread 27" [_thread_blocked, id=11792, stack(0x0000000137800000,0x0000000137900000)]
  0x00000159f045b000 JavaThread "Unconstrained build operations Thread 28" [_thread_blocked, id=8556, stack(0x0000000137900000,0x0000000137a00000)]
  0x00000159f045e800 JavaThread "Unconstrained build operations Thread 29" [_thread_blocked, id=10196, stack(0x0000000137a00000,0x0000000137b00000)]
  0x00000159f045d800 JavaThread "Unconstrained build operations Thread 30" [_thread_blocked, id=16800, stack(0x0000000137b00000,0x0000000137c00000)]
  0x00000159f0458800 JavaThread "Unconstrained build operations Thread 31" [_thread_blocked, id=9940, stack(0x0000000137c00000,0x0000000137d00000)]
  0x00000159f045a000 JavaThread "Unconstrained build operations Thread 32" [_thread_blocked, id=10288, stack(0x0000000137d00000,0x0000000137e00000)]
  0x00000159f045c000 JavaThread "Unconstrained build operations Thread 33" [_thread_blocked, id=5592, stack(0x0000000137e00000,0x0000000137f00000)]
  0x00000159f045f000 JavaThread "Unconstrained build operations Thread 34" [_thread_blocked, id=9696, stack(0x0000000137f00000,0x0000000138000000)]
  0x00000159f0459800 JavaThread "Unconstrained build operations Thread 35" [_thread_blocked, id=9452, stack(0x0000000138000000,0x0000000138100000)]
  0x00000159ee343800 JavaThread "Unconstrained build operations Thread 36" [_thread_blocked, id=15716, stack(0x0000000138100000,0x0000000138200000)]
  0x00000159ee345000 JavaThread "Unconstrained build operations Thread 37" [_thread_blocked, id=11068, stack(0x0000000138200000,0x0000000138300000)]
  0x00000159ee342000 JavaThread "Unconstrained build operations Thread 38" [_thread_blocked, id=15024, stack(0x0000000138300000,0x0000000138400000)]
  0x00000159ee346000 JavaThread "Unconstrained build operations Thread 39" [_thread_blocked, id=9404, stack(0x0000000138400000,0x0000000138500000)]
  0x00000159ee344800 JavaThread "Unconstrained build operations Thread 40" [_thread_blocked, id=20128, stack(0x0000000138500000,0x0000000138600000)]
  0x00000159ee347000 JavaThread "Memory manager" [_thread_blocked, id=8464, stack(0x0000000138700000,0x0000000138800000)]
  0x00000159ee341000 JavaThread "build event listener" [_thread_blocked, id=6584, stack(0x0000000138800000,0x0000000138900000)]
  0x00000159ee34f000 JavaThread "included builds" [_thread_blocked, id=18528, stack(0x0000000138900000,0x0000000138a00000)]
  0x00000159ee34b000 JavaThread "Execution worker for ':'" [_thread_blocked, id=13116, stack(0x0000000138a00000,0x0000000138b00000)]
  0x00000159ee34c000 JavaThread "Execution worker for ':' Thread 2" [_thread_blocked, id=19156, stack(0x0000000138b00000,0x0000000138c00000)]
  0x00000159ee349800 JavaThread "Execution worker for ':' Thread 3" [_thread_blocked, id=20408, stack(0x0000000138c00000,0x0000000138d00000)]
  0x00000159ee34c800 JavaThread "Cache worker for execution history cache (C:\Users\Arona\StudioProjects\GetRest\android\.gradle\7.4\executionHistory)" [_thread_blocked, id=4768, stack(0x0000000138d00000,0x0000000138e00000)]
  0x00000159ee34d800 JavaThread "Exec process" [_thread_in_native, id=10780, stack(0x0000000138e00000,0x0000000138f00000)]
  0x00000159ee34e000 JavaThread "Exec process Thread 2" [_thread_in_native, id=17696, stack(0x0000000138f00000,0x0000000139000000)]
  0x00000159ee350000 JavaThread "Exec process Thread 3" [_thread_in_native, id=15992, stack(0x0000000139000000,0x0000000139100000)]
=>0x00000159ee221800 JavaThread "C2 CompilerThread1" daemon [_thread_in_native, id=12508, stack(0x0000000134900000,0x0000000134a00000)]

Other Threads:
  0x00000159e9ca1800 VMThread "VM Thread" [stack: 0x0000000133400000,0x0000000133500000] [id=10680]
  0x00000159ea6ba800 WatcherThread [stack: 0x0000000133e00000,0x0000000133f00000] [id=18156]
  0x00000159cf465800 GCTaskThread "GC Thread#0" [stack: 0x0000000132f00000,0x0000000133000000] [id=15048]
  0x00000159ead90000 GCTaskThread "GC Thread#1" [stack: 0x0000000134000000,0x0000000134100000] [id=1288]
  0x00000159eae60000 GCTaskThread "GC Thread#2" [stack: 0x0000000134100000,0x0000000134200000] [id=20400]
  0x00000159eaf19800 GCTaskThread "GC Thread#3" [stack: 0x0000000134200000,0x0000000134300000] [id=15604]
  0x00000159cf489800 ConcurrentGCThread "G1 Main Marker" [stack: 0x0000000133000000,0x0000000133100000] [id=9552]
  0x00000159cf48b000 ConcurrentGCThread "G1 Conc#0" [stack: 0x0000000133100000,0x0000000133200000] [id=2720]
  0x00000159e9b22800 ConcurrentGCThread "G1 Refine#0" [stack: 0x0000000133200000,0x0000000133300000] [id=11984]
  0x00000159ebda9800 ConcurrentGCThread "G1 Refine#1" [stack: 0x0000000138600000,0x0000000138700000] [id=11416]
  0x00000159e9b23000 ConcurrentGCThread "G1 Young RemSet Sampling" [stack: 0x0000000133300000,0x0000000133400000] [id=17360]

Threads with active compile tasks:
C2 CompilerThread0  22839 10499       4       org.gradle.internal.event.BroadcastDispatch$SingletonDispatch::dispatch (9 bytes)
C2 CompilerThread1  22839 10448       4       java.lang.reflect.AccessibleObject::checkCanSetAccessible (386 bytes)

VM state:not at safepoint (normal execution)

VM Mutex/Monitor currently owned by a thread: None

Heap address: 0x00000000a0000000, size: 1536 MB, Compressed Oops mode: 32-bit
Narrow klass base: 0x0000015980000000, Narrow klass shift: 0
Compressed class space size: 1073741824 Address: 0x0000015980000000

Heap:
 garbage-first heap   total 262144K, used 127482K [0x00000000a0000000, 0x0000000100000000)
  region size 1024K, 34 young (34816K), 11 survivors (11264K)
 Metaspace       used 89709K, capacity 92546K, committed 92876K, reserved 1128448K
  class space    used 11873K, capacity 12893K, committed 13004K, reserved 1048576K
Heap Regions: E=young(eden), S=young(survivor), O=old, HS=humongous(starts), HC=humongous(continues), CS=collection set, F=free, A=archive, TAMS=top-at-mark-start (previous, next)
|   0|0x00000000a0000000, 0x00000000a0100000, 0x00000000a0100000|100%|HS|  |TAMS 0x00000000a0100000, 0x00000000a0000000| Complete 
|   1|0x00000000a0100000, 0x00000000a0200000, 0x00000000a0200000|100%|HC|  |TAMS 0x00000000a0200000, 0x00000000a0100000| Complete 
|   2|0x00000000a0200000, 0x00000000a0300000, 0x00000000a0300000|100%|HC|  |TAMS 0x00000000a0300000, 0x00000000a0200000| Complete 
|   3|0x00000000a0300000, 0x00000000a0400000, 0x00000000a0400000|100%| O|  |TAMS 0x00000000a0400000, 0x00000000a0300000| Untracked 
|   4|0x00000000a0400000, 0x00000000a0500000, 0x00000000a0500000|100%| O|  |TAMS 0x00000000a0500000, 0x00000000a0400000| Untracked 
|   5|0x00000000a0500000, 0x00000000a0600000, 0x00000000a0600000|100%| O|  |TAMS 0x00000000a0600000, 0x00000000a0500000| Untracked 
|   6|0x00000000a0600000, 0x00000000a0700000, 0x00000000a0700000|100%| O|  |TAMS 0x00000000a0700000, 0x00000000a0600000| Untracked 
|   7|0x00000000a0700000, 0x00000000a0800000, 0x00000000a0800000|100%| O|  |TAMS 0x00000000a0800000, 0x00000000a0700000| Untracked 
|   8|0x00000000a0800000, 0x00000000a0900000, 0x00000000a0900000|100%| O|  |TAMS 0x00000000a0900000, 0x00000000a0800000| Untracked 
|   9|0x00000000a0900000, 0x00000000a0a00000, 0x00000000a0a00000|100%| O|  |TAMS 0x00000000a0a00000, 0x00000000a0900000| Untracked 
|  10|0x00000000a0a00000, 0x00000000a0b00000, 0x00000000a0b00000|100%| O|  |TAMS 0x00000000a0b00000, 0x00000000a0a00000| Untracked 
|  11|0x00000000a0b00000, 0x00000000a0c00000, 0x00000000a0c00000|100%| O|  |TAMS 0x00000000a0c00000, 0x00000000a0b00000| Untracked 
|  12|0x00000000a0c00000, 0x00000000a0d00000, 0x00000000a0d00000|100%| O|  |TAMS 0x00000000a0d00000, 0x00000000a0c00000| Untracked 
|  13|0x00000000a0d00000, 0x00000000a0e00000, 0x00000000a0e00000|100%| O|  |TAMS 0x00000000a0e00000, 0x00000000a0d00000| Untracked 
|  14|0x00000000a0e00000, 0x00000000a0f00000, 0x00000000a0f00000|100%| O|  |TAMS 0x00000000a0f00000, 0x00000000a0e00000| Untracked 
|  15|0x00000000a0f00000, 0x00000000a1000000, 0x00000000a1000000|100%| O|  |TAMS 0x00000000a1000000, 0x00000000a0f00000| Untracked 
|  16|0x00000000a1000000, 0x00000000a1100000, 0x00000000a1100000|100%|HS|  |TAMS 0x00000000a1100000, 0x00000000a1000000| Complete 
|  17|0x00000000a1100000, 0x00000000a1200000, 0x00000000a1200000|100%|HS|  |TAMS 0x00000000a1200000, 0x00000000a1100000| Complete 
|  18|0x00000000a1200000, 0x00000000a1300000, 0x00000000a1300000|100%| O|  |TAMS 0x00000000a1300000, 0x00000000a1200000| Untracked 
|  19|0x00000000a1300000, 0x00000000a1400000, 0x00000000a1400000|100%| O|  |TAMS 0x00000000a1400000, 0x00000000a1300000| Untracked 
|  20|0x00000000a1400000, 0x00000000a1500000, 0x00000000a1500000|100%|HS|  |TAMS 0x00000000a1500000, 0x00000000a1400000| Complete 
|  21|0x00000000a1500000, 0x00000000a1600000, 0x00000000a1600000|100%|HS|  |TAMS 0x00000000a1600000, 0x00000000a1500000| Complete 
|  22|0x00000000a1600000, 0x00000000a1700000, 0x00000000a1700000|100%|HS|  |TAMS 0x00000000a1700000, 0x00000000a1600000| Complete 
|  23|0x00000000a1700000, 0x00000000a1800000, 0x00000000a1800000|100%|HC|  |TAMS 0x00000000a1800000, 0x00000000a1700000| Complete 
|  24|0x00000000a1800000, 0x00000000a1900000, 0x00000000a1900000|100%|HC|  |TAMS 0x00000000a1900000, 0x00000000a1800000| Complete 
|  25|0x00000000a1900000, 0x00000000a1a00000, 0x00000000a1a00000|100%|HS|  |TAMS 0x00000000a1a00000, 0x00000000a1900000| Complete 
|  26|0x00000000a1a00000, 0x00000000a1b00000, 0x00000000a1b00000|100%|HC|  |TAMS 0x00000000a1b00000, 0x00000000a1a00000| Complete 
|  27|0x00000000a1b00000, 0x00000000a1c00000, 0x00000000a1c00000|100%| O|  |TAMS 0x00000000a1c00000, 0x00000000a1b00000| Untracked 
|  28|0x00000000a1c00000, 0x00000000a1d00000, 0x00000000a1d00000|100%| O|  |TAMS 0x00000000a1d00000, 0x00000000a1c00000| Untracked 
|  29|0x00000000a1d00000, 0x00000000a1e00000, 0x00000000a1e00000|100%| O|  |TAMS 0x00000000a1e00000, 0x00000000a1d00000| Untracked 
|  30|0x00000000a1e00000, 0x00000000a1f00000, 0x00000000a1f00000|100%| O|  |TAMS 0x00000000a1f00000, 0x00000000a1e00000| Untracked 
|  31|0x00000000a1f00000, 0x00000000a2000000, 0x00000000a2000000|100%| O|  |TAMS 0x00000000a2000000, 0x00000000a1f00000| Untracked 
|  32|0x00000000a2000000, 0x00000000a2100000, 0x00000000a2100000|100%| O|  |TAMS 0x00000000a2100000, 0x00000000a2000000| Untracked 
|  33|0x00000000a2100000, 0x00000000a2200000, 0x00000000a2200000|100%| O|  |TAMS 0x00000000a2200000, 0x00000000a2100000| Untracked 
|  34|0x00000000a2200000, 0x00000000a2300000, 0x00000000a2300000|100%| O|  |TAMS 0x00000000a2300000, 0x00000000a2200000| Untracked 
|  35|0x00000000a2300000, 0x00000000a2400000, 0x00000000a2400000|100%| O|  |TAMS 0x00000000a2400000, 0x00000000a2300000| Untracked 
|  36|0x00000000a2400000, 0x00000000a2500000, 0x00000000a2500000|100%| O|  |TAMS 0x00000000a2500000, 0x00000000a2400000| Untracked 
|  37|0x00000000a2500000, 0x00000000a2600000, 0x00000000a2600000|100%| O|  |TAMS 0x00000000a2600000, 0x00000000a2500000| Untracked 
|  38|0x00000000a2600000, 0x00000000a2700000, 0x00000000a2700000|100%| O|  |TAMS 0x00000000a2700000, 0x00000000a2600000| Untracked 
|  39|0x00000000a2700000, 0x00000000a2800000, 0x00000000a2800000|100%| O|  |TAMS 0x00000000a2800000, 0x00000000a2700000| Untracked 
|  40|0x00000000a2800000, 0x00000000a2900000, 0x00000000a2900000|100%| O|  |TAMS 0x00000000a2900000, 0x00000000a2800000| Untracked 
|  41|0x00000000a2900000, 0x00000000a2a00000, 0x00000000a2a00000|100%| O|  |TAMS 0x00000000a2a00000, 0x00000000a2900000| Untracked 
|  42|0x00000000a2a00000, 0x00000000a2b00000, 0x00000000a2b00000|100%| O|  |TAMS 0x00000000a2b00000, 0x00000000a2a00000| Untracked 
|  43|0x00000000a2b00000, 0x00000000a2c00000, 0x00000000a2c00000|100%| O|  |TAMS 0x00000000a2c00000, 0x00000000a2b00000| Untracked 
|  44|0x00000000a2c00000, 0x00000000a2d00000, 0x00000000a2d00000|100%| O|  |TAMS 0x00000000a2d00000, 0x00000000a2c00000| Untracked 
|  45|0x00000000a2d00000, 0x00000000a2e00000, 0x00000000a2e00000|100%| O|  |TAMS 0x00000000a2e00000, 0x00000000a2d00000| Untracked 
|  46|0x00000000a2e00000, 0x00000000a2f00000, 0x00000000a2f00000|100%| O|  |TAMS 0x00000000a2f00000, 0x00000000a2e00000| Untracked 
|  47|0x00000000a2f00000, 0x00000000a3000000, 0x00000000a3000000|100%| O|  |TAMS 0x00000000a2f71600, 0x00000000a2f00000| Untracked 
|  48|0x00000000a3000000, 0x00000000a3100000, 0x00000000a3100000|100%|HS|  |TAMS 0x00000000a3000000, 0x00000000a3000000| Complete 
|  49|0x00000000a3100000, 0x00000000a3200000, 0x00000000a3200000|100%|HS|  |TAMS 0x00000000a3100000, 0x00000000a3100000| Complete 
|  50|0x00000000a3200000, 0x00000000a3300000, 0x00000000a3300000|100%|HC|  |TAMS 0x00000000a3200000, 0x00000000a3200000| Complete 
|  51|0x00000000a3300000, 0x00000000a3400000, 0x00000000a3400000|100%| O|  |TAMS 0x00000000a3300000, 0x00000000a3300000| Untracked 
|  52|0x00000000a3400000, 0x00000000a3500000, 0x00000000a3500000|100%| O|  |TAMS 0x00000000a3400000, 0x00000000a3400000| Untracked 
|  53|0x00000000a3500000, 0x00000000a3600000, 0x00000000a3600000|100%| O|  |TAMS 0x00000000a3500000, 0x00000000a3500000| Untracked 
|  54|0x00000000a3600000, 0x00000000a3700000, 0x00000000a3700000|100%| O|  |TAMS 0x00000000a3600000, 0x00000000a3600000| Untracked 
|  55|0x00000000a3700000, 0x00000000a3800000, 0x00000000a3800000|100%| O|  |TAMS 0x00000000a3700000, 0x00000000a3700000| Untracked 
|  56|0x00000000a3800000, 0x00000000a3900000, 0x00000000a3900000|100%| O|  |TAMS 0x00000000a3800000, 0x00000000a3800000| Untracked 
|  57|0x00000000a3900000, 0x00000000a3a00000, 0x00000000a3a00000|100%| O|  |TAMS 0x00000000a3900000, 0x00000000a3900000| Untracked 
|  58|0x00000000a3a00000, 0x00000000a3b00000, 0x00000000a3b00000|100%| O|  |TAMS 0x00000000a3a00000, 0x00000000a3a00000| Untracked 
|  59|0x00000000a3b00000, 0x00000000a3c00000, 0x00000000a3c00000|100%| O|  |TAMS 0x00000000a3b00000, 0x00000000a3b00000| Untracked 
|  60|0x00000000a3c00000, 0x00000000a3d00000, 0x00000000a3d00000|100%| O|  |TAMS 0x00000000a3c00000, 0x00000000a3c00000| Untracked 
|  61|0x00000000a3d00000, 0x00000000a3e00000, 0x00000000a3e00000|100%| O|  |TAMS 0x00000000a3d00000, 0x00000000a3d00000| Untracked 
|  62|0x00000000a3e00000, 0x00000000a3f00000, 0x00000000a3f00000|100%| O|  |TAMS 0x00000000a3e00000, 0x00000000a3e00000| Untracked 
|  63|0x00000000a3f00000, 0x00000000a4000000, 0x00000000a4000000|100%| O|  |TAMS 0x00000000a3f00000, 0x00000000a3f00000| Untracked 
|  64|0x00000000a4000000, 0x00000000a4100000, 0x00000000a4100000|100%| O|  |TAMS 0x00000000a4000000, 0x00000000a4000000| Untracked 
|  65|0x00000000a4100000, 0x00000000a4200000, 0x00000000a4200000|100%| O|  |TAMS 0x00000000a4100000, 0x00000000a4100000| Untracked 
|  66|0x00000000a4200000, 0x00000000a4300000, 0x00000000a4300000|100%| O|  |TAMS 0x00000000a4200000, 0x00000000a4200000| Untracked 
|  67|0x00000000a4300000, 0x00000000a4400000, 0x00000000a4400000|100%| O|  |TAMS 0x00000000a4300000, 0x00000000a4300000| Untracked 
|  68|0x00000000a4400000, 0x00000000a4500000, 0x00000000a4500000|100%| O|  |TAMS 0x00000000a4400000, 0x00000000a4400000| Untracked 
|  69|0x00000000a4500000, 0x00000000a4600000, 0x00000000a4600000|100%| O|  |TAMS 0x00000000a4500000, 0x00000000a4500000| Untracked 
|  70|0x00000000a4600000, 0x00000000a4700000, 0x00000000a4700000|100%|HS|  |TAMS 0x00000000a4600000, 0x00000000a4600000| Complete 
|  71|0x00000000a4700000, 0x00000000a4800000, 0x00000000a4800000|100%| O|  |TAMS 0x00000000a4700000, 0x00000000a4700000| Untracked 
|  72|0x00000000a4800000, 0x00000000a4900000, 0x00000000a4900000|100%| O|  |TAMS 0x00000000a4800000, 0x00000000a4800000| Untracked 
|  73|0x00000000a4900000, 0x00000000a4a00000, 0x00000000a4a00000|100%| O|  |TAMS 0x00000000a4900000, 0x00000000a4900000| Untracked 
|  74|0x00000000a4a00000, 0x00000000a4b00000, 0x00000000a4b00000|100%| O|  |TAMS 0x00000000a4a00000, 0x00000000a4a00000| Untracked 
|  75|0x00000000a4b00000, 0x00000000a4c00000, 0x00000000a4c00000|100%| O|  |TAMS 0x00000000a4b00000, 0x00000000a4b00000| Untracked 
|  76|0x00000000a4c00000, 0x00000000a4d00000, 0x00000000a4d00000|100%| O|  |TAMS 0x00000000a4c00000, 0x00000000a4c00000| Untracked 
|  77|0x00000000a4d00000, 0x00000000a4e00000, 0x00000000a4e00000|100%| O|  |TAMS 0x00000000a4d00000, 0x00000000a4d00000| Untracked 
|  78|0x00000000a4e00000, 0x00000000a4f00000, 0x00000000a4f00000|100%| O|  |TAMS 0x00000000a4e00000, 0x00000000a4e00000| Untracked 
|  79|0x00000000a4f00000, 0x00000000a5000000, 0x00000000a5000000|100%| O|  |TAMS 0x00000000a4f00000, 0x00000000a4f00000| Untracked 
|  80|0x00000000a5000000, 0x00000000a5100000, 0x00000000a5100000|100%| O|  |TAMS 0x00000000a5000000, 0x00000000a5000000| Untracked 
|  81|0x00000000a5100000, 0x00000000a5200000, 0x00000000a5200000|100%| O|  |TAMS 0x00000000a5100000, 0x00000000a5100000| Untracked 
|  82|0x00000000a5200000, 0x00000000a5300000, 0x00000000a5300000|100%| O|  |TAMS 0x00000000a5200000, 0x00000000a5200000| Untracked 
|  83|0x00000000a5300000, 0x00000000a5400000, 0x00000000a5400000|100%| O|  |TAMS 0x00000000a5300000, 0x00000000a5300000| Untracked 
|  84|0x00000000a5400000, 0x00000000a5500000, 0x00000000a5500000|100%| O|  |TAMS 0x00000000a5400000, 0x00000000a5400000| Untracked 
|  85|0x00000000a5500000, 0x00000000a5600000, 0x00000000a5600000|100%| O|  |TAMS 0x00000000a5500000, 0x00000000a5500000| Untracked 
|  86|0x00000000a5600000, 0x00000000a5700000, 0x00000000a5700000|100%| O|  |TAMS 0x00000000a5600000, 0x00000000a5600000| Untracked 
|  87|0x00000000a5700000, 0x00000000a5800000, 0x00000000a5800000|100%| O|  |TAMS 0x00000000a5700000, 0x00000000a5700000| Untracked 
|  88|0x00000000a5800000, 0x00000000a5900000, 0x00000000a5900000|100%| O|  |TAMS 0x00000000a5800000, 0x00000000a5800000| Untracked 
|  89|0x00000000a5900000, 0x00000000a5a00000, 0x00000000a5a00000|100%| O|  |TAMS 0x00000000a5900000, 0x00000000a5900000| Untracked 
|  90|0x00000000a5a00000, 0x00000000a5b00000, 0x00000000a5b00000|100%| O|  |TAMS 0x00000000a5a00000, 0x00000000a5a00000| Untracked 
|  91|0x00000000a5b00000, 0x00000000a5c00000, 0x00000000a5c00000|100%| O|  |TAMS 0x00000000a5b00000, 0x00000000a5b00000| Untracked 
|  92|0x00000000a5c00000, 0x00000000a5c00000, 0x00000000a5d00000|  0%| F|  |TAMS 0x00000000a5c00000, 0x00000000a5c00000| Untracked 
|  93|0x00000000a5d00000, 0x00000000a5d00000, 0x00000000a5e00000|  0%| F|  |TAMS 0x00000000a5d00000, 0x00000000a5d00000| Untracked 
|  94|0x00000000a5e00000, 0x00000000a5e00000, 0x00000000a5f00000|  0%| F|  |TAMS 0x00000000a5e00000, 0x00000000a5e00000| Untracked 
|  95|0x00000000a5f00000, 0x00000000a5f00000, 0x00000000a6000000|  0%| F|  |TAMS 0x00000000a5f00000, 0x00000000a5f00000| Untracked 
|  96|0x00000000a6000000, 0x00000000a6000000, 0x00000000a6100000|  0%| F|  |TAMS 0x00000000a6000000, 0x00000000a6000000| Untracked 
|  97|0x00000000a6100000, 0x00000000a6100000, 0x00000000a6200000|  0%| F|  |TAMS 0x00000000a6100000, 0x00000000a6100000| Untracked 
|  98|0x00000000a6200000, 0x00000000a6200000, 0x00000000a6300000|  0%| F|  |TAMS 0x00000000a6200000, 0x00000000a6200000| Untracked 
|  99|0x00000000a6300000, 0x00000000a6300000, 0x00000000a6400000|  0%| F|  |TAMS 0x00000000a6300000, 0x00000000a6300000| Untracked 
| 100|0x00000000a6400000, 0x00000000a6400000, 0x00000000a6500000|  0%| F|  |TAMS 0x00000000a6400000, 0x00000000a6400000| Untracked 
| 101|0x00000000a6500000, 0x00000000a6500000, 0x00000000a6600000|  0%| F|  |TAMS 0x00000000a6500000, 0x00000000a6500000| Untracked 
| 102|0x00000000a6600000, 0x00000000a6600000, 0x00000000a6700000|  0%| F|  |TAMS 0x00000000a6600000, 0x00000000a6600000| Untracked 
| 103|0x00000000a6700000, 0x00000000a6700000, 0x00000000a6800000|  0%| F|  |TAMS 0x00000000a6700000, 0x00000000a6700000| Untracked 
| 104|0x00000000a6800000, 0x00000000a6800000, 0x00000000a6900000|  0%| F|  |TAMS 0x00000000a6800000, 0x00000000a6800000| Untracked 
| 105|0x00000000a6900000, 0x00000000a6900000, 0x00000000a6a00000|  0%| F|  |TAMS 0x00000000a6900000, 0x00000000a6900000| Untracked 
| 106|0x00000000a6a00000, 0x00000000a6a00000, 0x00000000a6b00000|  0%| F|  |TAMS 0x00000000a6a00000, 0x00000000a6a00000| Untracked 
| 107|0x00000000a6b00000, 0x00000000a6b00000, 0x00000000a6c00000|  0%| F|  |TAMS 0x00000000a6b00000, 0x00000000a6b00000| Untracked 
| 108|0x00000000a6c00000, 0x00000000a6c00000, 0x00000000a6d00000|  0%| F|  |TAMS 0x00000000a6c00000, 0x00000000a6c00000| Untracked 
| 109|0x00000000a6d00000, 0x00000000a6d00000, 0x00000000a6e00000|  0%| F|  |TAMS 0x00000000a6d00000, 0x00000000a6d00000| Untracked 
| 110|0x00000000a6e00000, 0x00000000a6e00000, 0x00000000a6f00000|  0%| F|  |TAMS 0x00000000a6e00000, 0x00000000a6e00000| Untracked 
| 111|0x00000000a6f00000, 0x00000000a6f00000, 0x00000000a7000000|  0%| F|  |TAMS 0x00000000a6f00000, 0x00000000a6f00000| Untracked 
| 112|0x00000000a7000000, 0x00000000a7000000, 0x00000000a7100000|  0%| F|  |TAMS 0x00000000a7000000, 0x00000000a7000000| Untracked 
| 113|0x00000000a7100000, 0x00000000a7100000, 0x00000000a7200000|  0%| F|  |TAMS 0x00000000a7100000, 0x00000000a7100000| Untracked 
| 114|0x00000000a7200000, 0x00000000a7200000, 0x00000000a7300000|  0%| F|  |TAMS 0x00000000a7200000, 0x00000000a7200000| Untracked 
| 115|0x00000000a7300000, 0x00000000a7300000, 0x00000000a7400000|  0%| F|  |TAMS 0x00000000a7300000, 0x00000000a7300000| Untracked 
| 116|0x00000000a7400000, 0x00000000a7400000, 0x00000000a7500000|  0%| F|  |TAMS 0x00000000a7400000, 0x00000000a7400000| Untracked 
| 117|0x00000000a7500000, 0x00000000a7500000, 0x00000000a7600000|  0%| F|  |TAMS 0x00000000a7500000, 0x00000000a7500000| Untracked 
| 118|0x00000000a7600000, 0x00000000a7600000, 0x00000000a7700000|  0%| F|  |TAMS 0x00000000a7600000, 0x00000000a7600000| Untracked 
| 119|0x00000000a7700000, 0x00000000a7700000, 0x00000000a7800000|  0%| F|  |TAMS 0x00000000a7700000, 0x00000000a7700000| Untracked 
| 120|0x00000000a7800000, 0x00000000a7800000, 0x00000000a7900000|  0%| F|  |TAMS 0x00000000a7800000, 0x00000000a7800000| Untracked 
| 121|0x00000000a7900000, 0x00000000a7900000, 0x00000000a7a00000|  0%| F|  |TAMS 0x00000000a7900000, 0x00000000a7900000| Untracked 
| 122|0x00000000a7a00000, 0x00000000a7a00000, 0x00000000a7b00000|  0%| F|  |TAMS 0x00000000a7a00000, 0x00000000a7a00000| Untracked 
| 123|0x00000000a7b00000, 0x00000000a7b00000, 0x00000000a7c00000|  0%| F|  |TAMS 0x00000000a7b00000, 0x00000000a7b00000| Untracked 
| 124|0x00000000a7c00000, 0x00000000a7c00000, 0x00000000a7d00000|  0%| F|  |TAMS 0x00000000a7c00000, 0x00000000a7c00000| Untracked 
| 125|0x00000000a7d00000, 0x00000000a7d00000, 0x00000000a7e00000|  0%| F|  |TAMS 0x00000000a7d00000, 0x00000000a7d00000| Untracked 
| 126|0x00000000a7e00000, 0x00000000a7e00000, 0x00000000a7f00000|  0%| F|  |TAMS 0x00000000a7e00000, 0x00000000a7e00000| Untracked 
| 127|0x00000000a7f00000, 0x00000000a7f00000, 0x00000000a8000000|  0%| F|  |TAMS 0x00000000a7f00000, 0x00000000a7f00000| Untracked 
| 128|0x00000000a8000000, 0x00000000a8000000, 0x00000000a8100000|  0%| F|  |TAMS 0x00000000a8000000, 0x00000000a8000000| Untracked 
| 129|0x00000000a8100000, 0x00000000a8100000, 0x00000000a8200000|  0%| F|  |TAMS 0x00000000a8100000, 0x00000000a8100000| Untracked 
| 130|0x00000000a8200000, 0x00000000a8200000, 0x00000000a8300000|  0%| F|  |TAMS 0x00000000a8200000, 0x00000000a8200000| Untracked 
| 131|0x00000000a8300000, 0x00000000a8300000, 0x00000000a8400000|  0%| F|  |TAMS 0x00000000a8300000, 0x00000000a8300000| Untracked 
| 132|0x00000000a8400000, 0x00000000a8400000, 0x00000000a8500000|  0%| F|  |TAMS 0x00000000a8400000, 0x00000000a8400000| Untracked 
| 133|0x00000000a8500000, 0x00000000a8500000, 0x00000000a8600000|  0%| F|  |TAMS 0x00000000a8500000, 0x00000000a8500000| Untracked 
| 134|0x00000000a8600000, 0x00000000a8600000, 0x00000000a8700000|  0%| F|  |TAMS 0x00000000a8600000, 0x00000000a8600000| Untracked 
| 135|0x00000000a8700000, 0x00000000a8700000, 0x00000000a8800000|  0%| F|  |TAMS 0x00000000a8700000, 0x00000000a8700000| Untracked 
| 136|0x00000000a8800000, 0x00000000a8800000, 0x00000000a8900000|  0%| F|  |TAMS 0x00000000a8800000, 0x00000000a8800000| Untracked 
| 137|0x00000000a8900000, 0x00000000a8900000, 0x00000000a8a00000|  0%| F|  |TAMS 0x00000000a8900000, 0x00000000a8900000| Untracked 
| 138|0x00000000a8a00000, 0x00000000a8a00000, 0x00000000a8b00000|  0%| F|  |TAMS 0x00000000a8a00000, 0x00000000a8a00000| Untracked 
| 139|0x00000000a8b00000, 0x00000000a8b00000, 0x00000000a8c00000|  0%| F|  |TAMS 0x00000000a8b00000, 0x00000000a8b00000| Untracked 
| 140|0x00000000a8c00000, 0x00000000a8c00000, 0x00000000a8d00000|  0%| F|  |TAMS 0x00000000a8c00000, 0x00000000a8c00000| Untracked 
| 141|0x00000000a8d00000, 0x00000000a8d00000, 0x00000000a8e00000|  0%| F|  |TAMS 0x00000000a8d00000, 0x00000000a8d00000| Untracked 
| 142|0x00000000a8e00000, 0x00000000a8e00000, 0x00000000a8f00000|  0%| F|  |TAMS 0x00000000a8e00000, 0x00000000a8e00000| Untracked 
| 143|0x00000000a8f00000, 0x00000000a8f00000, 0x00000000a9000000|  0%| F|  |TAMS 0x00000000a8f00000, 0x00000000a8f00000| Untracked 
| 144|0x00000000a9000000, 0x00000000a9000000, 0x00000000a9100000|  0%| F|  |TAMS 0x00000000a9000000, 0x00000000a9000000| Untracked 
| 145|0x00000000a9100000, 0x00000000a9100000, 0x00000000a9200000|  0%| F|  |TAMS 0x00000000a9100000, 0x00000000a9100000| Untracked 
| 146|0x00000000a9200000, 0x00000000a927eb30, 0x00000000a9300000| 49%| S|CS|TAMS 0x00000000a9200000, 0x00000000a9200000| Complete 
| 147|0x00000000a9300000, 0x00000000a9400000, 0x00000000a9400000|100%| S|CS|TAMS 0x00000000a9300000, 0x00000000a9300000| Complete 
| 148|0x00000000a9400000, 0x00000000a9500000, 0x00000000a9500000|100%| S|CS|TAMS 0x00000000a9400000, 0x00000000a9400000| Complete 
| 149|0x00000000a9500000, 0x00000000a9500000, 0x00000000a9600000|  0%| F|  |TAMS 0x00000000a9500000, 0x00000000a9500000| Untracked 
| 150|0x00000000a9600000, 0x00000000a9700000, 0x00000000a9700000|100%| S|CS|TAMS 0x00000000a9600000, 0x00000000a9600000| Complete 
| 151|0x00000000a9700000, 0x00000000a9800000, 0x00000000a9800000|100%| S|CS|TAMS 0x00000000a9700000, 0x00000000a9700000| Complete 
| 152|0x00000000a9800000, 0x00000000a9900000, 0x00000000a9900000|100%| S|CS|TAMS 0x00000000a9800000, 0x00000000a9800000| Complete 
| 153|0x00000000a9900000, 0x00000000a9a00000, 0x00000000a9a00000|100%| S|CS|TAMS 0x00000000a9900000, 0x00000000a9900000| Complete 
| 154|0x00000000a9a00000, 0x00000000a9b00000, 0x00000000a9b00000|100%| S|CS|TAMS 0x00000000a9a00000, 0x00000000a9a00000| Complete 
| 155|0x00000000a9b00000, 0x00000000a9c00000, 0x00000000a9c00000|100%| S|CS|TAMS 0x00000000a9b00000, 0x00000000a9b00000| Complete 
| 156|0x00000000a9c00000, 0x00000000a9d00000, 0x00000000a9d00000|100%| S|CS|TAMS 0x00000000a9c00000, 0x00000000a9c00000| Complete 
| 157|0x00000000a9d00000, 0x00000000a9e00000, 0x00000000a9e00000|100%| S|CS|TAMS 0x00000000a9d00000, 0x00000000a9d00000| Complete 
| 158|0x00000000a9e00000, 0x00000000a9e00000, 0x00000000a9f00000|  0%| F|  |TAMS 0x00000000a9e00000, 0x00000000a9e00000| Untracked 
| 159|0x00000000a9f00000, 0x00000000a9f00000, 0x00000000aa000000|  0%| F|  |TAMS 0x00000000a9f00000, 0x00000000a9f00000| Untracked 
| 160|0x00000000aa000000, 0x00000000aa000000, 0x00000000aa100000|  0%| F|  |TAMS 0x00000000aa000000, 0x00000000aa000000| Untracked 
| 161|0x00000000aa100000, 0x00000000aa100000, 0x00000000aa200000|  0%| F|  |TAMS 0x00000000aa100000, 0x00000000aa100000| Untracked 
| 162|0x00000000aa200000, 0x00000000aa200000, 0x00000000aa300000|  0%| F|  |TAMS 0x00000000aa200000, 0x00000000aa200000| Untracked 
| 163|0x00000000aa300000, 0x00000000aa300000, 0x00000000aa400000|  0%| F|  |TAMS 0x00000000aa300000, 0x00000000aa300000| Untracked 
| 164|0x00000000aa400000, 0x00000000aa400000, 0x00000000aa500000|  0%| F|  |TAMS 0x00000000aa400000, 0x00000000aa400000| Untracked 
| 165|0x00000000aa500000, 0x00000000aa500000, 0x00000000aa600000|  0%| F|  |TAMS 0x00000000aa500000, 0x00000000aa500000| Untracked 
| 166|0x00000000aa600000, 0x00000000aa600000, 0x00000000aa700000|  0%| F|  |TAMS 0x00000000aa600000, 0x00000000aa600000| Untracked 
| 167|0x00000000aa700000, 0x00000000aa700000, 0x00000000aa800000|  0%| F|  |TAMS 0x00000000aa700000, 0x00000000aa700000| Untracked 
| 168|0x00000000aa800000, 0x00000000aa800000, 0x00000000aa900000|  0%| F|  |TAMS 0x00000000aa800000, 0x00000000aa800000| Untracked 
| 169|0x00000000aa900000, 0x00000000aa900000, 0x00000000aaa00000|  0%| F|  |TAMS 0x00000000aa900000, 0x00000000aa900000| Untracked 
| 170|0x00000000aaa00000, 0x00000000aaa00000, 0x00000000aab00000|  0%| F|  |TAMS 0x00000000aaa00000, 0x00000000aaa00000| Untracked 
| 171|0x00000000aab00000, 0x00000000aab00000, 0x00000000aac00000|  0%| F|  |TAMS 0x00000000aab00000, 0x00000000aab00000| Untracked 
| 172|0x00000000aac00000, 0x00000000aac00000, 0x00000000aad00000|  0%| F|  |TAMS 0x00000000aac00000, 0x00000000aac00000| Untracked 
| 173|0x00000000aad00000, 0x00000000aad00000, 0x00000000aae00000|  0%| F|  |TAMS 0x00000000aad00000, 0x00000000aad00000| Untracked 
| 174|0x00000000aae00000, 0x00000000aae00000, 0x00000000aaf00000|  0%| F|  |TAMS 0x00000000aae00000, 0x00000000aae00000| Untracked 
| 175|0x00000000aaf00000, 0x00000000aaf00000, 0x00000000ab000000|  0%| F|  |TAMS 0x00000000aaf00000, 0x00000000aaf00000| Untracked 
| 176|0x00000000ab000000, 0x00000000ab000000, 0x00000000ab100000|  0%| F|  |TAMS 0x00000000ab000000, 0x00000000ab000000| Untracked 
| 177|0x00000000ab100000, 0x00000000ab100000, 0x00000000ab200000|  0%| F|  |TAMS 0x00000000ab100000, 0x00000000ab100000| Untracked 
| 178|0x00000000ab200000, 0x00000000ab200000, 0x00000000ab300000|  0%| F|  |TAMS 0x00000000ab200000, 0x00000000ab200000| Untracked 
| 179|0x00000000ab300000, 0x00000000ab300000, 0x00000000ab400000|  0%| F|  |TAMS 0x00000000ab300000, 0x00000000ab300000| Untracked 
| 180|0x00000000ab400000, 0x00000000ab400000, 0x00000000ab500000|  0%| F|  |TAMS 0x00000000ab400000, 0x00000000ab400000| Untracked 
| 181|0x00000000ab500000, 0x00000000ab500000, 0x00000000ab600000|  0%| F|  |TAMS 0x00000000ab500000, 0x00000000ab500000| Untracked 
| 182|0x00000000ab600000, 0x00000000ab600000, 0x00000000ab700000|  0%| F|  |TAMS 0x00000000ab600000, 0x00000000ab600000| Untracked 
| 183|0x00000000ab700000, 0x00000000ab700000, 0x00000000ab800000|  0%| F|  |TAMS 0x00000000ab700000, 0x00000000ab700000| Untracked 
| 184|0x00000000ab800000, 0x00000000ab800000, 0x00000000ab900000|  0%| F|  |TAMS 0x00000000ab800000, 0x00000000ab800000| Untracked 
| 185|0x00000000ab900000, 0x00000000ab900000, 0x00000000aba00000|  0%| F|  |TAMS 0x00000000ab900000, 0x00000000ab900000| Untracked 
| 186|0x00000000aba00000, 0x00000000aba00000, 0x00000000abb00000|  0%| F|  |TAMS 0x00000000aba00000, 0x00000000aba00000| Untracked 
| 187|0x00000000abb00000, 0x00000000abb00000, 0x00000000abc00000|  0%| F|  |TAMS 0x00000000abb00000, 0x00000000abb00000| Untracked 
| 188|0x00000000abc00000, 0x00000000abc00000, 0x00000000abd00000|  0%| F|  |TAMS 0x00000000abc00000, 0x00000000abc00000| Untracked 
| 189|0x00000000abd00000, 0x00000000abd00000, 0x00000000abe00000|  0%| F|  |TAMS 0x00000000abd00000, 0x00000000abd00000| Untracked 
| 190|0x00000000abe00000, 0x00000000abe00000, 0x00000000abf00000|  0%| F|  |TAMS 0x00000000abe00000, 0x00000000abe00000| Untracked 
| 191|0x00000000abf00000, 0x00000000abf00000, 0x00000000ac000000|  0%| F|  |TAMS 0x00000000abf00000, 0x00000000abf00000| Untracked 
| 192|0x00000000ac000000, 0x00000000ac000000, 0x00000000ac100000|  0%| F|  |TAMS 0x00000000ac000000, 0x00000000ac000000| Untracked 
| 193|0x00000000ac100000, 0x00000000ac100000, 0x00000000ac200000|  0%| F|  |TAMS 0x00000000ac100000, 0x00000000ac100000| Untracked 
| 194|0x00000000ac200000, 0x00000000ac200000, 0x00000000ac300000|  0%| F|  |TAMS 0x00000000ac200000, 0x00000000ac200000| Untracked 
| 195|0x00000000ac300000, 0x00000000ac300000, 0x00000000ac400000|  0%| F|  |TAMS 0x00000000ac300000, 0x00000000ac300000| Untracked 
| 196|0x00000000ac400000, 0x00000000ac400000, 0x00000000ac500000|  0%| F|  |TAMS 0x00000000ac400000, 0x00000000ac400000| Untracked 
| 197|0x00000000ac500000, 0x00000000ac500000, 0x00000000ac600000|  0%| F|  |TAMS 0x00000000ac500000, 0x00000000ac500000| Untracked 
| 198|0x00000000ac600000, 0x00000000ac600000, 0x00000000ac700000|  0%| F|  |TAMS 0x00000000ac600000, 0x00000000ac600000| Untracked 
| 199|0x00000000ac700000, 0x00000000ac700000, 0x00000000ac800000|  0%| F|  |TAMS 0x00000000ac700000, 0x00000000ac700000| Untracked 
| 200|0x00000000ac800000, 0x00000000ac800000, 0x00000000ac900000|  0%| F|  |TAMS 0x00000000ac800000, 0x00000000ac800000| Untracked 
| 201|0x00000000ac900000, 0x00000000ac900000, 0x00000000aca00000|  0%| F|  |TAMS 0x00000000ac900000, 0x00000000ac900000| Untracked 
| 202|0x00000000aca00000, 0x00000000aca00000, 0x00000000acb00000|  0%| F|  |TAMS 0x00000000aca00000, 0x00000000aca00000| Untracked 
| 203|0x00000000acb00000, 0x00000000acb00000, 0x00000000acc00000|  0%| F|  |TAMS 0x00000000acb00000, 0x00000000acb00000| Untracked 
| 204|0x00000000acc00000, 0x00000000acc00000, 0x00000000acd00000|  0%| F|  |TAMS 0x00000000acc00000, 0x00000000acc00000| Untracked 
| 205|0x00000000acd00000, 0x00000000acd00000, 0x00000000ace00000|  0%| F|  |TAMS 0x00000000acd00000, 0x00000000acd00000| Untracked 
| 206|0x00000000ace00000, 0x00000000ace00000, 0x00000000acf00000|  0%| F|  |TAMS 0x00000000ace00000, 0x00000000ace00000| Untracked 
| 207|0x00000000acf00000, 0x00000000acf00000, 0x00000000ad000000|  0%| F|  |TAMS 0x00000000acf00000, 0x00000000acf00000| Untracked 
| 208|0x00000000ad000000, 0x00000000ad000000, 0x00000000ad100000|  0%| F|  |TAMS 0x00000000ad000000, 0x00000000ad000000| Untracked 
| 209|0x00000000ad100000, 0x00000000ad100000, 0x00000000ad200000|  0%| F|  |TAMS 0x00000000ad100000, 0x00000000ad100000| Untracked 
| 210|0x00000000ad200000, 0x00000000ad200000, 0x00000000ad300000|  0%| F|  |TAMS 0x00000000ad200000, 0x00000000ad200000| Untracked 
| 211|0x00000000ad300000, 0x00000000ad300000, 0x00000000ad400000|  0%| F|  |TAMS 0x00000000ad300000, 0x00000000ad300000| Untracked 
| 212|0x00000000ad400000, 0x00000000ad400000, 0x00000000ad500000|  0%| F|  |TAMS 0x00000000ad400000, 0x00000000ad400000| Untracked 
| 213|0x00000000ad500000, 0x00000000ad500000, 0x00000000ad600000|  0%| F|  |TAMS 0x00000000ad500000, 0x00000000ad500000| Untracked 
| 214|0x00000000ad600000, 0x00000000ad600000, 0x00000000ad700000|  0%| F|  |TAMS 0x00000000ad600000, 0x00000000ad600000| Untracked 
| 215|0x00000000ad700000, 0x00000000ad700000, 0x00000000ad800000|  0%| F|  |TAMS 0x00000000ad700000, 0x00000000ad700000| Untracked 
| 216|0x00000000ad800000, 0x00000000ad800000, 0x00000000ad900000|  0%| F|  |TAMS 0x00000000ad800000, 0x00000000ad800000| Untracked 
| 217|0x00000000ad900000, 0x00000000ad900000, 0x00000000ada00000|  0%| F|  |TAMS 0x00000000ad900000, 0x00000000ad900000| Untracked 
| 218|0x00000000ada00000, 0x00000000ada00000, 0x00000000adb00000|  0%| F|  |TAMS 0x00000000ada00000, 0x00000000ada00000| Untracked 
| 219|0x00000000adb00000, 0x00000000adb00000, 0x00000000adc00000|  0%| F|  |TAMS 0x00000000adb00000, 0x00000000adb00000| Untracked 
| 220|0x00000000adc00000, 0x00000000adc00000, 0x00000000add00000|  0%| F|  |TAMS 0x00000000adc00000, 0x00000000adc00000| Untracked 
| 221|0x00000000add00000, 0x00000000add00000, 0x00000000ade00000|  0%| F|  |TAMS 0x00000000add00000, 0x00000000add00000| Untracked 
| 222|0x00000000ade00000, 0x00000000ade00000, 0x00000000adf00000|  0%| F|  |TAMS 0x00000000ade00000, 0x00000000ade00000| Untracked 
| 223|0x00000000adf00000, 0x00000000adf00000, 0x00000000ae000000|  0%| F|  |TAMS 0x00000000adf00000, 0x00000000adf00000| Untracked 
| 224|0x00000000ae000000, 0x00000000ae000000, 0x00000000ae100000|  0%| F|  |TAMS 0x00000000ae000000, 0x00000000ae000000| Untracked 
| 225|0x00000000ae100000, 0x00000000ae100000, 0x00000000ae200000|  0%| F|  |TAMS 0x00000000ae100000, 0x00000000ae100000| Untracked 
| 226|0x00000000ae200000, 0x00000000ae200000, 0x00000000ae300000|  0%| F|  |TAMS 0x00000000ae200000, 0x00000000ae200000| Untracked 
| 227|0x00000000ae300000, 0x00000000ae300000, 0x00000000ae400000|  0%| F|  |TAMS 0x00000000ae300000, 0x00000000ae300000| Untracked 
| 228|0x00000000ae400000, 0x00000000ae400000, 0x00000000ae500000|  0%| F|  |TAMS 0x00000000ae400000, 0x00000000ae400000| Untracked 
| 229|0x00000000ae500000, 0x00000000ae500000, 0x00000000ae600000|  0%| F|  |TAMS 0x00000000ae500000, 0x00000000ae500000| Untracked 
| 230|0x00000000ae600000, 0x00000000ae600000, 0x00000000ae700000|  0%| F|  |TAMS 0x00000000ae600000, 0x00000000ae600000| Untracked 
| 231|0x00000000ae700000, 0x00000000ae700000, 0x00000000ae800000|  0%| F|  |TAMS 0x00000000ae700000, 0x00000000ae700000| Untracked 
| 232|0x00000000ae800000, 0x00000000ae800000, 0x00000000ae900000|  0%| F|  |TAMS 0x00000000ae800000, 0x00000000ae800000| Untracked 
| 233|0x00000000ae900000, 0x00000000ae955b30, 0x00000000aea00000| 33%| E|  |TAMS 0x00000000ae900000, 0x00000000ae900000| Complete 
| 234|0x00000000aea00000, 0x00000000aeb00000, 0x00000000aeb00000|100%| E|CS|TAMS 0x00000000aea00000, 0x00000000aea00000| Complete 
| 235|0x00000000aeb00000, 0x00000000aec00000, 0x00000000aec00000|100%| E|CS|TAMS 0x00000000aeb00000, 0x00000000aeb00000| Complete 
| 236|0x00000000aec00000, 0x00000000aed00000, 0x00000000aed00000|100%| E|CS|TAMS 0x00000000aec00000, 0x00000000aec00000| Complete 
| 237|0x00000000aed00000, 0x00000000aee00000, 0x00000000aee00000|100%| E|CS|TAMS 0x00000000aed00000, 0x00000000aed00000| Complete 
| 238|0x00000000aee00000, 0x00000000aef00000, 0x00000000aef00000|100%| E|CS|TAMS 0x00000000aee00000, 0x00000000aee00000| Complete 
| 239|0x00000000aef00000, 0x00000000af000000, 0x00000000af000000|100%| E|CS|TAMS 0x00000000aef00000, 0x00000000aef00000| Complete 
| 240|0x00000000af000000, 0x00000000af100000, 0x00000000af100000|100%| E|CS|TAMS 0x00000000af000000, 0x00000000af000000| Complete 
| 241|0x00000000af100000, 0x00000000af200000, 0x00000000af200000|100%| E|CS|TAMS 0x00000000af100000, 0x00000000af100000| Complete 
| 242|0x00000000af200000, 0x00000000af300000, 0x00000000af300000|100%| E|CS|TAMS 0x00000000af200000, 0x00000000af200000| Complete 
| 243|0x00000000af300000, 0x00000000af400000, 0x00000000af400000|100%| E|CS|TAMS 0x00000000af300000, 0x00000000af300000| Complete 
| 244|0x00000000af400000, 0x00000000af500000, 0x00000000af500000|100%| E|CS|TAMS 0x00000000af400000, 0x00000000af400000| Complete 
| 245|0x00000000af500000, 0x00000000af600000, 0x00000000af600000|100%| E|CS|TAMS 0x00000000af500000, 0x00000000af500000| Complete 
| 246|0x00000000af600000, 0x00000000af700000, 0x00000000af700000|100%| E|CS|TAMS 0x00000000af600000, 0x00000000af600000| Complete 
| 247|0x00000000af700000, 0x00000000af800000, 0x00000000af800000|100%| E|CS|TAMS 0x00000000af700000, 0x00000000af700000| Complete 
| 248|0x00000000af800000, 0x00000000af900000, 0x00000000af900000|100%| E|CS|TAMS 0x00000000af800000, 0x00000000af800000| Complete 
| 249|0x00000000af900000, 0x00000000afa00000, 0x00000000afa00000|100%| E|CS|TAMS 0x00000000af900000, 0x00000000af900000| Complete 
| 250|0x00000000afa00000, 0x00000000afb00000, 0x00000000afb00000|100%| E|CS|TAMS 0x00000000afa00000, 0x00000000afa00000| Complete 
| 251|0x00000000afb00000, 0x00000000afc00000, 0x00000000afc00000|100%| E|CS|TAMS 0x00000000afb00000, 0x00000000afb00000| Complete 
| 252|0x00000000afc00000, 0x00000000afd00000, 0x00000000afd00000|100%| E|CS|TAMS 0x00000000afc00000, 0x00000000afc00000| Complete 
| 253|0x00000000afd00000, 0x00000000afe00000, 0x00000000afe00000|100%| E|CS|TAMS 0x00000000afd00000, 0x00000000afd00000| Complete 
| 254|0x00000000afe00000, 0x00000000aff00000, 0x00000000aff00000|100%| E|CS|TAMS 0x00000000afe00000, 0x00000000afe00000| Complete 
| 255|0x00000000aff00000, 0x00000000b0000000, 0x00000000b0000000|100%| E|CS|TAMS 0x00000000aff00000, 0x00000000aff00000| Complete 

Card table byte_map: [0x00000159e4080000,0x00000159e4380000] _byte_map_base: 0x00000159e3b80000

Marking Bits (Prev, Next): (CMBitMap*) 0x00000159cf482d80, (CMBitMap*) 0x00000159cf482d48
 Prev Bits: [0x00000159e5e80000, 0x00000159e7680000)
 Next Bits: [0x00000159e4680000, 0x00000159e5e80000)

Polling page: 0x00000159cf2e0000

Metaspace:

Usage:
  Non-class:     77.79 MB capacity,    76.01 MB ( 98%) used,     1.52 MB (  2%) free+waste,   259.88 KB ( <1%) overhead. 
      Class:     12.59 MB capacity,    11.59 MB ( 92%) used,   898.59 KB (  7%) free+waste,   121.31 KB ( <1%) overhead. 
       Both:     90.38 MB capacity,    87.61 MB ( 97%) used,     2.40 MB (  3%) free+waste,   381.19 KB ( <1%) overhead. 

Virtual space:
  Non-class space:       78.00 MB reserved,      78.00 MB (100%) committed 
      Class space:        1.00 GB reserved,      12.70 MB (  1%) committed 
             Both:        1.08 GB reserved,      90.70 MB (  8%) committed 

Chunk freelists:
   Non-Class:  27.00 KB
       Class:  3.00 KB
        Both:  30.00 KB

MaxMetaspaceSize: 17179869184.00 GB
CompressedClassSpaceSize: 1.00 GB

CodeHeap 'non-profiled nmethods': size=120064Kb used=5883Kb max_used=5883Kb free=114180Kb
 bounds [0x00000159dc220000, 0x00000159dc7e0000, 0x00000159e3760000]
CodeHeap 'profiled nmethods': size=120000Kb used=22693Kb max_used=22693Kb free=97306Kb
 bounds [0x00000159d4cf0000, 0x00000159d6320000, 0x00000159dc220000]
CodeHeap 'non-nmethods': size=5696Kb used=2299Kb max_used=2346Kb free=3396Kb
 bounds [0x00000159d4760000, 0x00000159d49d0000, 0x00000159d4cf0000]
 total_blobs=11312 nmethods=10423 adapters=800
 compilation: enabled
              stopped_count=0, restarted_count=0
 full_count=0

Compilation events (20 events):
Event: 22.680 Thread 0x00000159ea555000 10493       3       org.gradle.internal.remote.internal.inet.SocketConnection$SocketOutputStream::writeWithNonBlockingRetry (52 bytes)
Event: 22.681 Thread 0x00000159ea555000 nmethod 10493 0x00000159d630e990 code [0x00000159d630eb80, 0x00000159d630f028]
Event: 22.681 Thread 0x00000159ea555000 10489   !   3       sun.nio.ch.IOUtil::write (174 bytes)
Event: 22.682 Thread 0x00000159ea555000 nmethod 10489 0x00000159d630f210 code [0x00000159d630f480, 0x00000159d630fd28]
Event: 22.682 Thread 0x00000159ea555000 10490   !   3       sun.nio.ch.SocketChannelImpl::endWrite (49 bytes)
Event: 22.682 Thread 0x00000159ea555000 nmethod 10490 0x00000159d6310110 code [0x00000159d63102e0, 0x00000159d63106b8]
Event: 22.682 Thread 0x00000159ea555000 10495       3       org.gradle.internal.serialize.AbstractCollectionSerializer::write (52 bytes)
Event: 22.682 Thread 0x00000159ea555000 nmethod 10495 0x00000159d6310890 code [0x00000159d6310aa0, 0x00000159d6311118]
Event: 22.682 Thread 0x00000159ea555000 10491   !   3       org.gradle.internal.remote.internal.inet.SocketConnection::dispatch (134 bytes)
Event: 22.685 Thread 0x00000159ea555000 nmethod 10491 0x00000159d6311310 code [0x00000159d63118c0, 0x00000159d6314ca8]
Event: 22.685 Thread 0x00000159ea555000 10492   !   3       org.gradle.internal.remote.internal.inet.SocketConnection::flush (46 bytes)
Event: 22.686 Thread 0x00000159ea555000 nmethod 10492 0x00000159d6315d10 code [0x00000159d6315fc0, 0x00000159d6316d08]
Event: 22.686 Thread 0x00000159ea555000 10494       3       org.gradle.internal.serialize.AbstractCollectionSerializer::write (10 bytes)
Event: 22.686 Thread 0x00000159ea555000 nmethod 10494 0x00000159d6317210 code [0x00000159d63173e0, 0x00000159d63176a8]
Event: 22.686 Thread 0x00000159ea555000 10496       3       org.gradle.internal.serialize.kryo.KryoBackedEncoder::writeInt (9 bytes)
Event: 22.686 Thread 0x00000159ea555000 nmethod 10496 0x00000159d6317790 code [0x00000159d6317940, 0x00000159d6317a68]
Event: 22.686 Thread 0x00000159ea555000 10497       3       org.gradle.internal.logging.serializer.SpanSerializer::write (10 bytes)
Event: 22.687 Thread 0x00000159ea555000 nmethod 10497 0x00000159d6317b10 code [0x00000159d6317d00, 0x00000159d6318158]
Event: 22.774 Thread 0x00000159ea548000 nmethod 10378 0x00000159dc7d6b90 code [0x00000159dc7d7000, 0x00000159dc7da5f0]
Event: 22.774 Thread 0x00000159ea548000 10498       4       com.esotericsoftware.kryo.io.Output::writeVarInt (433 bytes)

GC Heap History (20 events):
Event: 4.304 GC heap before
{Heap before GC invocations=5 (full 0):
 garbage-first heap   total 262144K, used 67170K [0x00000000a0000000, 0x0000000100000000)
  region size 1024K, 51 young (52224K), 2 survivors (2048K)
 Metaspace       used 25900K, capacity 26438K, committed 26752K, reserved 1073152K
  class space    used 3378K, capacity 3593K, committed 3712K, reserved 1048576K
}
Event: 4.309 GC heap after
{Heap after GC invocations=6 (full 0):
 garbage-first heap   total 262144K, used 19032K [0x00000000a0000000, 0x0000000100000000)
  region size 1024K, 4 young (4096K), 4 survivors (4096K)
 Metaspace       used 25900K, capacity 26438K, committed 26752K, reserved 1073152K
  class space    used 3378K, capacity 3593K, committed 3712K, reserved 1048576K
}
Event: 5.270 GC heap before
{Heap before GC invocations=6 (full 0):
 garbage-first heap   total 262144K, used 84568K [0x00000000a0000000, 0x0000000100000000)
  region size 1024K, 69 young (70656K), 4 survivors (4096K)
 Metaspace       used 35012K, capacity 35787K, committed 35840K, reserved 1081344K
  class space    used 4531K, capacity 4840K, committed 4864K, reserved 1048576K
}
Event: 5.280 GC heap after
{Heap after GC invocations=7 (full 0):
 garbage-first heap   total 262144K, used 22501K [0x00000000a0000000, 0x0000000100000000)
  region size 1024K, 8 young (8192K), 8 survivors (8192K)
 Metaspace       used 35012K, capacity 35787K, committed 35840K, reserved 1081344K
  class space    used 4531K, capacity 4840K, committed 4864K, reserved 1048576K
}
Event: 6.336 GC heap before
{Heap before GC invocations=8 (full 0):
 garbage-first heap   total 262144K, used 105445K [0x00000000a0000000, 0x0000000100000000)
  region size 1024K, 87 young (89088K), 8 survivors (8192K)
 Metaspace       used 41407K, capacity 42399K, committed 42572K, reserved 1085440K
  class space    used 5307K, capacity 5690K, committed 5708K, reserved 1048576K
}
Event: 6.353 GC heap after
{Heap after GC invocations=9 (full 0):
 garbage-first heap   total 262144K, used 28509K [0x00000000a0000000, 0x0000000100000000)
  region size 1024K, 11 young (11264K), 11 survivors (11264K)
 Metaspace       used 41407K, capacity 42399K, committed 42572K, reserved 1085440K
  class space    used 5307K, capacity 5690K, committed 5708K, reserved 1048576K
}
Event: 8.390 GC heap before
{Heap before GC invocations=9 (full 0):
 garbage-first heap   total 262144K, used 169821K [0x00000000a0000000, 0x0000000100000000)
  region size 1024K, 140 young (143360K), 11 survivors (11264K)
 Metaspace       used 49004K, capacity 50368K, committed 50508K, reserved 1093632K
  class space    used 6221K, capacity 6698K, committed 6732K, reserved 1048576K
}
Event: 8.413 GC heap after
{Heap after GC invocations=10 (full 0):
 garbage-first heap   total 262144K, used 48717K [0x00000000a0000000, 0x0000000100000000)
  region size 1024K, 18 young (18432K), 18 survivors (18432K)
 Metaspace       used 49004K, capacity 50368K, committed 50508K, reserved 1093632K
  class space    used 6221K, capacity 6698K, committed 6732K, reserved 1048576K
}
Event: 9.535 GC heap before
{Heap before GC invocations=10 (full 0):
 garbage-first heap   total 262144K, used 124493K [0x00000000a0000000, 0x0000000100000000)
  region size 1024K, 93 young (95232K), 18 survivors (18432K)
 Metaspace       used 58513K, capacity 60049K, committed 60236K, reserved 1101824K
  class space    used 7439K, capacity 7983K, committed 8012K, reserved 1048576K
}
Event: 9.560 GC heap after
{Heap after GC invocations=11 (full 0):
 garbage-first heap   total 262144K, used 52165K [0x00000000a0000000, 0x0000000100000000)
  region size 1024K, 4 young (4096K), 4 survivors (4096K)
 Metaspace       used 58513K, capacity 60049K, committed 60236K, reserved 1101824K
  class space    used 7439K, capacity 7983K, committed 8012K, reserved 1048576K
}
Event: 11.149 GC heap before
{Heap before GC invocations=12 (full 0):
 garbage-first heap   total 262144K, used 158661K [0x00000000a0000000, 0x0000000100000000)
  region size 1024K, 108 young (110592K), 4 survivors (4096K)
 Metaspace       used 66889K, capacity 68573K, committed 68812K, reserved 1110016K
  class space    used 8500K, capacity 9106K, committed 9164K, reserved 1048576K
}
Event: 11.162 GC heap after
{Heap after GC invocations=13 (full 0):
 garbage-first heap   total 262144K, used 57797K [0x00000000a0000000, 0x0000000100000000)
  region size 1024K, 9 young (9216K), 9 survivors (9216K)
 Metaspace       used 66889K, capacity 68573K, committed 68812K, reserved 1110016K
  class space    used 8500K, capacity 9106K, committed 9164K, reserved 1048576K
}
Event: 12.209 GC heap before
{Heap before GC invocations=13 (full 0):
 garbage-first heap   total 262144K, used 172485K [0x00000000a0000000, 0x0000000100000000)
  region size 1024K, 119 young (121856K), 9 survivors (9216K)
 Metaspace       used 68460K, capacity 70472K, committed 70604K, reserved 1110016K
  class space    used 8707K, capacity 9369K, committed 9420K, reserved 1048576K
}
Event: 12.229 GC heap after
{Heap after GC invocations=14 (full 0):
 garbage-first heap   total 262144K, used 71110K [0x00000000a0000000, 0x0000000100000000)
  region size 1024K, 15 young (15360K), 15 survivors (15360K)
 Metaspace       used 68460K, capacity 70472K, committed 70604K, reserved 1110016K
  class space    used 8707K, capacity 9369K, committed 9420K, reserved 1048576K
}
Event: 13.653 GC heap before
{Heap before GC invocations=14 (full 0):
 garbage-first heap   total 262144K, used 180678K [0x00000000a0000000, 0x0000000100000000)
  region size 1024K, 122 young (124928K), 15 survivors (15360K)
 Metaspace       used 75672K, capacity 77745K, committed 78028K, reserved 1116160K
  class space    used 9875K, capacity 10611K, committed 10700K, reserved 1048576K
}
Event: 13.679 GC heap after
{Heap after GC invocations=15 (full 0):
 garbage-first heap   total 262144K, used 80423K [0x00000000a0000000, 0x0000000100000000)
  region size 1024K, 9 young (9216K), 9 survivors (9216K)
 Metaspace       used 75672K, capacity 77745K, committed 78028K, reserved 1116160K
  class space    used 9875K, capacity 10611K, committed 10700K, reserved 1048576K
}
Event: 15.549 GC heap before
{Heap before GC invocations=15 (full 0):
 garbage-first heap   total 262144K, used 188967K [0x00000000a0000000, 0x0000000100000000)
  region size 1024K, 115 young (117760K), 9 survivors (9216K)
 Metaspace       used 81923K, capacity 84403K, committed 84684K, reserved 1122304K
  class space    used 10745K, capacity 11664K, committed 11724K, reserved 1048576K
}
Event: 15.574 GC heap after
{Heap after GC invocations=16 (full 0):
 garbage-first heap   total 262144K, used 94145K [0x00000000a0000000, 0x0000000100000000)
  region size 1024K, 13 young (13312K), 13 survivors (13312K)
 Metaspace       used 81923K, capacity 84403K, committed 84684K, reserved 1122304K
  class space    used 10745K, capacity 11664K, committed 11724K, reserved 1048576K
}
Event: 17.252 GC heap before
{Heap before GC invocations=16 (full 0):
 garbage-first heap   total 262144K, used 193473K [0x00000000a0000000, 0x0000000100000000)
  region size 1024K, 111 young (113664K), 13 survivors (13312K)
 Metaspace       used 88879K, capacity 91576K, committed 91852K, reserved 1128448K
  class space    used 11736K, capacity 12716K, committed 12748K, reserved 1048576K
}
Event: 17.279 GC heap after
{Heap after GC invocations=17 (full 0):
 garbage-first heap   total 262144K, used 104954K [0x00000000a0000000, 0x0000000100000000)
  region size 1024K, 11 young (11264K), 11 survivors (11264K)
 Metaspace       used 88879K, capacity 91576K, committed 91852K, reserved 1128448K
  class space    used 11736K, capacity 12716K, committed 12748K, reserved 1048576K
}

Deoptimization events (20 events):
Event: 17.439 Thread 0x00000159ee349800 Uncommon trap: trap_request=0xffffffde fr.pc=0x00000159dc7b73bc relative=0x0000000000000f9c
Event: 17.439 Thread 0x00000159ee349800 Uncommon trap: reason=class_check action=maybe_recompile pc=0x00000159dc7b73bc method=org.gradle.internal.snapshot.ChildMap$Entry.handleAncestorDescendantOrExactMatch(Lorg/gradle/internal/snapshot/VfsRelativePath;Lorg/gradle/internal/snapshot/CaseSensitiv
Event: 17.439 Thread 0x00000159ee349800 DEOPT PACKING pc=0x00000159dc7b73bc sp=0x0000000138cfa4d0
Event: 17.439 Thread 0x00000159ee349800 DEOPT UNPACKING pc=0x00000159d4787aaf sp=0x0000000138cfa4a8 mode 2
Event: 17.441 Thread 0x00000159ee349800 Uncommon trap: trap_request=0xffffffde fr.pc=0x00000159dc7b74dc relative=0x00000000000010bc
Event: 17.441 Thread 0x00000159ee349800 Uncommon trap: reason=class_check action=maybe_recompile pc=0x00000159dc7b74dc method=org.gradle.internal.snapshot.ChildMap$Entry.handleAncestorDescendantOrExactMatch(Lorg/gradle/internal/snapshot/VfsRelativePath;Lorg/gradle/internal/snapshot/CaseSensitiv
Event: 17.441 Thread 0x00000159ee349800 DEOPT PACKING pc=0x00000159dc7b74dc sp=0x0000000138cfa750
Event: 17.441 Thread 0x00000159ee349800 DEOPT UNPACKING pc=0x00000159d4787aaf sp=0x0000000138cfa720 mode 2
Event: 17.441 Thread 0x00000159ee349800 Uncommon trap: trap_request=0xffffffde fr.pc=0x00000159dc7b74dc relative=0x00000000000010bc
Event: 17.441 Thread 0x00000159ee349800 Uncommon trap: reason=class_check action=maybe_recompile pc=0x00000159dc7b74dc method=org.gradle.internal.snapshot.ChildMap$Entry.handleAncestorDescendantOrExactMatch(Lorg/gradle/internal/snapshot/VfsRelativePath;Lorg/gradle/internal/snapshot/CaseSensitiv
Event: 17.441 Thread 0x00000159ee349800 DEOPT PACKING pc=0x00000159dc7b74dc sp=0x0000000138cfa780
Event: 17.441 Thread 0x00000159ee349800 DEOPT UNPACKING pc=0x00000159d4787aaf sp=0x0000000138cfa750 mode 2
Event: 17.441 Thread 0x00000159ee349800 Uncommon trap: trap_request=0xffffffc6 fr.pc=0x00000159dc7b73a8 relative=0x0000000000000f88
Event: 17.441 Thread 0x00000159ee349800 Uncommon trap: reason=bimorphic_or_optimized_type_check action=maybe_recompile pc=0x00000159dc7b73a8 method=org.gradle.internal.snapshot.ChildMap$Entry.handleAncestorDescendantOrExactMatch(Lorg/gradle/internal/snapshot/VfsRelativePath;Lorg/gradle/internal
Event: 17.441 Thread 0x00000159ee349800 DEOPT PACKING pc=0x00000159dc7b73a8 sp=0x0000000138cfb1c0
Event: 17.441 Thread 0x00000159ee349800 DEOPT UNPACKING pc=0x00000159d4787aaf sp=0x0000000138cfb190 mode 2
Event: 22.578 Thread 0x00000159ee34e000 DEOPT PACKING pc=0x00000159d6194d07 sp=0x0000000138ffeaf0
Event: 22.578 Thread 0x00000159ee34e000 DEOPT UNPACKING pc=0x00000159d47878ce sp=0x0000000138ffe068 mode 0
Event: 22.589 Thread 0x00000159ee34e000 DEOPT PACKING pc=0x00000159d6194d07 sp=0x0000000138ffeb30
Event: 22.589 Thread 0x00000159ee34e000 DEOPT UNPACKING pc=0x00000159d47878ce sp=0x0000000138ffe090 mode 0

Classes redefined (0 events):
No events

Internal exceptions (20 events):
Event: 17.470 Thread 0x00000159ee349800 Exception <a 'java/lang/ClassNotFoundException'{0x00000000af1d5e90}: org/gradle/process/internal/DefaultExecActionBeanInfo> (0x00000000af1d5e90) thrown at [./src/hotspot/share/classfile/systemDictionary.cpp, line 231]
Event: 17.471 Thread 0x00000159ee349800 Exception <a 'java/lang/ClassNotFoundException'{0x00000000af007ea0}: org/gradle/process/internal/DefaultExecHandleBuilderBeanInfo> (0x00000000af007ea0) thrown at [./src/hotspot/share/classfile/systemDictionary.cpp, line 231]
Event: 17.472 Thread 0x00000159ee349800 Exception <a 'java/lang/ClassNotFoundException'{0x00000000af03a040}: org/gradle/process/internal/AbstractExecHandleBuilderBeanInfo> (0x00000000af03a040) thrown at [./src/hotspot/share/classfile/systemDictionary.cpp, line 231]
Event: 17.472 Thread 0x00000159ee349800 Exception <a 'java/lang/ClassNotFoundException'{0x00000000af06ca38}: org/gradle/process/internal/DefaultProcessForkOptionsBeanInfo> (0x00000000af06ca38) thrown at [./src/hotspot/share/classfile/systemDictionary.cpp, line 231]
Event: 17.472 Thread 0x00000159ee349800 Exception <a 'java/lang/ClassNotFoundException'{0x00000000af09f4f0}: org/gradle/process/internal/DefaultProcessForkOptionsCustomizer> (0x00000000af09f4f0) thrown at [./src/hotspot/share/classfile/systemDictionary.cpp, line 231]
Event: 17.474 Thread 0x00000159ee349800 Exception <a 'java/lang/ClassNotFoundException'{0x00000000af0dedd8}: org/gradle/process/internal/AbstractExecHandleBuilderCustomizer> (0x00000000af0dedd8) thrown at [./src/hotspot/share/classfile/systemDictionary.cpp, line 231]
Event: 17.475 Thread 0x00000159ee349800 Exception <a 'java/lang/ClassNotFoundException'{0x00000000aef22e08}: org/gradle/process/internal/DefaultExecHandleBuilderCustomizer> (0x00000000aef22e08) thrown at [./src/hotspot/share/classfile/systemDictionary.cpp, line 231]
Event: 17.476 Thread 0x00000159ee349800 Exception <a 'java/lang/ClassNotFoundException'{0x00000000aef7dfd8}: org/gradle/process/internal/DefaultExecActionCustomizer> (0x00000000aef7dfd8) thrown at [./src/hotspot/share/classfile/systemDictionary.cpp, line 231]
Event: 17.477 Thread 0x00000159ee349800 Exception <a 'java/lang/ClassNotFoundException'{0x00000000aefb8fb8}: org/gradle/process/internal/DefaultExecAction_DecoratedCustomizer> (0x00000000aefb8fb8) thrown at [./src/hotspot/share/classfile/systemDictionary.cpp, line 231]
Event: 17.479 Thread 0x00000159ee349800 Exception <a 'java/lang/ClassNotFoundException'{0x00000000aee118d0}: org/gradle/api/logging/LogLevelBeanInfo> (0x00000000aee118d0) thrown at [./src/hotspot/share/classfile/systemDictionary.cpp, line 231]
Event: 17.480 Thread 0x00000159ee349800 Exception <a 'java/lang/ClassNotFoundException'{0x00000000aee3ae48}: org/gradle/api/logging/LogLevelCustomizer> (0x00000000aee3ae48) thrown at [./src/hotspot/share/classfile/systemDictionary.cpp, line 231]
Event: 17.483 Thread 0x00000159ee349800 Exception <a 'java/lang/ClassNotFoundException'{0x00000000aeeaa678}: org/gradle/internal/logging/services/DefaultLoggingManagerBeanInfo> (0x00000000aeeaa678) thrown at [./src/hotspot/share/classfile/systemDictionary.cpp, line 231]
Event: 17.484 Thread 0x00000159ee349800 Exception <a 'java/lang/ClassNotFoundException'{0x00000000aeedd920}: org/gradle/internal/logging/services/DefaultLoggingManagerCustomizer> (0x00000000aeedd920) thrown at [./src/hotspot/share/classfile/systemDictionary.cpp, line 231]
Event: 17.486 Thread 0x00000159ee349800 Exception <a 'java/lang/ClassNotFoundException'{0x00000000aed17988}: java/lang/BooleanBeanInfo> (0x00000000aed17988) thrown at [./src/hotspot/share/classfile/systemDictionary.cpp, line 231]
Event: 17.486 Thread 0x00000159ee349800 Exception <a 'java/lang/ClassNotFoundException'{0x00000000aed216c0}: java/lang/BooleanCustomizer> (0x00000000aed216c0) thrown at [./src/hotspot/share/classfile/systemDictionary.cpp, line 231]
Event: 17.503 Thread 0x00000159ee34d800 Exception <a 'java/lang/NoSuchMethodError'{0x00000000aed9af78}: 'void java.lang.invoke.DirectMethodHandle$Holder.invokeStatic(java.lang.Object, long)'> (0x00000000aed9af78) thrown at [./src/hotspot/share/interpreter/linkResolver.cpp, line 773]
Event: 17.504 Thread 0x00000159ee34d800 Exception <a 'java/lang/NoSuchMethodError'{0x00000000aed9fee8}: 'java.lang.Object java.lang.invoke.DirectMethodHandle$Holder.invokeStatic(java.lang.Object, long)'> (0x00000000aed9fee8) thrown at [./src/hotspot/share/interpreter/linkResolver.cpp, line 773]
Event: 17.505 Thread 0x00000159ee34d800 Exception <a 'java/lang/NoSuchMethodError'{0x00000000aedae3f8}: 'java.lang.Object java.lang.invoke.DirectMethodHandle$Holder.invokeStaticInit(java.lang.Object, java.lang.Object, long, java.lang.Object)'> (0x00000000aedae3f8) thrown at [./src/hotspot/share/interpreter/linkResolver.cpp, line 773]
Event: 17.506 Thread 0x00000159ee34d800 Exception <a 'java/lang/NoSuchMethodError'{0x00000000aedb4530}: 'java.lang.Object java.lang.invoke.DirectMethodHandle$Holder.invokeStatic(java.lang.Object, java.lang.Object, long)'> (0x00000000aedb4530) thrown at [./src/hotspot/share/interpreter/linkResolver.cpp, line 773]
Event: 17.506 Thread 0x00000159ee34d800 Exception <a 'java/lang/NoSuchMethodError'{0x00000000aedba800}: 'java.lang.Object java.lang.invoke.Invokers$Holder.linkToTargetMethod(java.lang.Object, long, java.lang.Object)'> (0x00000000aedba800) thrown at [./src/hotspot/share/interpreter/linkResolver.cpp, line 773]

Events (20 events):
Event: 17.507 loading class java/lang/Process$PipeInputStream
Event: 17.507 loading class java/lang/Process$PipeInputStream done
Event: 17.507 Executing VM operation: Deoptimize
Event: 17.508 Executing VM operation: Deoptimize done
Event: 17.508 loading class org/gradle/process/internal/streams/ExecOutputHandleRunner
Event: 17.508 loading class org/gradle/process/internal/streams/ExecOutputHandleRunner done
Event: 17.510 Thread 0x00000159ee34e000 Thread added: 0x00000159ee34e000
Event: 17.510 Thread 0x00000159ee350000 Thread added: 0x00000159ee350000
Event: 18.460 Thread 0x00000159ee221800 Thread exited: 0x00000159ee221800
Event: 22.501 loading class org/gradle/internal/logging/events/StyledTextOutputEvent$Span
Event: 22.501 loading class org/gradle/internal/logging/events/StyledTextOutputEvent$Span done
Event: 22.501 loading class org/gradle/internal/logging/events/operations/StyledTextBuildOperationProgressDetails$Span
Event: 22.501 loading class org/gradle/internal/logging/events/operations/StyledTextBuildOperationProgressDetails$Span done
Event: 22.501 loading class org/gradle/internal/operations/logging/StyledTextBuildOperationProgressDetails$Span
Event: 22.501 loading class org/gradle/internal/operations/logging/StyledTextBuildOperationProgressDetails$Span done
Event: 22.501 Executing VM operation: RevokeBias
Event: 22.502 Executing VM operation: RevokeBias done
Event: 22.502 Executing VM operation: RevokeBias
Event: 22.502 Executing VM operation: RevokeBias done
Event: 22.583 Thread 0x00000159ee221800 Thread added: 0x00000159ee221800


Dynamic libraries:
0x00007ff70bfd0000 - 0x00007ff70bfda000 	C:\Program Files\Android\Android Studio\jre\bin\java.exe
0x00007ffe1bb90000 - 0x00007ffe1bd88000 	C:\WINDOWS\SYSTEM32\ntdll.dll
0x00007ffe1b900000 - 0x00007ffe1b9bd000 	C:\WINDOWS\System32\KERNEL32.DLL
0x00007ffe197f0000 - 0x00007ffe19ae6000 	C:\WINDOWS\System32\KERNELBASE.dll
0x00007ffe196f0000 - 0x00007ffe197f0000 	C:\WINDOWS\System32\ucrtbase.dll
0x00007ffdeaf40000 - 0x00007ffdeaf59000 	C:\Program Files\Android\Android Studio\jre\bin\jli.dll
0x00007ffdeae80000 - 0x00007ffdeae97000 	C:\Program Files\Android\Android Studio\jre\bin\VCRUNTIME140.dll
0x00007ffe1a460000 - 0x00007ffe1a5fe000 	C:\WINDOWS\System32\USER32.dll
0x00007ffe19af0000 - 0x00007ffe19b12000 	C:\WINDOWS\System32\win32u.dll
0x00007ffe00d00000 - 0x00007ffe00f9a000 	C:\WINDOWS\WinSxS\amd64_microsoft.windows.common-controls_6595b64144ccf1df_6.0.19041.3636_none_60b6a03d71f818d5\COMCTL32.dll
0x00007ffe1a6e0000 - 0x00007ffe1a70b000 	C:\WINDOWS\System32\GDI32.dll
0x00007ffe1b9d0000 - 0x00007ffe1ba6e000 	C:\WINDOWS\System32\msvcrt.dll
0x00007ffe192e0000 - 0x00007ffe193f7000 	C:\WINDOWS\System32\gdi32full.dll
0x00007ffe19240000 - 0x00007ffe192dd000 	C:\WINDOWS\System32\msvcp_win.dll
0x00007ffe1a720000 - 0x00007ffe1a752000 	C:\WINDOWS\System32\IMM32.DLL
0x00007ffdcb920000 - 0x00007ffdcb9bd000 	C:\Program Files\Android\Android Studio\jre\bin\msvcp140.dll
0x00007ffd9e120000 - 0x00007ffd9ebef000 	C:\Program Files\Android\Android Studio\jre\bin\server\jvm.dll
0x00007ffe1a760000 - 0x00007ffe1a810000 	C:\WINDOWS\System32\ADVAPI32.dll
0x00007ffe19bc0000 - 0x00007ffe19c60000 	C:\WINDOWS\System32\sechost.dll
0x00007ffe19d20000 - 0x00007ffe19e45000 	C:\WINDOWS\System32\RPCRT4.dll
0x00007ffe19b90000 - 0x00007ffe19bb7000 	C:\WINDOWS\System32\bcrypt.dll
0x00007ffe1a710000 - 0x00007ffe1a718000 	C:\WINDOWS\System32\PSAPI.DLL
0x00007ffe11760000 - 0x00007ffe11769000 	C:\WINDOWS\SYSTEM32\WSOCK32.dll
0x00007ffe1b130000 - 0x00007ffe1b19b000 	C:\WINDOWS\System32\WS2_32.dll
0x00007ffe037c0000 - 0x00007ffe037e7000 	C:\WINDOWS\SYSTEM32\WINMM.dll
0x00007ffe0f880000 - 0x00007ffe0f88a000 	C:\WINDOWS\SYSTEM32\VERSION.dll
0x00007ffe17a90000 - 0x00007ffe17aa2000 	C:\WINDOWS\SYSTEM32\kernel.appcore.dll
0x00007ffe06630000 - 0x00007ffe06641000 	C:\Program Files\Android\Android Studio\jre\bin\verify.dll
0x00007ffe17820000 - 0x00007ffe17a04000 	C:\WINDOWS\SYSTEM32\DBGHELP.DLL
0x00007ffdfeb00000 - 0x00007ffdfeb34000 	C:\WINDOWS\SYSTEM32\dbgcore.DLL
0x00007ffe19660000 - 0x00007ffe196e2000 	C:\WINDOWS\System32\bcryptPrimitives.dll
0x00007ffe05560000 - 0x00007ffe05589000 	C:\Program Files\Android\Android Studio\jre\bin\java.dll
0x00007ffe10940000 - 0x00007ffe1094b000 	C:\Program Files\Android\Android Studio\jre\bin\jimage.dll
0x00007ffde4ff0000 - 0x00007ffde5008000 	C:\Program Files\Android\Android Studio\jre\bin\zip.dll
0x00007ffe1a810000 - 0x00007ffe1af7b000 	C:\WINDOWS\System32\SHELL32.dll
0x00007ffe16fc0000 - 0x00007ffe1775e000 	C:\WINDOWS\SYSTEM32\windows.storage.dll
0x00007ffe1b470000 - 0x00007ffe1b7c3000 	C:\WINDOWS\System32\combase.dll
0x00007ffe18ac0000 - 0x00007ffe18aee000 	C:\WINDOWS\SYSTEM32\Wldp.dll
0x00007ffe1b830000 - 0x00007ffe1b8fd000 	C:\WINDOWS\System32\OLEAUT32.dll
0x00007ffe1b360000 - 0x00007ffe1b40d000 	C:\WINDOWS\System32\SHCORE.dll
0x00007ffe1b7d0000 - 0x00007ffe1b825000 	C:\WINDOWS\System32\shlwapi.dll
0x00007ffe19170000 - 0x00007ffe19195000 	C:\WINDOWS\SYSTEM32\profapi.dll
0x00007ffe011d0000 - 0x00007ffe011ea000 	C:\Program Files\Android\Android Studio\jre\bin\net.dll
0x00007ffe07810000 - 0x00007ffe0791a000 	C:\WINDOWS\SYSTEM32\WINHTTP.dll
0x00007ffe188a0000 - 0x00007ffe1890a000 	C:\WINDOWS\system32\mswsock.dll
0x00007ffe011b0000 - 0x00007ffe011c4000 	C:\Program Files\Android\Android Studio\jre\bin\nio.dll
0x00007ffe11820000 - 0x00007ffe11847000 	C:\Users\Arona\.gradle\native\e1d6ef7f7dcc3fd88c89a11ec53ec762bb8ba0a96d01ffa2cd45eb1d1d8dd5c5\windows-amd64\native-platform.dll
0x00007ffd9d6d0000 - 0x00007ffd9d814000 	C:\Users\Arona\.gradle\native\0d407fdbe67a94daf76414ababcb853783967236a71b16ec16e742cd7a986fd3\windows-amd64\native-platform-file-events.dll
0x00007ffe10580000 - 0x00007ffe1058a000 	C:\Program Files\Android\Android Studio\jre\bin\management.dll
0x00007ffe0ec70000 - 0x00007ffe0ec7c000 	C:\Program Files\Android\Android Studio\jre\bin\management_ext.dll
0x00007ffe18b00000 - 0x00007ffe18b18000 	C:\WINDOWS\SYSTEM32\CRYPTSP.dll
0x00007ffe181f0000 - 0x00007ffe18224000 	C:\WINDOWS\system32\rsaenh.dll
0x00007ffe190f0000 - 0x00007ffe1911e000 	C:\WINDOWS\SYSTEM32\USERENV.dll
0x00007ffe18a30000 - 0x00007ffe18a3c000 	C:\WINDOWS\SYSTEM32\CRYPTBASE.dll
0x00007ffe185b0000 - 0x00007ffe185eb000 	C:\WINDOWS\SYSTEM32\IPHLPAPI.DLL
0x00007ffe19c60000 - 0x00007ffe19c68000 	C:\WINDOWS\System32\NSI.dll
0x00007ffe0b730000 - 0x00007ffe0b747000 	C:\WINDOWS\SYSTEM32\dhcpcsvc6.DLL
0x00007ffe0dce0000 - 0x00007ffe0dcfd000 	C:\WINDOWS\SYSTEM32\dhcpcsvc.DLL
0x00007ffe185f0000 - 0x00007ffe186bb000 	C:\WINDOWS\SYSTEM32\DNSAPI.dll

dbghelp: loaded successfully - version: 4.0.5 - missing functions: none
symbol engine: initialized successfully - sym options: 0x614 - pdb path: .;C:\Program Files\Android\Android Studio\jre\bin;C:\WINDOWS\SYSTEM32;C:\WINDOWS\WinSxS\amd64_microsoft.windows.common-controls_6595b64144ccf1df_6.0.19041.3636_none_60b6a03d71f818d5;C:\Program Files\Android\Android Studio\jre\bin\server;C:\Users\Arona\.gradle\native\e1d6ef7f7dcc3fd88c89a11ec53ec762bb8ba0a96d01ffa2cd45eb1d1d8dd5c5\windows-amd64;C:\Users\Arona\.gradle\native\0d407fdbe67a94daf76414ababcb853783967236a71b16ec16e742cd7a986fd3\windows-amd64

VM Arguments:
jvm_args: --add-opens=java.base/java.util=ALL-UNNAMED --add-opens=java.base/java.lang=ALL-UNNAMED --add-opens=java.base/java.lang.invoke=ALL-UNNAMED --add-opens=java.base/java.util=ALL-UNNAMED --add-opens=java.prefs/java.util.prefs=ALL-UNNAMED --add-opens=java.prefs/java.util.prefs=ALL-UNNAMED --add-opens=java.base/java.nio.charset=ALL-UNNAMED --add-opens=java.base/java.net=ALL-UNNAMED --add-opens=java.base/java.util.concurrent.atomic=ALL-UNNAMED -Xmx1536M -Dfile.encoding=windows-1252 -Duser.country=US -Duser.language=en -Duser.variant 
java_command: org.gradle.launcher.daemon.bootstrap.GradleDaemon 7.4
java_class_path (initial): C:\Users\Arona\.gradle\wrapper\dists\gradle-7.4-all\aadb4xli5jkdsnukm30eibyiu\gradle-7.4\lib\gradle-launcher-7.4.jar
Launcher Type: SUN_STANDARD

[Global flags]
     intx CICompilerCount                          = 3                                         {product} {ergonomic}
     uint ConcGCThreads                            = 1                                         {product} {ergonomic}
     uint G1ConcRefinementThreads                  = 4                                         {product} {ergonomic}
   size_t G1HeapRegionSize                         = 1048576                                   {product} {ergonomic}
    uintx GCDrainStackTargetSize                   = 64                                        {product} {ergonomic}
   size_t InitialHeapSize                          = 268435456                                 {product} {ergonomic}
   size_t MarkStackSize                            = 4194304                                   {product} {ergonomic}
   size_t MaxHeapSize                              = 1610612736                                {product} {command line}
   size_t MaxNewSize                               = 965738496                                 {product} {ergonomic}
   size_t MinHeapDeltaBytes                        = 1048576                                   {product} {ergonomic}
    uintx NonNMethodCodeHeapSize                   = 5830732                                {pd product} {ergonomic}
    uintx NonProfiledCodeHeapSize                  = 122913754                              {pd product} {ergonomic}
    uintx ProfiledCodeHeapSize                     = 122913754                              {pd product} {ergonomic}
    uintx ReservedCodeCacheSize                    = 251658240                              {pd product} {ergonomic}
     bool SegmentedCodeCache                       = true                                      {product} {ergonomic}
     bool UseCompressedClassPointers               = true                                 {lp64_product} {ergonomic}
     bool UseCompressedOops                        = true                                 {lp64_product} {ergonomic}
     bool UseG1GC                                  = true                                      {product} {ergonomic}
     bool UseLargePagesIndividualAllocation        = false                                  {pd product} {ergonomic}

Logging:
Log output configuration:
 #0: stdout all=warning uptime,level,tags
 #1: stderr all=off uptime,level,tags

Environment Variables:
JAVA_HOME=C:\Program Files\Android\Android Studio\jre
CLASSPATH=C:\Users\Arona\StudioProjects\GetRest\android\\gradle\wrapper\gradle-wrapper.jar
PATH=C:\Program Files\Python36\Scripts\;C:\Program Files\Python36\;C:\Program Files\Common Files\Oracle\Java\javapath;C:\Program Files (x86)\Common Files\Intel\Shared Libraries\redist\intel64_win\compiler;C:\WINDOWS\system32;C:\WINDOWS;C:\WINDOWS\System32\Wbem;C:\WINDOWS\System32\WindowsPowerShell\v1.0\;C:\WINDOWS\System32\OpenSSH\;C:\Program Files\dotnet\;C:\Program Files (x86)\Microsoft SQL Server\hms\100\Tools\Binn\;C:\Program Files\Microsoft SQL Server\Hms\100\Tools\Binn\;C:\Program Files\Microsoft SQL Server\Hms\100\DTS\Binn\;C:\Program Files (x86)\Microsoft SQL Server\110\Tools\Binn\;C:\Program Files\Microsoft SQL Server\110\Tools\Binn\;C:\Program Files\Microsoft SQL Server\110\DTS\Binn\;C:\Program Files\Microsoft SQL Server\120\Tools\Binn\;C:\Program Files\Common Files\Autodesk Shared\;C:\Program Files\Microsoft SQL Server\Client SDK\ODBC\170\Tools\Binn\;C:\Program Files (x86)\Microsoft SQL Server\150\Tools\Binn\;C:\Program Files\Microsoft SQL Server\150\Tools\Binn\;C:\Program Files\Microsoft SQL Server\150\DTS\Binn\;C:\Program Files (x86)\NVIDIA Corporation\PhysX\Common;C:\Program Files\NVIDIA Corporation\NVIDIA NvDLISR;C:\Program Files (x86)\dotnet\;C:\adb;C:\apktool;C:\Program Files\Docker\Docker\resources\bin;D:\Git\cmd;C:\Program Files\nodejs\;C:\Program Files (x86)\Microsoft SQL Server\150\DTS\Binn\;C:\Program Files\Azure Data Studio\bin;C:\Program Files\PuTTY\;C:\Program Files\Java\jdk-19\bin;C:\Users\Arona\AppData\Local\Microsoft\WindowsApps;C:\Users\Arona\.dotnet\tools;D:\src\flutter\bin;C:\Users\Arona\AppData\Roaming\npm;C:\Program Files\Azure Data Studio\bin;C:\xampp\php;C:\Users\Arona\AppData\Local\Programs\Microsoft VS Code\bin;D:\src\flutter\bin\mingit\cmd
USERNAME=Arona
OS=Windows_NT
PROCESSOR_IDENTIFIER=Intel64 Family 6 Model 142 Stepping 9, GenuineIntel



---------------  S Y S T E M  ---------------

OS: Windows 10 , 64 bit Build 19041 (10.0.19041.3636)
OS uptime: 0 days 12:13 hours
Hyper-V role detected

CPU:total 4 (initial active 4) (2 cores per cpu, 2 threads per core) family 6 model 142 stepping 9 microcode 0xf0, cmov, cx8, fxsr, mmx, sse, sse2, sse3, ssse3, sse4.1, sse4.2, popcnt, avx, avx2, aes, clmul, erms, 3dnowpref, lzcnt, ht, tsc, tscinvbit, bmi1, bmi2, adx, fma

Memory: 4k page, system-wide physical 16285M (2110M free)
TotalPageFile size 16285M (AvailPageFile size 5M)
current process WorkingSet (physical memory assigned to process): 499M, peak: 514M
current process commit charge ("private bytes"): 547M, peak: 562M

vm_info: OpenJDK 64-Bit Server VM (11.0.10+0-b96-7249189) for windows-amd64 JRE (11.0.10+0-b96-7249189), built on Mar 31 2021 21:44:00 by "builder" with MS VC++ 14.0 (VS2015)

END.
