#
# There is insufficient memory for the Java Runtime Environment to continue.
# Native memory allocation (malloc) failed to allocate 32744 bytes for ChunkPool::allocate
# Possible reasons:
#   The system is out of physical RAM or swap space
#   The process is running with CompressedOops enabled, and the Java Heap may be blocking the growth of the native heap
# Possible solutions:
#   Reduce memory load on the system
#   Increase physical memory or swap space
#   Check if swap backing store is full
#   Decrease Java heap size (-Xmx/-Xms)
#   Decrease number of Java threads
#   Decrease Java thread stack sizes (-Xss)
#   Set larger code cache with -XX:ReservedCodeCacheSize=
#   JVM is running with Unscaled Compressed Oops mode in which the Java heap is
#     placed in the first 4GB address space. The Java Heap base address is the
#     maximum limit for the native heap growth. Please use -XX:HeapBaseMinAddress
#     to set the Java Heap base and to place the Java Heap above 4GB virtual address.
# This output file may be truncated or incomplete.
#
#  Out of Memory Error (./src/hotspot/share/memory/arena.cpp:81), pid=13912, tid=14836
#
# JRE version: OpenJDK Runtime Environment (11.0.10) (build 11.0.10+0-b96-7249189)
# Java VM: OpenJDK 64-Bit Server VM (11.0.10+0-b96-7249189, mixed mode, tiered, compressed oops, g1 gc, windows-amd64)
# No core dump will be written. Minidumps are not enabled by default on client versions of Windows
#

---------------  S U M M A R Y ------------

Command Line: --add-opens=java.base/java.util=ALL-UNNAMED --add-opens=java.base/java.lang=ALL-UNNAMED --add-opens=java.base/java.lang.invoke=ALL-UNNAMED --add-opens=java.base/java.util=ALL-UNNAMED --add-opens=java.prefs/java.util.prefs=ALL-UNNAMED --add-opens=java.prefs/java.util.prefs=ALL-UNNAMED --add-opens=java.base/java.nio.charset=ALL-UNNAMED --add-opens=java.base/java.net=ALL-UNNAMED --add-opens=java.base/java.util.concurrent.atomic=ALL-UNNAMED -Xmx1536M -Dfile.encoding=windows-1252 -Duser.country=US -Duser.language=en -Duser.variant org.gradle.launcher.daemon.bootstrap.GradleDaemon 7.4

Host: Intel(R) Core(TM) i7-7500U CPU @ 2.70GHz, 4 cores, 15G,  Windows 10 , 64 bit Build 19041 (10.0.19041.3636)
Time: Sat Jan 11 11:12:41 2025 E. Africa Standard Time elapsed time: 4247.578013 seconds (0d 1h 10m 47s)

---------------  T H R E A D  ---------------

Current thread (0x0000023d7f4d0800):  VMThread "VM Thread" [stack: 0x0000006b2d200000,0x0000006b2d300000] [id=14836]

Stack: [0x0000006b2d200000,0x0000006b2d300000]
[error occurred during error reporting (printing stack bounds), id 0xc0000005, EXCEPTION_ACCESS_VIOLATION (0xc0000005) at pc=0x0000023d69ea0f2d]

Native frames: (J=compiled Java code, j=interpreted, Vv=VM code, C=native code)
V  [jvm.dll+0x5ecfaa]
V  [jvm.dll+0x722bd5]
V  [jvm.dll+0x72412d]
V  [jvm.dll+0x724745]
V  [jvm.dll+0x7246fb]
V  [jvm.dll+0x5ec348]
V  [jvm.dll+0x5ecad8]
C  [ntdll.dll+0xa23af]
C  [ntdll.dll+0x514b4]
C  [ntdll.dll+0xa0ebe]
C  0x0000023d69ea0f2d

VM_Operation (0x0000006b303ff840): RevokeBias, mode: safepoint, requested by thread 0x0000023d02014800


---------------  P R O C E S S  ---------------

Threads class SMR info:
_java_thread_list=0x0000023d05b8ba90, length=79, elements={
0x0000023d663b8000, 0x0000023d7f4d5800, 0x0000023d7f4d7000, 0x0000023d7f556800,
0x0000023d7f559000, 0x0000023d7f55a000, 0x0000023d7f55d000, 0x0000023d7f560000,
0x0000023d7f5cd000, 0x0000023d7f6db800, 0x0000023d01d27800, 0x0000023d7f8ce800,
0x0000023d017f2800, 0x0000023d01ae8000, 0x0000023d01ae6800, 0x0000023d01aeb000,
0x0000023d01ae7000, 0x0000023d01aed000, 0x0000023d02efc000, 0x0000023d02efd800,
0x0000023d02eff000, 0x0000023d02efb000, 0x0000023d02f06000, 0x0000023d02f05000,
0x0000023d055f9800, 0x0000023d02018800, 0x0000023d02012000, 0x0000023d0200e000,
0x0000023d035fb800, 0x0000023d035ff800, 0x0000023d03600800, 0x0000023d035fd000,
0x0000023d035fa000, 0x0000023d035fa800, 0x0000023d035fe800, 0x0000023d03601000,
0x0000023d03602000, 0x0000023d03607800, 0x0000023d03608800, 0x0000023d03605000,
0x0000023d03603000, 0x0000023d0200f800, 0x0000023d02010800, 0x0000023d02013000,
0x0000023d0200d800, 0x0000023d02011800, 0x0000023d02014000, 0x0000023d02014800,
0x0000023d0200f000, 0x0000023d02015800, 0x0000023d02016800, 0x0000023d02018000,
0x0000023d0201b000, 0x0000023d02019800, 0x0000023d0201a800, 0x0000023d02017000,
0x0000023d0201c000, 0x0000023d055f2000, 0x0000023d055f3800, 0x0000023d055ee000,
0x0000023d055f4800, 0x0000023d055ee800, 0x0000023d055f3000, 0x0000023d055f5000,
0x0000023d055ef800, 0x0000023d055f0800, 0x0000023d055f6000, 0x0000023d055f7000,
0x0000023d055f1000, 0x0000023d055f8800, 0x0000023d055fa000, 0x0000023d055fc000,
0x0000023d055f7800, 0x0000023d02efa800, 0x0000023d02f04000, 0x0000023d02f00000,
0x0000023d02f01000, 0x0000023d02f07800, 0x0000023d0609f800
}

Java Threads: ( => current thread )
  0x0000023d663b8000 JavaThread "main" [_thread_blocked, id=14228, stack(0x0000006b2cc00000,0x0000006b2cd00000)]
  0x0000023d7f4d5800 JavaThread "Reference Handler" daemon [_thread_blocked, id=11896, stack(0x0000006b2d300000,0x0000006b2d400000)]
  0x0000023d7f4d7000 JavaThread "Finalizer" daemon [_thread_blocked, id=17464, stack(0x0000006b2d400000,0x0000006b2d500000)]
  0x0000023d7f556800 JavaThread "Signal Dispatcher" daemon [_thread_blocked, id=9716, stack(0x0000006b2d500000,0x0000006b2d600000)]
  0x0000023d7f559000 JavaThread "Attach Listener" daemon [_thread_blocked, id=12468, stack(0x0000006b2d600000,0x0000006b2d700000)]
  0x0000023d7f55a000 JavaThread "Service Thread" daemon [_thread_blocked, id=16936, stack(0x0000006b2d700000,0x0000006b2d800000)]
  0x0000023d7f55d000 JavaThread "C2 CompilerThread0" daemon [_thread_in_native, id=6840, stack(0x0000006b2d800000,0x0000006b2d900000)]
  0x0000023d7f560000 JavaThread "C1 CompilerThread0" daemon [_thread_blocked, id=18272, stack(0x0000006b2d900000,0x0000006b2da00000)]
  0x0000023d7f5cd000 JavaThread "Sweeper thread" daemon [_thread_blocked, id=3308, stack(0x0000006b2da00000,0x0000006b2db00000)]
  0x0000023d7f6db800 JavaThread "Common-Cleaner" daemon [_thread_blocked, id=10816, stack(0x0000006b2db00000,0x0000006b2dc00000)]
  0x0000023d01d27800 JavaThread "Daemon health stats" [_thread_blocked, id=13268, stack(0x0000006b2e100000,0x0000006b2e200000)]
  0x0000023d7f8ce800 JavaThread "Incoming local TCP Connector on port 63523" [_thread_in_native, id=18296, stack(0x0000006b2dd00000,0x0000006b2de00000)]
  0x0000023d017f2800 JavaThread "Daemon periodic checks" [_thread_blocked, id=16116, stack(0x0000006b2e200000,0x0000006b2e300000)]
  0x0000023d01ae8000 JavaThread "Cache worker for journal cache (C:\Users\Arona\.gradle\caches\journal-1)" [_thread_blocked, id=8780, stack(0x0000006b2ea00000,0x0000006b2eb00000)]
  0x0000023d01ae6800 JavaThread "File lock request listener" [_thread_in_native, id=15508, stack(0x0000006b2eb00000,0x0000006b2ec00000)]
  0x0000023d01aeb000 JavaThread "Cache worker for file hash cache (C:\Users\Arona\.gradle\caches\7.4\fileHashes)" [_thread_blocked, id=17700, stack(0x0000006b2ec00000,0x0000006b2ed00000)]
  0x0000023d01ae7000 JavaThread "File watcher server" daemon [_thread_in_native, id=10604, stack(0x0000006b2ee00000,0x0000006b2ef00000)]
  0x0000023d01aed000 JavaThread "File watcher consumer" daemon [_thread_blocked, id=6604, stack(0x0000006b2ef00000,0x0000006b2f000000)]
  0x0000023d02efc000 JavaThread "Cache worker for execution history cache (C:\Users\Arona\.gradle\caches\7.4\executionHistory)" [_thread_blocked, id=2404, stack(0x0000006b2f400000,0x0000006b2f500000)]
  0x0000023d02efd800 JavaThread "jar transforms" [_thread_blocked, id=2360, stack(0x0000006b2f500000,0x0000006b2f600000)]
  0x0000023d02eff000 JavaThread "jar transforms Thread 2" [_thread_blocked, id=8856, stack(0x0000006b2f600000,0x0000006b2f700000)]
  0x0000023d02efb000 JavaThread "Cache worker for file content cache (C:\Users\Arona\.gradle\caches\7.4\fileContent)" [_thread_blocked, id=15632, stack(0x0000006b2f700000,0x0000006b2f800000)]
  0x0000023d02f06000 JavaThread "jar transforms Thread 3" [_thread_blocked, id=7640, stack(0x0000006b2f800000,0x0000006b2f900000)]
  0x0000023d02f05000 JavaThread "jar transforms Thread 4" [_thread_blocked, id=19172, stack(0x0000006b2f900000,0x0000006b2fa00000)]
  0x0000023d055f9800 JavaThread "Memory manager" [_thread_blocked, id=16524, stack(0x0000006b32400000,0x0000006b32500000)]
  0x0000023d02018800 JavaThread "ForkJoinPool.commonPool-worker-1" daemon [_thread_blocked, id=11056, stack(0x0000006b32f00000,0x0000006b33000000)]
  0x0000023d02012000 JavaThread "Daemon Thread 3" [_thread_blocked, id=11112, stack(0x0000006b2c900000,0x0000006b2ca00000)]
  0x0000023d0200e000 JavaThread "Daemon worker Thread 3" [_thread_blocked, id=8652, stack(0x0000006b2e300000,0x0000006b2e400000)]
  0x0000023d035fb800 JavaThread "included builds" [_thread_blocked, id=17816, stack(0x0000006b32200000,0x0000006b32300000)]
  0x0000023d035ff800 JavaThread "Exec process Thread 7" [_thread_blocked, id=8380, stack(0x0000006b32800000,0x0000006b32900000)]
  0x0000023d03600800 JavaThread "Exec process Thread 8" [_thread_blocked, id=19008, stack(0x0000006b32900000,0x0000006b32a00000)]
  0x0000023d035fd000 JavaThread "Exec process Thread 9" [_thread_blocked, id=16488, stack(0x0000006b32a00000,0x0000006b32b00000)]
  0x0000023d035fa000 JavaThread "Handler for socket connection from /127.0.0.1:63523 to /127.0.0.1:57866" [_thread_in_native, id=11884, stack(0x0000006b2ca00000,0x0000006b2cb00000)]
  0x0000023d035fa800 JavaThread "Cancel handler" [_thread_blocked, id=6724, stack(0x0000006b2cb00000,0x0000006b2cc00000)]
  0x0000023d035fe800 JavaThread "Asynchronous log dispatcher for DefaultDaemonConnection: socket connection from /127.0.0.1:63523 to /127.0.0.1:57866" [_thread_blocked, id=18192, stack(0x0000006b2e400000,0x0000006b2e500000)]
  0x0000023d03601000 JavaThread "Stdin handler" [_thread_blocked, id=20080, stack(0x0000006b2e500000,0x0000006b2e600000)]
  0x0000023d03602000 JavaThread "Daemon client event forwarder" [_thread_blocked, id=6824, stack(0x0000006b2e600000,0x0000006b2e700000)]
  0x0000023d03607800 JavaThread "Unconstrained build operations" [_thread_blocked, id=19044, stack(0x0000006b2f300000,0x0000006b2f400000)]
  0x0000023d03608800 JavaThread "Unconstrained build operations Thread 2" [_thread_blocked, id=6632, stack(0x0000006b2fa00000,0x0000006b2fb00000)]
  0x0000023d03605000 JavaThread "Unconstrained build operations Thread 3" [_thread_blocked, id=8132, stack(0x0000006b2fb00000,0x0000006b2fc00000)]
  0x0000023d03603000 JavaThread "Unconstrained build operations Thread 4" [_thread_blocked, id=10916, stack(0x0000006b2fc00000,0x0000006b2fd00000)]
  0x0000023d0200f800 JavaThread "Unconstrained build operations Thread 5" [_thread_blocked, id=20172, stack(0x0000006b2fd00000,0x0000006b2fe00000)]
  0x0000023d02010800 JavaThread "Unconstrained build operations Thread 6" [_thread_blocked, id=16884, stack(0x0000006b2fe00000,0x0000006b2ff00000)]
  0x0000023d02013000 JavaThread "Unconstrained build operations Thread 7" [_thread_blocked, id=4052, stack(0x0000006b2ff00000,0x0000006b30000000)]
  0x0000023d0200d800 JavaThread "Unconstrained build operations Thread 8" [_thread_blocked, id=7044, stack(0x0000006b30000000,0x0000006b30100000)]
  0x0000023d02011800 JavaThread "Unconstrained build operations Thread 9" [_thread_blocked, id=11052, stack(0x0000006b30100000,0x0000006b30200000)]
  0x0000023d02014000 JavaThread "Unconstrained build operations Thread 10" [_thread_blocked, id=10768, stack(0x0000006b30200000,0x0000006b30300000)]
  0x0000023d02014800 JavaThread "Unconstrained build operations Thread 11" [_thread_blocked, id=4504, stack(0x0000006b30300000,0x0000006b30400000)]
  0x0000023d0200f000 JavaThread "Unconstrained build operations Thread 12" [_thread_blocked, id=20464, stack(0x0000006b30400000,0x0000006b30500000)]
  0x0000023d02015800 JavaThread "Unconstrained build operations Thread 13" [_thread_blocked, id=556, stack(0x0000006b30500000,0x0000006b30600000)]
  0x0000023d02016800 JavaThread "Unconstrained build operations Thread 14" [_thread_blocked, id=18444, stack(0x0000006b30600000,0x0000006b30700000)]
  0x0000023d02018000 JavaThread "Unconstrained build operations Thread 15" [_thread_blocked, id=15420, stack(0x0000006b30700000,0x0000006b30800000)]
  0x0000023d0201b000 JavaThread "Unconstrained build operations Thread 16" [_thread_blocked, id=18628, stack(0x0000006b30800000,0x0000006b30900000)]
  0x0000023d02019800 JavaThread "Unconstrained build operations Thread 17" [_thread_blocked, id=10592, stack(0x0000006b30900000,0x0000006b30a00000)]
  0x0000023d0201a800 JavaThread "Unconstrained build operations Thread 18" [_thread_blocked, id=5436, stack(0x0000006b30a00000,0x0000006b30b00000)]
  0x0000023d02017000 JavaThread "Unconstrained build operations Thread 19" [_thread_blocked, id=18152, stack(0x0000006b30b00000,0x0000006b30c00000)]
  0x0000023d0201c000 JavaThread "Unconstrained build operations Thread 20" [_thread_blocked, id=3340, stack(0x0000006b30c00000,0x0000006b30d00000)]
  0x0000023d055f2000 JavaThread "Unconstrained build operations Thread 21" [_thread_blocked, id=11212, stack(0x0000006b30d00000,0x0000006b30e00000)]
  0x0000023d055f3800 JavaThread "Unconstrained build operations Thread 22" [_thread_blocked, id=17028, stack(0x0000006b30e00000,0x0000006b30f00000)]
  0x0000023d055ee000 JavaThread "Unconstrained build operations Thread 23" [_thread_blocked, id=19416, stack(0x0000006b30f00000,0x0000006b31000000)]
  0x0000023d055f4800 JavaThread "Unconstrained build operations Thread 24" [_thread_blocked, id=15808, stack(0x0000006b31000000,0x0000006b31100000)]
  0x0000023d055ee800 JavaThread "Unconstrained build operations Thread 25" [_thread_blocked, id=508, stack(0x0000006b31100000,0x0000006b31200000)]
  0x0000023d055f3000 JavaThread "Unconstrained build operations Thread 26" [_thread_blocked, id=14736, stack(0x0000006b31200000,0x0000006b31300000)]
  0x0000023d055f5000 JavaThread "Unconstrained build operations Thread 27" [_thread_blocked, id=19032, stack(0x0000006b31300000,0x0000006b31400000)]
  0x0000023d055ef800 JavaThread "Unconstrained build operations Thread 28" [_thread_blocked, id=18508, stack(0x0000006b31400000,0x0000006b31500000)]
  0x0000023d055f0800 JavaThread "Unconstrained build operations Thread 29" [_thread_blocked, id=6872, stack(0x0000006b31500000,0x0000006b31600000)]
  0x0000023d055f6000 JavaThread "Unconstrained build operations Thread 30" [_thread_blocked, id=17176, stack(0x0000006b31600000,0x0000006b31700000)]
  0x0000023d055f7000 JavaThread "Unconstrained build operations Thread 31" [_thread_blocked, id=5184, stack(0x0000006b31700000,0x0000006b31800000)]
  0x0000023d055f1000 JavaThread "Unconstrained build operations Thread 32" [_thread_blocked, id=16120, stack(0x0000006b31800000,0x0000006b31900000)]
  0x0000023d055f8800 JavaThread "Unconstrained build operations Thread 33" [_thread_blocked, id=8624, stack(0x0000006b31900000,0x0000006b31a00000)]
  0x0000023d055fa000 JavaThread "Unconstrained build operations Thread 34" [_thread_blocked, id=13048, stack(0x0000006b31a00000,0x0000006b31b00000)]
  0x0000023d055fc000 JavaThread "Unconstrained build operations Thread 35" [_thread_blocked, id=18720, stack(0x0000006b31b00000,0x0000006b31c00000)]
  0x0000023d055f7800 JavaThread "Unconstrained build operations Thread 36" [_thread_blocked, id=14864, stack(0x0000006b31c00000,0x0000006b31d00000)]
  0x0000023d02efa800 JavaThread "Unconstrained build operations Thread 37" [_thread_blocked, id=10352, stack(0x0000006b31d00000,0x0000006b31e00000)]
  0x0000023d02f04000 JavaThread "Unconstrained build operations Thread 38" [_thread_blocked, id=19084, stack(0x0000006b31e00000,0x0000006b31f00000)]
  0x0000023d02f00000 JavaThread "Unconstrained build operations Thread 39" [_thread_blocked, id=18596, stack(0x0000006b31f00000,0x0000006b32000000)]
  0x0000023d02f01000 JavaThread "Unconstrained build operations Thread 40" [_thread_blocked, id=17444, stack(0x0000006b32000000,0x0000006b32100000)]
  0x0000023d02f07800 JavaThread "included builds" [_thread_blocked, id=15896, stack(0x0000006b32500000,0x0000006b32600000)]
  0x0000023d0609f800 JavaThread "C2 CompilerThread1" daemon [_thread_blocked, id=6584, stack(0x0000006b2f000000,0x0000006b2f100000)]

Other Threads:
=>0x0000023d7f4d0800 VMThread "VM Thread" [stack: 0x0000006b2d200000,0x0000006b2d300000] [id=14836]
  0x0000023d7f6f1000 WatcherThread [stack: 0x0000006b2dc00000,0x0000006b2dd00000] [id=5528]
  0x0000023d663d1000 GCTaskThread "GC Thread#0" [stack: 0x0000006b2cd00000,0x0000006b2ce00000] [id=6368]
  0x0000023d0032e000 GCTaskThread "GC Thread#1" [stack: 0x0000006b2de00000,0x0000006b2df00000] [id=4740]
  0x0000023d7f799800 GCTaskThread "GC Thread#2" [stack: 0x0000006b2df00000,0x0000006b2e000000] [id=4756]
  0x0000023d003f7000 GCTaskThread "GC Thread#3" [stack: 0x0000006b2e000000,0x0000006b2e100000] [id=16520]
  0x0000023d663f6800 ConcurrentGCThread "G1 Main Marker" [stack: 0x0000006b2ce00000,0x0000006b2cf00000] [id=9544]
  0x0000023d663f8000 ConcurrentGCThread "G1 Conc#0" [stack: 0x0000006b2cf00000,0x0000006b2d000000] [id=920]
  0x0000023d7eb30800 ConcurrentGCThread "G1 Refine#0" [stack: 0x0000006b2d000000,0x0000006b2d100000] [id=17556]
  0x0000023d7f67b000 ConcurrentGCThread "G1 Refine#1" [stack: 0x0000006b32300000,0x0000006b32400000] [id=9784]
  0x0000023d7eb31000 ConcurrentGCThread "G1 Young RemSet Sampling" [stack: 0x0000006b2d100000,0x0000006b2d200000] [id=8768]

Threads with active compile tasks:
C2 CompilerThread04247616 17954  s!   4       org.gradle.internal.service.DefaultServiceRegistry$ManagedObjectServiceProvider::stop (59 bytes)
C1 CompilerThread04247616 17979   !   3       java.lang.Thread::interrupt (56 bytes)
C2 CompilerThread14247616 17964   !   4       java.io.ObjectOutputStream::writeObject0 (619 bytes)

VM state:at safepoint (normal execution)

VM Mutex/Monitor currently owned by a thread:  ([mutex/lock_event])
[0x0000023d663b3fc0] Threads_lock - owner thread: 0x0000023d7f4d0800

Heap address: 0x00000000a0000000, size: 1536 MB, Compressed Oops mode: 32-bit
Narrow klass base: 0x0000000000000000, Narrow klass shift: 3
Compressed class space size: 1073741824 Address: 0x0000000100000000

Heap:
 garbage-first heap   total 286720K, used 199655K [0x00000000a0000000, 0x0000000100000000)
  region size 1024K, 81 young (82944K), 2 survivors (2048K)
 Metaspace       used 105628K, capacity 109184K, committed 109320K, reserved 1144832K
  class space    used 13582K, capacity 14838K, committed 14848K, reserved 1048576K
Heap Regions: E=young(eden), S=young(survivor), O=old, HS=humongous(starts), HC=humongous(continues), CS=collection set, F=free, A=archive, TAMS=top-at-mark-start (previous, next)
|   0|0x00000000a0000000, 0x00000000a0100000, 0x00000000a0100000|100%|HS|  |TAMS 0x00000000a0100000, 0x00000000a0000000| Complete 
|   1|0x00000000a0100000, 0x00000000a0200000, 0x00000000a0200000|100%|HC|  |TAMS 0x00000000a0200000, 0x00000000a0100000| Complete 
|   2|0x00000000a0200000, 0x00000000a0300000, 0x00000000a0300000|100%|HC|  |TAMS 0x00000000a0300000, 0x00000000a0200000| Complete 
|   3|0x00000000a0300000, 0x00000000a0400000, 0x00000000a0400000|100%| O|  |TAMS 0x00000000a0400000, 0x00000000a0300000| Untracked 
|   4|0x00000000a0400000, 0x00000000a0500000, 0x00000000a0500000|100%| O|  |TAMS 0x00000000a0500000, 0x00000000a0400000| Untracked 
|   5|0x00000000a0500000, 0x00000000a0600000, 0x00000000a0600000|100%| O|  |TAMS 0x00000000a0600000, 0x00000000a0500000| Untracked 
|   6|0x00000000a0600000, 0x00000000a0700000, 0x00000000a0700000|100%| O|  |TAMS 0x00000000a0700000, 0x00000000a0600000| Untracked 
|   7|0x00000000a0700000, 0x00000000a0800000, 0x00000000a0800000|100%| O|  |TAMS 0x00000000a0800000, 0x00000000a0700000| Untracked 
|   8|0x00000000a0800000, 0x00000000a0900000, 0x00000000a0900000|100%| O|  |TAMS 0x00000000a0900000, 0x00000000a0800000| Untracked 
|   9|0x00000000a0900000, 0x00000000a0a00000, 0x00000000a0a00000|100%| O|  |TAMS 0x00000000a0a00000, 0x00000000a0900000| Untracked 
|  10|0x00000000a0a00000, 0x00000000a0b00000, 0x00000000a0b00000|100%| O|  |TAMS 0x00000000a0b00000, 0x00000000a0a00000| Untracked 
|  11|0x00000000a0b00000, 0x00000000a0c00000, 0x00000000a0c00000|100%| O|  |TAMS 0x00000000a0c00000, 0x00000000a0b00000| Untracked 
|  12|0x00000000a0c00000, 0x00000000a0d00000, 0x00000000a0d00000|100%| O|  |TAMS 0x00000000a0d00000, 0x00000000a0c00000| Untracked 
|  13|0x00000000a0d00000, 0x00000000a0e00000, 0x00000000a0e00000|100%| O|  |TAMS 0x00000000a0e00000, 0x00000000a0d00000| Untracked 
|  14|0x00000000a0e00000, 0x00000000a0f00000, 0x00000000a0f00000|100%| O|  |TAMS 0x00000000a0f00000, 0x00000000a0e00000| Untracked 
|  15|0x00000000a0f00000, 0x00000000a1000000, 0x00000000a1000000|100%| O|  |TAMS 0x00000000a1000000, 0x00000000a0f00000| Untracked 
|  16|0x00000000a1000000, 0x00000000a1100000, 0x00000000a1100000|100%| O|  |TAMS 0x00000000a1100000, 0x00000000a1000000| Untracked 
|  17|0x00000000a1100000, 0x00000000a1200000, 0x00000000a1200000|100%|HS|  |TAMS 0x00000000a1200000, 0x00000000a1100000| Complete 
|  18|0x00000000a1200000, 0x00000000a1300000, 0x00000000a1300000|100%|HS|  |TAMS 0x00000000a1300000, 0x00000000a1200000| Complete 
|  19|0x00000000a1300000, 0x00000000a1400000, 0x00000000a1400000|100%|HS|  |TAMS 0x00000000a1400000, 0x00000000a1300000| Complete 
|  20|0x00000000a1400000, 0x00000000a1500000, 0x00000000a1500000|100%|HS|  |TAMS 0x00000000a1500000, 0x00000000a1400000| Complete 
|  21|0x00000000a1500000, 0x00000000a1600000, 0x00000000a1600000|100%|HS|  |TAMS 0x00000000a1600000, 0x00000000a1500000| Complete 
|  22|0x00000000a1600000, 0x00000000a1700000, 0x00000000a1700000|100%|HC|  |TAMS 0x00000000a1700000, 0x00000000a1600000| Complete 
|  23|0x00000000a1700000, 0x00000000a1800000, 0x00000000a1800000|100%|HC|  |TAMS 0x00000000a1800000, 0x00000000a1700000| Complete 
|  24|0x00000000a1800000, 0x00000000a1900000, 0x00000000a1900000|100%|HS|  |TAMS 0x00000000a1900000, 0x00000000a1800000| Complete 
|  25|0x00000000a1900000, 0x00000000a1a00000, 0x00000000a1a00000|100%|HC|  |TAMS 0x00000000a1a00000, 0x00000000a1900000| Complete 
|  26|0x00000000a1a00000, 0x00000000a1b00000, 0x00000000a1b00000|100%| O|  |TAMS 0x00000000a1b00000, 0x00000000a1a00000| Untracked 
|  27|0x00000000a1b00000, 0x00000000a1c00000, 0x00000000a1c00000|100%| O|  |TAMS 0x00000000a1c00000, 0x00000000a1b00000| Untracked 
|  28|0x00000000a1c00000, 0x00000000a1d00000, 0x00000000a1d00000|100%| O|  |TAMS 0x00000000a1d00000, 0x00000000a1c00000| Untracked 
|  29|0x00000000a1d00000, 0x00000000a1e00000, 0x00000000a1e00000|100%| O|  |TAMS 0x00000000a1e00000, 0x00000000a1d00000| Untracked 
|  30|0x00000000a1e00000, 0x00000000a1f00000, 0x00000000a1f00000|100%| O|  |TAMS 0x00000000a1f00000, 0x00000000a1e00000| Untracked 
|  31|0x00000000a1f00000, 0x00000000a2000000, 0x00000000a2000000|100%| O|  |TAMS 0x00000000a2000000, 0x00000000a1f00000| Untracked 
|  32|0x00000000a2000000, 0x00000000a2100000, 0x00000000a2100000|100%|HS|  |TAMS 0x00000000a2100000, 0x00000000a2000000| Complete 
|  33|0x00000000a2100000, 0x00000000a2200000, 0x00000000a2200000|100%|HS|  |TAMS 0x00000000a2200000, 0x00000000a2100000| Complete 
|  34|0x00000000a2200000, 0x00000000a2300000, 0x00000000a2300000|100%|HC|  |TAMS 0x00000000a2300000, 0x00000000a2200000| Complete 
|  35|0x00000000a2300000, 0x00000000a2400000, 0x00000000a2400000|100%| O|  |TAMS 0x00000000a2400000, 0x00000000a2300000| Untracked 
|  36|0x00000000a2400000, 0x00000000a2500000, 0x00000000a2500000|100%| O|  |TAMS 0x00000000a2500000, 0x00000000a2400000| Untracked 
|  37|0x00000000a2500000, 0x00000000a2600000, 0x00000000a2600000|100%| O|  |TAMS 0x00000000a2600000, 0x00000000a2500000| Untracked 
|  38|0x00000000a2600000, 0x00000000a2700000, 0x00000000a2700000|100%| O|  |TAMS 0x00000000a2700000, 0x00000000a2600000| Untracked 
|  39|0x00000000a2700000, 0x00000000a2800000, 0x00000000a2800000|100%| O|  |TAMS 0x00000000a2800000, 0x00000000a2700000| Untracked 
|  40|0x00000000a2800000, 0x00000000a2900000, 0x00000000a2900000|100%| O|  |TAMS 0x00000000a2900000, 0x00000000a2800000| Untracked 
|  41|0x00000000a2900000, 0x00000000a2a00000, 0x00000000a2a00000|100%| O|  |TAMS 0x00000000a2a00000, 0x00000000a2900000| Untracked 
|  42|0x00000000a2a00000, 0x00000000a2b00000, 0x00000000a2b00000|100%| O|  |TAMS 0x00000000a2b00000, 0x00000000a2a00000| Untracked 
|  43|0x00000000a2b00000, 0x00000000a2c00000, 0x00000000a2c00000|100%| O|  |TAMS 0x00000000a2c00000, 0x00000000a2b00000| Untracked 
|  44|0x00000000a2c00000, 0x00000000a2d00000, 0x00000000a2d00000|100%| O|  |TAMS 0x00000000a2d00000, 0x00000000a2c00000| Untracked 
|  45|0x00000000a2d00000, 0x00000000a2e00000, 0x00000000a2e00000|100%| O|  |TAMS 0x00000000a2e00000, 0x00000000a2d00000| Untracked 
|  46|0x00000000a2e00000, 0x00000000a2f00000, 0x00000000a2f00000|100%| O|  |TAMS 0x00000000a2f00000, 0x00000000a2e00000| Untracked 
|  47|0x00000000a2f00000, 0x00000000a3000000, 0x00000000a3000000|100%| O|  |TAMS 0x00000000a3000000, 0x00000000a2f00000| Untracked 
|  48|0x00000000a3000000, 0x00000000a3100000, 0x00000000a3100000|100%| O|  |TAMS 0x00000000a3100000, 0x00000000a3000000| Untracked 
|  49|0x00000000a3100000, 0x00000000a3100000, 0x00000000a3200000|  0%| F|  |TAMS 0x00000000a3100000, 0x00000000a3100000| Untracked 
|  50|0x00000000a3200000, 0x00000000a3300000, 0x00000000a3300000|100%| O|  |TAMS 0x00000000a3300000, 0x00000000a3200000| Untracked 
|  51|0x00000000a3300000, 0x00000000a3400000, 0x00000000a3400000|100%| O|  |TAMS 0x00000000a3400000, 0x00000000a3300000| Untracked 
|  52|0x00000000a3400000, 0x00000000a3400000, 0x00000000a3500000|  0%| F|  |TAMS 0x00000000a3400000, 0x00000000a3400000| Untracked 
|  53|0x00000000a3500000, 0x00000000a3600000, 0x00000000a3600000|100%| O|  |TAMS 0x00000000a3600000, 0x00000000a3500000| Untracked 
|  54|0x00000000a3600000, 0x00000000a3700000, 0x00000000a3700000|100%| O|  |TAMS 0x00000000a3700000, 0x00000000a3600000| Untracked 
|  55|0x00000000a3700000, 0x00000000a3800000, 0x00000000a3800000|100%| O|  |TAMS 0x00000000a3800000, 0x00000000a3700000| Untracked 
|  56|0x00000000a3800000, 0x00000000a3900000, 0x00000000a3900000|100%| O|  |TAMS 0x00000000a3900000, 0x00000000a3800000| Untracked 
|  57|0x00000000a3900000, 0x00000000a3a00000, 0x00000000a3a00000|100%| O|  |TAMS 0x00000000a3a00000, 0x00000000a3900000| Untracked 
|  58|0x00000000a3a00000, 0x00000000a3a00000, 0x00000000a3b00000|  0%| F|  |TAMS 0x00000000a3a00000, 0x00000000a3a00000| Untracked 
|  59|0x00000000a3b00000, 0x00000000a3b00000, 0x00000000a3c00000|  0%| F|  |TAMS 0x00000000a3b00000, 0x00000000a3b00000| Untracked 
|  60|0x00000000a3c00000, 0x00000000a3d00000, 0x00000000a3d00000|100%| O|  |TAMS 0x00000000a3d00000, 0x00000000a3c00000| Untracked 
|  61|0x00000000a3d00000, 0x00000000a3e00000, 0x00000000a3e00000|100%| O|  |TAMS 0x00000000a3e00000, 0x00000000a3d00000| Untracked 
|  62|0x00000000a3e00000, 0x00000000a3e00000, 0x00000000a3f00000|  0%| F|  |TAMS 0x00000000a3e00000, 0x00000000a3e00000| Untracked 
|  63|0x00000000a3f00000, 0x00000000a4000000, 0x00000000a4000000|100%| O|  |TAMS 0x00000000a3f00000, 0x00000000a3f00000| Untracked 
|  64|0x00000000a4000000, 0x00000000a4100000, 0x00000000a4100000|100%|HS|  |TAMS 0x00000000a4100000, 0x00000000a4000000| Complete 
|  65|0x00000000a4100000, 0x00000000a4200000, 0x00000000a4200000|100%| O|  |TAMS 0x00000000a4200000, 0x00000000a4100000| Untracked 
|  66|0x00000000a4200000, 0x00000000a4300000, 0x00000000a4300000|100%| O|  |TAMS 0x00000000a4300000, 0x00000000a4200000| Untracked 
|  67|0x00000000a4300000, 0x00000000a4300000, 0x00000000a4400000|  0%| F|  |TAMS 0x00000000a4300000, 0x00000000a4300000| Untracked 
|  68|0x00000000a4400000, 0x00000000a4500000, 0x00000000a4500000|100%| O|  |TAMS 0x00000000a4500000, 0x00000000a4400000| Untracked 
|  69|0x00000000a4500000, 0x00000000a4600000, 0x00000000a4600000|100%| O|  |TAMS 0x00000000a4600000, 0x00000000a4500000| Untracked 
|  70|0x00000000a4600000, 0x00000000a4700000, 0x00000000a4700000|100%| O|  |TAMS 0x00000000a4700000, 0x00000000a4600000| Untracked 
|  71|0x00000000a4700000, 0x00000000a4700000, 0x00000000a4800000|  0%| F|  |TAMS 0x00000000a4700000, 0x00000000a4700000| Untracked 
|  72|0x00000000a4800000, 0x00000000a4900000, 0x00000000a4900000|100%| O|  |TAMS 0x00000000a4900000, 0x00000000a4800000| Untracked 
|  73|0x00000000a4900000, 0x00000000a4a00000, 0x00000000a4a00000|100%| O|  |TAMS 0x00000000a4900000, 0x00000000a4900000| Untracked 
|  74|0x00000000a4a00000, 0x00000000a4b00000, 0x00000000a4b00000|100%| O|  |TAMS 0x00000000a4b00000, 0x00000000a4a00000| Untracked 
|  75|0x00000000a4b00000, 0x00000000a4c00000, 0x00000000a4c00000|100%| O|  |TAMS 0x00000000a4c00000, 0x00000000a4b00000| Untracked 
|  76|0x00000000a4c00000, 0x00000000a4d00000, 0x00000000a4d00000|100%| O|  |TAMS 0x00000000a4d00000, 0x00000000a4c00000| Untracked 
|  77|0x00000000a4d00000, 0x00000000a4e00000, 0x00000000a4e00000|100%| O|  |TAMS 0x00000000a4e00000, 0x00000000a4d00000| Untracked 
|  78|0x00000000a4e00000, 0x00000000a4f00000, 0x00000000a4f00000|100%| O|  |TAMS 0x00000000a4f00000, 0x00000000a4e00000| Untracked 
|  79|0x00000000a4f00000, 0x00000000a4f00000, 0x00000000a5000000|  0%| F|  |TAMS 0x00000000a4f00000, 0x00000000a4f00000| Untracked 
|  80|0x00000000a5000000, 0x00000000a5100000, 0x00000000a5100000|100%| O|  |TAMS 0x00000000a5100000, 0x00000000a5000000| Untracked 
|  81|0x00000000a5100000, 0x00000000a5100000, 0x00000000a5200000|  0%| F|  |TAMS 0x00000000a5100000, 0x00000000a5100000| Untracked 
|  82|0x00000000a5200000, 0x00000000a5200000, 0x00000000a5300000|  0%| F|  |TAMS 0x00000000a5200000, 0x00000000a5200000| Untracked 
|  83|0x00000000a5300000, 0x00000000a5300000, 0x00000000a5400000|  0%| F|  |TAMS 0x00000000a5300000, 0x00000000a5300000| Untracked 
|  84|0x00000000a5400000, 0x00000000a5500000, 0x00000000a5500000|100%| O|  |TAMS 0x00000000a5500000, 0x00000000a5400000| Untracked 
|  85|0x00000000a5500000, 0x00000000a5500000, 0x00000000a5600000|  0%| F|  |TAMS 0x00000000a5500000, 0x00000000a5500000| Untracked 
|  86|0x00000000a5600000, 0x00000000a5600000, 0x00000000a5700000|  0%| F|  |TAMS 0x00000000a5600000, 0x00000000a5600000| Untracked 
|  87|0x00000000a5700000, 0x00000000a5800000, 0x00000000a5800000|100%| O|  |TAMS 0x00000000a5700000, 0x00000000a5700000| Untracked 
|  88|0x00000000a5800000, 0x00000000a5800000, 0x00000000a5900000|  0%| F|  |TAMS 0x00000000a5800000, 0x00000000a5800000| Untracked 
|  89|0x00000000a5900000, 0x00000000a5a00000, 0x00000000a5a00000|100%| O|  |TAMS 0x00000000a5a00000, 0x00000000a5900000| Untracked 
|  90|0x00000000a5a00000, 0x00000000a5b00000, 0x00000000a5b00000|100%| O|  |TAMS 0x00000000a5b00000, 0x00000000a5a00000| Untracked 
|  91|0x00000000a5b00000, 0x00000000a5b00000, 0x00000000a5c00000|  0%| F|  |TAMS 0x00000000a5b00000, 0x00000000a5b00000| Untracked 
|  92|0x00000000a5c00000, 0x00000000a5d00000, 0x00000000a5d00000|100%| O|  |TAMS 0x00000000a5c00000, 0x00000000a5c00000| Untracked 
|  93|0x00000000a5d00000, 0x00000000a5e00000, 0x00000000a5e00000|100%| O|  |TAMS 0x00000000a5d00000, 0x00000000a5d00000| Untracked 
|  94|0x00000000a5e00000, 0x00000000a5e00000, 0x00000000a5f00000|  0%| F|  |TAMS 0x00000000a5e00000, 0x00000000a5e00000| Untracked 
|  95|0x00000000a5f00000, 0x00000000a6000000, 0x00000000a6000000|100%| O|  |TAMS 0x00000000a5f00000, 0x00000000a5f00000| Untracked 
|  96|0x00000000a6000000, 0x00000000a6100000, 0x00000000a6100000|100%| O|  |TAMS 0x00000000a6000000, 0x00000000a6000000| Untracked 
|  97|0x00000000a6100000, 0x00000000a6200000, 0x00000000a6200000|100%| O|  |TAMS 0x00000000a6100000, 0x00000000a6100000| Untracked 
|  98|0x00000000a6200000, 0x00000000a6300000, 0x00000000a6300000|100%| O|  |TAMS 0x00000000a6200000, 0x00000000a6200000| Untracked 
|  99|0x00000000a6300000, 0x00000000a6400000, 0x00000000a6400000|100%| O|  |TAMS 0x00000000a6300000, 0x00000000a6300000| Untracked 
| 100|0x00000000a6400000, 0x00000000a6500000, 0x00000000a6500000|100%| O|  |TAMS 0x00000000a6500000, 0x00000000a6400000| Untracked 
| 101|0x00000000a6500000, 0x00000000a6500000, 0x00000000a6600000|  0%| F|  |TAMS 0x00000000a6500000, 0x00000000a6500000| Untracked 
| 102|0x00000000a6600000, 0x00000000a6700000, 0x00000000a6700000|100%| O|  |TAMS 0x00000000a6700000, 0x00000000a6600000| Untracked 
| 103|0x00000000a6700000, 0x00000000a6800000, 0x00000000a6800000|100%| O|  |TAMS 0x00000000a6800000, 0x00000000a6700000| Untracked 
| 104|0x00000000a6800000, 0x00000000a6900000, 0x00000000a6900000|100%| O|  |TAMS 0x00000000a6900000, 0x00000000a6800000| Untracked 
| 105|0x00000000a6900000, 0x00000000a6a00000, 0x00000000a6a00000|100%| O|  |TAMS 0x00000000a6900000, 0x00000000a6900000| Untracked 
| 106|0x00000000a6a00000, 0x00000000a6a00000, 0x00000000a6b00000|  0%| F|  |TAMS 0x00000000a6a00000, 0x00000000a6a00000| Untracked 
| 107|0x00000000a6b00000, 0x00000000a6c00000, 0x00000000a6c00000|100%| O|  |TAMS 0x00000000a6c00000, 0x00000000a6b00000| Untracked 
| 108|0x00000000a6c00000, 0x00000000a6c00000, 0x00000000a6d00000|  0%| F|  |TAMS 0x00000000a6c00000, 0x00000000a6c00000| Untracked 
| 109|0x00000000a6d00000, 0x00000000a6d00000, 0x00000000a6e00000|  0%| F|  |TAMS 0x00000000a6d00000, 0x00000000a6d00000| Untracked 
| 110|0x00000000a6e00000, 0x00000000a6f00000, 0x00000000a6f00000|100%| O|  |TAMS 0x00000000a6f00000, 0x00000000a6e00000| Untracked 
| 111|0x00000000a6f00000, 0x00000000a7000000, 0x00000000a7000000|100%| O|  |TAMS 0x00000000a7000000, 0x00000000a6f00000| Untracked 
| 112|0x00000000a7000000, 0x00000000a7100000, 0x00000000a7100000|100%| O|  |TAMS 0x00000000a7100000, 0x00000000a7000000| Untracked 
| 113|0x00000000a7100000, 0x00000000a7200000, 0x00000000a7200000|100%| O|  |TAMS 0x00000000a7200000, 0x00000000a7100000| Untracked 
| 114|0x00000000a7200000, 0x00000000a7300000, 0x00000000a7300000|100%| O|  |TAMS 0x00000000a7300000, 0x00000000a7200000| Untracked 
| 115|0x00000000a7300000, 0x00000000a7400000, 0x00000000a7400000|100%| O|  |TAMS 0x00000000a7400000, 0x00000000a7300000| Untracked 
| 116|0x00000000a7400000, 0x00000000a7500000, 0x00000000a7500000|100%| O|  |TAMS 0x00000000a7500000, 0x00000000a7400000| Untracked 
| 117|0x00000000a7500000, 0x00000000a7600000, 0x00000000a7600000|100%| O|  |TAMS 0x00000000a7600000, 0x00000000a7500000| Untracked 
| 118|0x00000000a7600000, 0x00000000a7700000, 0x00000000a7700000|100%| O|  |TAMS 0x00000000a7700000, 0x00000000a7600000| Untracked 
| 119|0x00000000a7700000, 0x00000000a7800000, 0x00000000a7800000|100%| O|  |TAMS 0x00000000a7800000, 0x00000000a7700000| Untracked 
| 120|0x00000000a7800000, 0x00000000a7900000, 0x00000000a7900000|100%| O|  |TAMS 0x00000000a7900000, 0x00000000a7800000| Untracked 
| 121|0x00000000a7900000, 0x00000000a7a00000, 0x00000000a7a00000|100%| O|  |TAMS 0x00000000a7a00000, 0x00000000a7900000| Untracked 
| 122|0x00000000a7a00000, 0x00000000a7b00000, 0x00000000a7b00000|100%| O|  |TAMS 0x00000000a7b00000, 0x00000000a7a00000| Untracked 
| 123|0x00000000a7b00000, 0x00000000a7c00000, 0x00000000a7c00000|100%| O|  |TAMS 0x00000000a7c00000, 0x00000000a7b00000| Untracked 
| 124|0x00000000a7c00000, 0x00000000a7d00000, 0x00000000a7d00000|100%| O|  |TAMS 0x00000000a7d00000, 0x00000000a7c00000| Untracked 
| 125|0x00000000a7d00000, 0x00000000a7e00000, 0x00000000a7e00000|100%| O|  |TAMS 0x00000000a7e00000, 0x00000000a7d00000| Untracked 
| 126|0x00000000a7e00000, 0x00000000a7f00000, 0x00000000a7f00000|100%| O|  |TAMS 0x00000000a7f00000, 0x00000000a7e00000| Untracked 
| 127|0x00000000a7f00000, 0x00000000a7f00000, 0x00000000a8000000|  0%| F|  |TAMS 0x00000000a7f00000, 0x00000000a7f00000| Untracked 
| 128|0x00000000a8000000, 0x00000000a8000000, 0x00000000a8100000|  0%| F|  |TAMS 0x00000000a8000000, 0x00000000a8000000| Untracked 
| 129|0x00000000a8100000, 0x00000000a8200000, 0x00000000a8200000|100%| O|  |TAMS 0x00000000a8200000, 0x00000000a8100000| Untracked 
| 130|0x00000000a8200000, 0x00000000a8300000, 0x00000000a8300000|100%| O|  |TAMS 0x00000000a8300000, 0x00000000a8200000| Untracked 
| 131|0x00000000a8300000, 0x00000000a8400000, 0x00000000a8400000|100%| O|  |TAMS 0x00000000a8400000, 0x00000000a8300000| Untracked 
| 132|0x00000000a8400000, 0x00000000a8500000, 0x00000000a8500000|100%| O|  |TAMS 0x00000000a848ce00, 0x00000000a8400000| Untracked 
| 133|0x00000000a8500000, 0x00000000a8600000, 0x00000000a8600000|100%| O|  |TAMS 0x00000000a8500000, 0x00000000a8500000| Untracked 
| 134|0x00000000a8600000, 0x00000000a8700000, 0x00000000a8700000|100%| O|  |TAMS 0x00000000a8600000, 0x00000000a8600000| Untracked 
| 135|0x00000000a8700000, 0x00000000a8800000, 0x00000000a8800000|100%| O|  |TAMS 0x00000000a8700000, 0x00000000a8700000| Untracked 
| 136|0x00000000a8800000, 0x00000000a8900000, 0x00000000a8900000|100%| O|  |TAMS 0x00000000a8800000, 0x00000000a8800000| Untracked 
| 137|0x00000000a8900000, 0x00000000a8933c00, 0x00000000a8a00000| 20%| O|  |TAMS 0x00000000a8900000, 0x00000000a8900000| Untracked 
| 138|0x00000000a8a00000, 0x00000000a8a00000, 0x00000000a8b00000|  0%| F|  |TAMS 0x00000000a8a00000, 0x00000000a8a00000| Untracked 
| 139|0x00000000a8b00000, 0x00000000a8b00000, 0x00000000a8c00000|  0%| F|  |TAMS 0x00000000a8b00000, 0x00000000a8b00000| Untracked 
| 140|0x00000000a8c00000, 0x00000000a8c00000, 0x00000000a8d00000|  0%| F|  |TAMS 0x00000000a8c00000, 0x00000000a8c00000| Untracked 
| 141|0x00000000a8d00000, 0x00000000a8d00000, 0x00000000a8e00000|  0%| F|  |TAMS 0x00000000a8d00000, 0x00000000a8d00000| Untracked 
| 142|0x00000000a8e00000, 0x00000000a8e00000, 0x00000000a8f00000|  0%| F|  |TAMS 0x00000000a8e00000, 0x00000000a8e00000| Untracked 
| 143|0x00000000a8f00000, 0x00000000a8f00000, 0x00000000a9000000|  0%| F|  |TAMS 0x00000000a8f00000, 0x00000000a8f00000| Untracked 
| 144|0x00000000a9000000, 0x00000000a9000000, 0x00000000a9100000|  0%| F|  |TAMS 0x00000000a9000000, 0x00000000a9000000| Untracked 
| 145|0x00000000a9100000, 0x00000000a9100000, 0x00000000a9200000|  0%| F|  |TAMS 0x00000000a9100000, 0x00000000a9100000| Untracked 
| 146|0x00000000a9200000, 0x00000000a9200000, 0x00000000a9300000|  0%| F|  |TAMS 0x00000000a9200000, 0x00000000a9200000| Untracked 
| 147|0x00000000a9300000, 0x00000000a9300000, 0x00000000a9400000|  0%| F|  |TAMS 0x00000000a9300000, 0x00000000a9300000| Untracked 
| 148|0x00000000a9400000, 0x00000000a9400000, 0x00000000a9500000|  0%| F|  |TAMS 0x00000000a9400000, 0x00000000a9400000| Untracked 
| 149|0x00000000a9500000, 0x00000000a9500000, 0x00000000a9600000|  0%| F|  |TAMS 0x00000000a9500000, 0x00000000a9500000| Untracked 
| 150|0x00000000a9600000, 0x00000000a9600000, 0x00000000a9700000|  0%| F|  |TAMS 0x00000000a9600000, 0x00000000a9600000| Untracked 
| 151|0x00000000a9700000, 0x00000000a9700000, 0x00000000a9800000|  0%| F|  |TAMS 0x00000000a9700000, 0x00000000a9700000| Untracked 
| 152|0x00000000a9800000, 0x00000000a9800000, 0x00000000a9900000|  0%| F|  |TAMS 0x00000000a9800000, 0x00000000a9800000| Untracked 
| 153|0x00000000a9900000, 0x00000000a9900000, 0x00000000a9a00000|  0%| F|  |TAMS 0x00000000a9900000, 0x00000000a9900000| Untracked 
| 154|0x00000000a9a00000, 0x00000000a9a00000, 0x00000000a9b00000|  0%| F|  |TAMS 0x00000000a9a00000, 0x00000000a9a00000| Untracked 
| 155|0x00000000a9b00000, 0x00000000a9b00000, 0x00000000a9c00000|  0%| F|  |TAMS 0x00000000a9b00000, 0x00000000a9b00000| Untracked 
| 156|0x00000000a9c00000, 0x00000000a9c00000, 0x00000000a9d00000|  0%| F|  |TAMS 0x00000000a9c00000, 0x00000000a9c00000| Untracked 
| 157|0x00000000a9d00000, 0x00000000a9d00000, 0x00000000a9e00000|  0%| F|  |TAMS 0x00000000a9d00000, 0x00000000a9d00000| Untracked 
| 158|0x00000000a9e00000, 0x00000000a9e00000, 0x00000000a9f00000|  0%| F|  |TAMS 0x00000000a9e00000, 0x00000000a9e00000| Untracked 
| 159|0x00000000a9f00000, 0x00000000a9f00000, 0x00000000aa000000|  0%| F|  |TAMS 0x00000000a9f00000, 0x00000000a9f00000| Untracked 
| 160|0x00000000aa000000, 0x00000000aa000000, 0x00000000aa100000|  0%| F|  |TAMS 0x00000000aa000000, 0x00000000aa000000| Untracked 
| 161|0x00000000aa100000, 0x00000000aa100000, 0x00000000aa200000|  0%| F|  |TAMS 0x00000000aa100000, 0x00000000aa100000| Untracked 
| 162|0x00000000aa200000, 0x00000000aa200000, 0x00000000aa300000|  0%| F|  |TAMS 0x00000000aa200000, 0x00000000aa200000| Untracked 
| 163|0x00000000aa300000, 0x00000000aa300000, 0x00000000aa400000|  0%| F|  |TAMS 0x00000000aa300000, 0x00000000aa300000| Untracked 
| 164|0x00000000aa400000, 0x00000000aa400000, 0x00000000aa500000|  0%| F|  |TAMS 0x00000000aa400000, 0x00000000aa400000| Untracked 
| 165|0x00000000aa500000, 0x00000000aa500000, 0x00000000aa600000|  0%| F|  |TAMS 0x00000000aa500000, 0x00000000aa500000| Untracked 
| 166|0x00000000aa600000, 0x00000000aa600000, 0x00000000aa700000|  0%| F|  |TAMS 0x00000000aa600000, 0x00000000aa600000| Untracked 
| 167|0x00000000aa700000, 0x00000000aa700000, 0x00000000aa800000|  0%| F|  |TAMS 0x00000000aa700000, 0x00000000aa700000| Untracked 
| 168|0x00000000aa800000, 0x00000000aa800000, 0x00000000aa900000|  0%| F|  |TAMS 0x00000000aa800000, 0x00000000aa800000| Untracked 
| 169|0x00000000aa900000, 0x00000000aa900000, 0x00000000aaa00000|  0%| F|  |TAMS 0x00000000aa900000, 0x00000000aa900000| Untracked 
| 170|0x00000000aaa00000, 0x00000000aaa00000, 0x00000000aab00000|  0%| F|  |TAMS 0x00000000aaa00000, 0x00000000aaa00000| Untracked 
| 171|0x00000000aab00000, 0x00000000aab00000, 0x00000000aac00000|  0%| F|  |TAMS 0x00000000aab00000, 0x00000000aab00000| Untracked 
| 172|0x00000000aac00000, 0x00000000aac00000, 0x00000000aad00000|  0%| F|  |TAMS 0x00000000aac00000, 0x00000000aac00000| Untracked 
| 173|0x00000000aad00000, 0x00000000aad00000, 0x00000000aae00000|  0%| F|  |TAMS 0x00000000aad00000, 0x00000000aad00000| Untracked 
| 174|0x00000000aae00000, 0x00000000aae00000, 0x00000000aaf00000|  0%| F|  |TAMS 0x00000000aae00000, 0x00000000aae00000| Untracked 
| 175|0x00000000aaf00000, 0x00000000aaf00000, 0x00000000ab000000|  0%| F|  |TAMS 0x00000000aaf00000, 0x00000000aaf00000| Untracked 
| 176|0x00000000ab000000, 0x00000000ab000000, 0x00000000ab100000|  0%| F|  |TAMS 0x00000000ab000000, 0x00000000ab000000| Untracked 
| 177|0x00000000ab100000, 0x00000000ab100000, 0x00000000ab200000|  0%| F|  |TAMS 0x00000000ab100000, 0x00000000ab100000| Untracked 
| 178|0x00000000ab200000, 0x00000000ab200000, 0x00000000ab300000|  0%| F|  |TAMS 0x00000000ab200000, 0x00000000ab200000| Untracked 
| 179|0x00000000ab300000, 0x00000000ab300000, 0x00000000ab400000|  0%| F|  |TAMS 0x00000000ab300000, 0x00000000ab300000| Untracked 
| 180|0x00000000ab400000, 0x00000000ab400000, 0x00000000ab500000|  0%| F|  |TAMS 0x00000000ab400000, 0x00000000ab400000| Untracked 
| 181|0x00000000ab500000, 0x00000000ab500000, 0x00000000ab600000|  0%| F|  |TAMS 0x00000000ab500000, 0x00000000ab500000| Untracked 
| 182|0x00000000ab600000, 0x00000000ab600000, 0x00000000ab700000|  0%| F|  |TAMS 0x00000000ab600000, 0x00000000ab600000| Untracked 
| 183|0x00000000ab700000, 0x00000000ab700000, 0x00000000ab800000|  0%| F|  |TAMS 0x00000000ab700000, 0x00000000ab700000| Untracked 
| 184|0x00000000ab800000, 0x00000000ab800000, 0x00000000ab900000|  0%| F|  |TAMS 0x00000000ab800000, 0x00000000ab800000| Untracked 
| 185|0x00000000ab900000, 0x00000000ab900000, 0x00000000aba00000|  0%| F|  |TAMS 0x00000000ab900000, 0x00000000ab900000| Untracked 
| 186|0x00000000aba00000, 0x00000000aba00000, 0x00000000abb00000|  0%| F|  |TAMS 0x00000000aba00000, 0x00000000aba00000| Untracked 
| 187|0x00000000abb00000, 0x00000000abb00000, 0x00000000abc00000|  0%| F|  |TAMS 0x00000000abb00000, 0x00000000abb00000| Untracked 
| 188|0x00000000abc00000, 0x00000000abc00000, 0x00000000abd00000|  0%| F|  |TAMS 0x00000000abc00000, 0x00000000abc00000| Untracked 
| 189|0x00000000abd00000, 0x00000000abd00000, 0x00000000abe00000|  0%| F|  |TAMS 0x00000000abd00000, 0x00000000abd00000| Untracked 
| 190|0x00000000abe00000, 0x00000000abe00000, 0x00000000abf00000|  0%| F|  |TAMS 0x00000000abe00000, 0x00000000abe00000| Untracked 
| 191|0x00000000abf00000, 0x00000000abf00000, 0x00000000ac000000|  0%| F|  |TAMS 0x00000000abf00000, 0x00000000abf00000| Untracked 
| 192|0x00000000ac000000, 0x00000000ac000000, 0x00000000ac100000|  0%| F|  |TAMS 0x00000000ac000000, 0x00000000ac000000| Untracked 
| 193|0x00000000ac100000, 0x00000000ac100000, 0x00000000ac200000|  0%| F|  |TAMS 0x00000000ac100000, 0x00000000ac100000| Untracked 
| 194|0x00000000ac200000, 0x00000000ac200000, 0x00000000ac300000|  0%| F|  |TAMS 0x00000000ac200000, 0x00000000ac200000| Untracked 
| 195|0x00000000ac300000, 0x00000000ac300000, 0x00000000ac400000|  0%| F|  |TAMS 0x00000000ac300000, 0x00000000ac300000| Untracked 
| 196|0x00000000ac400000, 0x00000000ac400000, 0x00000000ac500000|  0%| F|  |TAMS 0x00000000ac400000, 0x00000000ac400000| Untracked 
| 197|0x00000000ac500000, 0x00000000ac500000, 0x00000000ac600000|  0%| F|  |TAMS 0x00000000ac500000, 0x00000000ac500000| Untracked 
| 198|0x00000000ac600000, 0x00000000ac6ae9a8, 0x00000000ac700000| 68%| E|  |TAMS 0x00000000ac600000, 0x00000000ac600000| Complete 
| 199|0x00000000ac700000, 0x00000000ac800000, 0x00000000ac800000|100%| E|CS|TAMS 0x00000000ac700000, 0x00000000ac700000| Complete 
| 200|0x00000000ac800000, 0x00000000ac900000, 0x00000000ac900000|100%| E|CS|TAMS 0x00000000ac800000, 0x00000000ac800000| Complete 
| 201|0x00000000ac900000, 0x00000000aca00000, 0x00000000aca00000|100%| E|CS|TAMS 0x00000000ac900000, 0x00000000ac900000| Complete 
| 202|0x00000000aca00000, 0x00000000acb00000, 0x00000000acb00000|100%| E|CS|TAMS 0x00000000aca00000, 0x00000000aca00000| Complete 
| 203|0x00000000acb00000, 0x00000000acc00000, 0x00000000acc00000|100%| E|CS|TAMS 0x00000000acb00000, 0x00000000acb00000| Complete 
| 204|0x00000000acc00000, 0x00000000acd00000, 0x00000000acd00000|100%| E|CS|TAMS 0x00000000acc00000, 0x00000000acc00000| Complete 
| 205|0x00000000acd00000, 0x00000000ace00000, 0x00000000ace00000|100%| E|CS|TAMS 0x00000000acd00000, 0x00000000acd00000| Complete 
| 206|0x00000000ace00000, 0x00000000acf00000, 0x00000000acf00000|100%| E|CS|TAMS 0x00000000ace00000, 0x00000000ace00000| Complete 
| 207|0x00000000acf00000, 0x00000000ad000000, 0x00000000ad000000|100%| E|CS|TAMS 0x00000000acf00000, 0x00000000acf00000| Complete 
| 208|0x00000000ad000000, 0x00000000ad100000, 0x00000000ad100000|100%| E|CS|TAMS 0x00000000ad000000, 0x00000000ad000000| Complete 
| 209|0x00000000ad100000, 0x00000000ad200000, 0x00000000ad200000|100%| E|CS|TAMS 0x00000000ad100000, 0x00000000ad100000| Complete 
| 210|0x00000000ad200000, 0x00000000ad300000, 0x00000000ad300000|100%| E|  |TAMS 0x00000000ad200000, 0x00000000ad200000| Complete 
| 211|0x00000000ad300000, 0x00000000ad400000, 0x00000000ad400000|100%| E|CS|TAMS 0x00000000ad300000, 0x00000000ad300000| Complete 
| 212|0x00000000ad400000, 0x00000000ad500000, 0x00000000ad500000|100%| E|CS|TAMS 0x00000000ad400000, 0x00000000ad400000| Complete 
| 213|0x00000000ad500000, 0x00000000ad600000, 0x00000000ad600000|100%| E|CS|TAMS 0x00000000ad500000, 0x00000000ad500000| Complete 
| 214|0x00000000ad600000, 0x00000000ad700000, 0x00000000ad700000|100%| E|CS|TAMS 0x00000000ad600000, 0x00000000ad600000| Complete 
| 215|0x00000000ad700000, 0x00000000ad800000, 0x00000000ad800000|100%| E|CS|TAMS 0x00000000ad700000, 0x00000000ad700000| Complete 
| 216|0x00000000ad800000, 0x00000000ad900000, 0x00000000ad900000|100%| E|CS|TAMS 0x00000000ad800000, 0x00000000ad800000| Complete 
| 217|0x00000000ad900000, 0x00000000ada00000, 0x00000000ada00000|100%| E|CS|TAMS 0x00000000ad900000, 0x00000000ad900000| Complete 
| 218|0x00000000ada00000, 0x00000000adb00000, 0x00000000adb00000|100%| E|CS|TAMS 0x00000000ada00000, 0x00000000ada00000| Complete 
| 219|0x00000000adb00000, 0x00000000adc00000, 0x00000000adc00000|100%| E|CS|TAMS 0x00000000adb00000, 0x00000000adb00000| Complete 
| 220|0x00000000adc00000, 0x00000000add00000, 0x00000000add00000|100%| E|CS|TAMS 0x00000000adc00000, 0x00000000adc00000| Complete 
| 221|0x00000000add00000, 0x00000000ade00000, 0x00000000ade00000|100%| E|CS|TAMS 0x00000000add00000, 0x00000000add00000| Complete 
| 222|0x00000000ade00000, 0x00000000adf00000, 0x00000000adf00000|100%| E|CS|TAMS 0x00000000ade00000, 0x00000000ade00000| Complete 
| 223|0x00000000adf00000, 0x00000000ae000000, 0x00000000ae000000|100%| E|CS|TAMS 0x00000000adf00000, 0x00000000adf00000| Complete 
| 224|0x00000000ae000000, 0x00000000ae100000, 0x00000000ae100000|100%| E|CS|TAMS 0x00000000ae000000, 0x00000000ae000000| Complete 
| 225|0x00000000ae100000, 0x00000000ae200000, 0x00000000ae200000|100%| E|CS|TAMS 0x00000000ae100000, 0x00000000ae100000| Complete 
| 226|0x00000000ae200000, 0x00000000ae300000, 0x00000000ae300000|100%| E|CS|TAMS 0x00000000ae200000, 0x00000000ae200000| Complete 
| 227|0x00000000ae300000, 0x00000000ae400000, 0x00000000ae400000|100%| E|CS|TAMS 0x00000000ae300000, 0x00000000ae300000| Complete 
| 228|0x00000000ae400000, 0x00000000ae500000, 0x00000000ae500000|100%| E|CS|TAMS 0x00000000ae400000, 0x00000000ae400000| Complete 
| 229|0x00000000ae500000, 0x00000000ae600000, 0x00000000ae600000|100%| E|CS|TAMS 0x00000000ae500000, 0x00000000ae500000| Complete 
| 230|0x00000000ae600000, 0x00000000ae700000, 0x00000000ae700000|100%| E|CS|TAMS 0x00000000ae600000, 0x00000000ae600000| Complete 
| 231|0x00000000ae700000, 0x00000000ae800000, 0x00000000ae800000|100%| E|CS|TAMS 0x00000000ae700000, 0x00000000ae700000| Complete 
| 232|0x00000000ae800000, 0x00000000ae900000, 0x00000000ae900000|100%| E|CS|TAMS 0x00000000ae800000, 0x00000000ae800000| Complete 
| 233|0x00000000ae900000, 0x00000000aea00000, 0x00000000aea00000|100%| E|CS|TAMS 0x00000000ae900000, 0x00000000ae900000| Complete 
| 234|0x00000000aea00000, 0x00000000aeb00000, 0x00000000aeb00000|100%| E|CS|TAMS 0x00000000aea00000, 0x00000000aea00000| Complete 
| 235|0x00000000aeb00000, 0x00000000aec00000, 0x00000000aec00000|100%| E|CS|TAMS 0x00000000aeb00000, 0x00000000aeb00000| Complete 
| 236|0x00000000aec00000, 0x00000000aed00000, 0x00000000aed00000|100%| E|CS|TAMS 0x00000000aec00000, 0x00000000aec00000| Complete 
| 237|0x00000000aed00000, 0x00000000aee00000, 0x00000000aee00000|100%| E|CS|TAMS 0x00000000aed00000, 0x00000000aed00000| Complete 
| 238|0x00000000aee00000, 0x00000000aef00000, 0x00000000aef00000|100%| E|CS|TAMS 0x00000000aee00000, 0x00000000aee00000| Complete 
| 239|0x00000000aef00000, 0x00000000af000000, 0x00000000af000000|100%| E|CS|TAMS 0x00000000aef00000, 0x00000000aef00000| Complete 
| 240|0x00000000af000000, 0x00000000af100000, 0x00000000af100000|100%| E|CS|TAMS 0x00000000af000000, 0x00000000af000000| Complete 
| 241|0x00000000af100000, 0x00000000af200000, 0x00000000af200000|100%| E|CS|TAMS 0x00000000af100000, 0x00000000af100000| Complete 
| 242|0x00000000af200000, 0x00000000af300000, 0x00000000af300000|100%| E|CS|TAMS 0x00000000af200000, 0x00000000af200000| Complete 
| 243|0x00000000af300000, 0x00000000af400000, 0x00000000af400000|100%| E|CS|TAMS 0x00000000af300000, 0x00000000af300000| Complete 
| 244|0x00000000af400000, 0x00000000af500000, 0x00000000af500000|100%| E|CS|TAMS 0x00000000af400000, 0x00000000af400000| Complete 
| 245|0x00000000af500000, 0x00000000af600000, 0x00000000af600000|100%| E|CS|TAMS 0x00000000af500000, 0x00000000af500000| Complete 
| 246|0x00000000af600000, 0x00000000af700000, 0x00000000af700000|100%| E|CS|TAMS 0x00000000af600000, 0x00000000af600000| Complete 
| 247|0x00000000af700000, 0x00000000af800000, 0x00000000af800000|100%| E|CS|TAMS 0x00000000af700000, 0x00000000af700000| Complete 
| 248|0x00000000af800000, 0x00000000af900000, 0x00000000af900000|100%| E|CS|TAMS 0x00000000af800000, 0x00000000af800000| Complete 
| 249|0x00000000af900000, 0x00000000afa00000, 0x00000000afa00000|100%| E|CS|TAMS 0x00000000af900000, 0x00000000af900000| Complete 
| 250|0x00000000afa00000, 0x00000000afb00000, 0x00000000afb00000|100%| E|CS|TAMS 0x00000000afa00000, 0x00000000afa00000| Complete 
| 251|0x00000000afb00000, 0x00000000afc00000, 0x00000000afc00000|100%| E|CS|TAMS 0x00000000afb00000, 0x00000000afb00000| Complete 
| 252|0x00000000afc00000, 0x00000000afd00000, 0x00000000afd00000|100%| E|CS|TAMS 0x00000000afc00000, 0x00000000afc00000| Complete 
| 253|0x00000000afd00000, 0x00000000afe00000, 0x00000000afe00000|100%| E|CS|TAMS 0x00000000afd00000, 0x00000000afd00000| Complete 
| 254|0x00000000afe00000, 0x00000000aff00000, 0x00000000aff00000|100%| E|CS|TAMS 0x00000000afe00000, 0x00000000afe00000| Complete 
| 255|0x00000000aff00000, 0x00000000b0000000, 0x00000000b0000000|100%| E|CS|TAMS 0x00000000aff00000, 0x00000000aff00000| Complete 
| 256|0x00000000b0000000, 0x00000000b0100000, 0x00000000b0100000|100%| E|CS|TAMS 0x00000000b0000000, 0x00000000b0000000| Complete 
| 257|0x00000000b0100000, 0x00000000b0200000, 0x00000000b0200000|100%| E|CS|TAMS 0x00000000b0100000, 0x00000000b0100000| Complete 
| 258|0x00000000b0200000, 0x00000000b0300000, 0x00000000b0300000|100%| O|  |TAMS 0x00000000b0300000, 0x00000000b0200000| Untracked 
| 259|0x00000000b0300000, 0x00000000b0400000, 0x00000000b0400000|100%| E|CS|TAMS 0x00000000b0300000, 0x00000000b0300000| Complete 
| 260|0x00000000b0400000, 0x00000000b0500000, 0x00000000b0500000|100%| E|CS|TAMS 0x00000000b0400000, 0x00000000b0400000| Complete 
| 261|0x00000000b0500000, 0x00000000b0600000, 0x00000000b0600000|100%| E|CS|TAMS 0x00000000b0500000, 0x00000000b0500000| Complete 
| 262|0x00000000b0600000, 0x00000000b0700000, 0x00000000b0700000|100%| E|CS|TAMS 0x00000000b0600000, 0x00000000b0600000| Complete 
| 263|0x00000000b0700000, 0x00000000b0800000, 0x00000000b0800000|100%| E|CS|TAMS 0x00000000b0700000, 0x00000000b0700000| Complete 
| 264|0x00000000b0800000, 0x00000000b0900000, 0x00000000b0900000|100%| E|CS|TAMS 0x00000000b0800000, 0x00000000b0800000| Complete 
| 265|0x00000000b0900000, 0x00000000b0a00000, 0x00000000b0a00000|100%| E|CS|TAMS 0x00000000b0900000, 0x00000000b0900000| Complete 
| 266|0x00000000b0a00000, 0x00000000b0ac60c0, 0x00000000b0b00000| 77%| S|CS|TAMS 0x00000000b0a00000, 0x00000000b0a00000| Complete 
| 267|0x00000000b0b00000, 0x00000000b0c00000, 0x00000000b0c00000|100%| S|CS|TAMS 0x00000000b0b00000, 0x00000000b0b00000| Complete 
| 268|0x00000000b0c00000, 0x00000000b0d00000, 0x00000000b0d00000|100%| E|CS|TAMS 0x00000000b0c00000, 0x00000000b0c00000| Complete 
| 269|0x00000000b0d00000, 0x00000000b0e00000, 0x00000000b0e00000|100%| E|CS|TAMS 0x00000000b0d00000, 0x00000000b0d00000| Complete 
| 270|0x00000000b0e00000, 0x00000000b0f00000, 0x00000000b0f00000|100%| E|CS|TAMS 0x00000000b0e00000, 0x00000000b0e00000| Complete 
| 271|0x00000000b0f00000, 0x00000000b1000000, 0x00000000b1000000|100%| E|CS|TAMS 0x00000000b0f00000, 0x00000000b0f00000| Complete 
| 272|0x00000000b1000000, 0x00000000b1100000, 0x00000000b1100000|100%| E|CS|TAMS 0x00000000b1000000, 0x00000000b1000000| Complete 
| 273|0x00000000b1100000, 0x00000000b1200000, 0x00000000b1200000|100%| E|CS|TAMS 0x00000000b1100000, 0x00000000b1100000| Complete 
| 274|0x00000000b1200000, 0x00000000b1300000, 0x00000000b1300000|100%| E|CS|TAMS 0x00000000b1200000, 0x00000000b1200000| Complete 
| 275|0x00000000b1300000, 0x00000000b1400000, 0x00000000b1400000|100%| E|CS|TAMS 0x00000000b1300000, 0x00000000b1300000| Complete 
| 276|0x00000000b1400000, 0x00000000b1500000, 0x00000000b1500000|100%| E|CS|TAMS 0x00000000b1400000, 0x00000000b1400000| Complete 
| 277|0x00000000b1500000, 0x00000000b1600000, 0x00000000b1600000|100%| E|CS|TAMS 0x00000000b1500000, 0x00000000b1500000| Complete 
| 278|0x00000000b1600000, 0x00000000b1700000, 0x00000000b1700000|100%| E|CS|TAMS 0x00000000b1600000, 0x00000000b1600000| Complete 
| 279|0x00000000b1700000, 0x00000000b1800000, 0x00000000b1800000|100%| E|CS|TAMS 0x00000000b1700000, 0x00000000b1700000| Complete 

Card table byte_map: [0x0000023d791a0000,0x0000023d794a0000] _byte_map_base: 0x0000023d78ca0000

Marking Bits (Prev, Next): (CMBitMap*) 0x0000023d663efcc0, (CMBitMap*) 0x0000023d663efc88
 Prev Bits: [0x0000023d7afa0000, 0x0000023d7c7a0000)
 Next Bits: [0x0000023d797a0000, 0x0000023d7afa0000)

Polling page: 0x0000023d64290000

Metaspace:

Usage:
  Non-class:     92.13 MB capacity,    89.89 MB ( 98%) used,     1.90 MB (  2%) free+waste,   353.94 KB ( <1%) overhead. 
      Class:     14.49 MB capacity,    13.26 MB ( 92%) used,     1.07 MB (  7%) free+waste,   157.31 KB (  1%) overhead. 
       Both:    106.63 MB capacity,   103.15 MB ( 97%) used,     2.97 MB (  3%) free+waste,   511.25 KB ( <1%) overhead. 

Virtual space:
  Non-class space:       94.00 MB reserved,      92.26 MB ( 98%) committed 
      Class space:        1.00 GB reserved,      14.50 MB (  1%) committed 
             Both:        1.09 GB reserved,     106.76 MB ( 10%) committed 

Chunk freelists:
   Non-Class:  2.00 KB
       Class:  0 bytes
        Both:  2.00 KB

MaxMetaspaceSize: 17179869184.00 GB
CompressedClassSpaceSize: 1.00 GB

CodeHeap 'non-profiled nmethods': size=120064Kb used=11565Kb max_used=12338Kb free=108498Kb
 bounds [0x0000023d71960000, 0x0000023d72570000, 0x0000023d78ea0000]
CodeHeap 'profiled nmethods': size=120000Kb used=37161Kb max_used=39422Kb free=82838Kb
 bounds [0x0000023d6a430000, 0x0000023d6cab0000, 0x0000023d71960000]
CodeHeap 'non-nmethods': size=5696Kb used=2321Kb max_used=2395Kb free=3374Kb
 bounds [0x0000023d69ea0000, 0x0000023d6a110000, 0x0000023d6a430000]
 total_blobs=17947 nmethods=17015 adapters=842
 compilation: enabled
              stopped_count=0, restarted_count=0
 full_count=0

Compilation events (20 events):
Event: 4247.558 Thread 0x0000023d7f560000 nmethod 17960 0x0000023d6a43b590 code [0x0000023d6a43b800, 0x0000023d6a43c0e8]
Event: 4247.558 Thread 0x0000023d7f560000 17971   !   3       org.gradle.internal.serialize.ExceptionReplacingObjectOutputStream$1::transform (15 bytes)
Event: 4247.559 Thread 0x0000023d7f560000 nmethod 17971 0x0000023d6a440a10 code [0x0000023d6a440ca0, 0x0000023d6a4417c8]
Event: 4247.559 Thread 0x0000023d7f560000 17972       3       org.gradle.internal.serialize.ExceptionReplacingObjectOutputStream::doReplaceObject (25 bytes)
Event: 4247.560 Thread 0x0000023d7f560000 nmethod 17972 0x0000023d6a43fb10 code [0x0000023d6a43fd80, 0x0000023d6a4406f8]
Event: 4247.560 Thread 0x0000023d7f560000 17974   !   3       java.io.ObjectOutputStream::writeObject (38 bytes)
Event: 4247.560 Thread 0x0000023d7f560000 nmethod 17974 0x0000023d6a43af90 code [0x0000023d6a43b160, 0x0000023d6a43b478]
Event: 4247.560 Thread 0x0000023d7f560000 17967       3       java.io.ObjectOutputStream::writeUTF (9 bytes)
Event: 4247.560 Thread 0x0000023d7f560000 nmethod 17967 0x0000023d6a433b90 code [0x0000023d6a433d60, 0x0000023d6a433f78]
Event: 4247.560 Thread 0x0000023d7f560000 17968       3       java.io.ObjectOutputStream$BlockDataOutputStream::writeUTF (11 bytes)
Event: 4247.560 Thread 0x0000023d7f560000 nmethod 17968 0x0000023d6a434390 code [0x0000023d6a434560, 0x0000023d6a434718]
Event: 4247.560 Thread 0x0000023d7f560000 17961       3       java.lang.String::format (16 bytes)
Event: 4247.563 Thread 0x0000023d7f560000 nmethod 17961 0x0000023d6a444110 code [0x0000023d6a444380, 0x0000023d6a444c88]
Event: 4247.563 Thread 0x0000023d7f560000 17976       3       java.util.concurrent.atomic.AtomicReference::getAndSet (9 bytes)
Event: 4247.564 Thread 0x0000023d7f560000 nmethod 17976 0x0000023d6a445d10 code [0x0000023d6a445fc0, 0x0000023d6a446cf8]
Event: 4247.564 Thread 0x0000023d7f560000 17977       3       java.lang.invoke.VarHandleGuards::guard_LL_L (74 bytes)
Event: 4247.567 Thread 0x0000023d7f560000 nmethod 17977 0x0000023d6a459790 code [0x0000023d6a459a80, 0x0000023d6a45ad28]
Event: 4247.567 Thread 0x0000023d7f560000 17978       3       java.util.concurrent.ThreadPoolExecutor::ctlOf (4 bytes)
Event: 4247.568 Thread 0x0000023d7f560000 nmethod 17978 0x0000023d6a431910 code [0x0000023d6a431ac0, 0x0000023d6a431b98]
Event: 4247.568 Thread 0x0000023d7f560000 17979   !   3       java.lang.Thread::interrupt (56 bytes)

GC Heap History (20 events):
Event: 571.648 GC heap before
{Heap before GC invocations=26 (full 0):
 garbage-first heap   total 283648K, used 205112K [0x00000000a0000000, 0x0000000100000000)
  region size 1024K, 86 young (88064K), 11 survivors (11264K)
 Metaspace       used 103904K, capacity 107190K, committed 107400K, reserved 1142784K
  class space    used 13491K, capacity 14671K, committed 14720K, reserved 1048576K
}
Event: 571.685 GC heap after
{Heap after GC invocations=27 (full 0):
 garbage-first heap   total 283648K, used 139368K [0x00000000a0000000, 0x0000000100000000)
  region size 1024K, 11 young (11264K), 11 survivors (11264K)
 Metaspace       used 103904K, capacity 107190K, committed 107400K, reserved 1142784K
  class space    used 13491K, capacity 14671K, committed 14720K, reserved 1048576K
}
Event: 571.720 GC heap before
{Heap before GC invocations=27 (full 0):
 garbage-first heap   total 283648K, used 139368K [0x00000000a0000000, 0x0000000100000000)
  region size 1024K, 12 young (12288K), 11 survivors (11264K)
 Metaspace       used 103905K, capacity 107190K, committed 107400K, reserved 1142784K
  class space    used 13491K, capacity 14671K, committed 14720K, reserved 1048576K
}
Event: 571.744 GC heap after
{Heap after GC invocations=28 (full 0):
 garbage-first heap   total 283648K, used 140144K [0x00000000a0000000, 0x0000000100000000)
  region size 1024K, 2 young (2048K), 2 survivors (2048K)
 Metaspace       used 103905K, capacity 107190K, committed 107400K, reserved 1142784K
  class space    used 13491K, capacity 14671K, committed 14720K, reserved 1048576K
}
Event: 574.567 GC heap before
{Heap before GC invocations=29 (full 0):
 garbage-first heap   total 283648K, used 281456K [0x00000000a0000000, 0x0000000100000000)
  region size 1024K, 47 young (48128K), 2 survivors (2048K)
 Metaspace       used 104094K, capacity 107372K, committed 107656K, reserved 1142784K
  class space    used 13498K, capacity 14682K, committed 14720K, reserved 1048576K
}
Event: 574.578 GC heap after
{Heap after GC invocations=30 (full 0):
 garbage-first heap   total 285696K, used 140518K [0x00000000a0000000, 0x0000000100000000)
  region size 1024K, 2 young (2048K), 2 survivors (2048K)
 Metaspace       used 104094K, capacity 107372K, committed 107656K, reserved 1142784K
  class space    used 13498K, capacity 14682K, committed 14720K, reserved 1048576K
}
Event: 574.593 GC heap before
{Heap before GC invocations=30 (full 0):
 garbage-first heap   total 285696K, used 150758K [0x00000000a0000000, 0x0000000100000000)
  region size 1024K, 13 young (13312K), 2 survivors (2048K)
 Metaspace       used 104099K, capacity 107372K, committed 107656K, reserved 1142784K
  class space    used 13498K, capacity 14682K, committed 14720K, reserved 1048576K
}
Event: 574.614 GC heap after
{Heap after GC invocations=31 (full 0):
 garbage-first heap   total 285696K, used 130704K [0x00000000a0000000, 0x0000000100000000)
  region size 1024K, 1 young (1024K), 1 survivors (1024K)
 Metaspace       used 104099K, capacity 107372K, committed 107656K, reserved 1142784K
  class space    used 13498K, capacity 14682K, committed 14720K, reserved 1048576K
}
Event: 574.620 GC heap before
{Heap before GC invocations=31 (full 0):
 garbage-first heap   total 285696K, used 131728K [0x00000000a0000000, 0x0000000100000000)
  region size 1024K, 3 young (3072K), 1 survivors (1024K)
 Metaspace       used 104099K, capacity 107372K, committed 107656K, reserved 1142784K
  class space    used 13498K, capacity 14682K, committed 14720K, reserved 1048576K
}
Event: 574.624 GC heap after
{Heap after GC invocations=32 (full 0):
 garbage-first heap   total 285696K, used 130736K [0x00000000a0000000, 0x0000000100000000)
  region size 1024K, 1 young (1024K), 1 survivors (1024K)
 Metaspace       used 104099K, capacity 107372K, committed 107656K, reserved 1142784K
  class space    used 13498K, capacity 14682K, committed 14720K, reserved 1048576K
}
Event: 1043.556 GC heap before
{Heap before GC invocations=33 (full 0):
 garbage-first heap   total 285696K, used 284336K [0x00000000a0000000, 0x0000000100000000)
  region size 1024K, 15 young (15360K), 1 survivors (1024K)
 Metaspace       used 104210K, capacity 107516K, committed 107656K, reserved 1142784K
  class space    used 13501K, capacity 14684K, committed 14720K, reserved 1048576K
}
Event: 1043.566 GC heap after
{Heap after GC invocations=34 (full 0):
 garbage-first heap   total 286720K, used 130763K [0x00000000a0000000, 0x0000000100000000)
  region size 1024K, 1 young (1024K), 1 survivors (1024K)
 Metaspace       used 104210K, capacity 107516K, committed 107656K, reserved 1142784K
  class space    used 13501K, capacity 14684K, committed 14720K, reserved 1048576K
}
Event: 1634.706 GC heap before
{Heap before GC invocations=34 (full 0):
 garbage-first heap   total 286720K, used 144075K [0x00000000a0000000, 0x0000000100000000)
  region size 1024K, 14 young (14336K), 1 survivors (1024K)
 Metaspace       used 104279K, capacity 107581K, committed 107656K, reserved 1142784K
  class space    used 13501K, capacity 14684K, committed 14720K, reserved 1048576K
}
Event: 1634.709 GC heap after
{Heap after GC invocations=35 (full 0):
 garbage-first heap   total 286720K, used 130755K [0x00000000a0000000, 0x0000000100000000)
  region size 1024K, 1 young (1024K), 1 survivors (1024K)
 Metaspace       used 104279K, capacity 107581K, committed 107656K, reserved 1142784K
  class space    used 13501K, capacity 14684K, committed 14720K, reserved 1048576K
}
Event: 4203.153 GC heap before
{Heap before GC invocations=35 (full 0):
 garbage-first heap   total 286720K, used 230083K [0x00000000a0000000, 0x0000000100000000)
  region size 1024K, 99 young (101376K), 1 survivors (1024K)
 Metaspace       used 104478K, capacity 107809K, committed 107912K, reserved 1142784K
  class space    used 13506K, capacity 14693K, committed 14720K, reserved 1048576K
}
Event: 4203.199 GC heap after
{Heap after GC invocations=36 (full 0):
 garbage-first heap   total 286720K, used 135491K [0x00000000a0000000, 0x0000000100000000)
  region size 1024K, 5 young (5120K), 5 survivors (5120K)
 Metaspace       used 104478K, capacity 107809K, committed 107912K, reserved 1142784K
  class space    used 13506K, capacity 14693K, committed 14720K, reserved 1048576K
}
Event: 4239.688 GC heap before
{Heap before GC invocations=37 (full 0):
 garbage-first heap   total 286720K, used 233795K [0x00000000a0000000, 0x0000000100000000)
  region size 1024K, 102 young (104448K), 5 survivors (5120K)
 Metaspace       used 105020K, capacity 108305K, committed 108552K, reserved 1142784K
  class space    used 13503K, capacity 14697K, committed 14848K, reserved 1048576K
}
Event: 4239.697 GC heap after
{Heap after GC invocations=38 (full 0):
 garbage-first heap   total 286720K, used 135050K [0x00000000a0000000, 0x0000000100000000)
  region size 1024K, 5 young (5120K), 5 survivors (5120K)
 Metaspace       used 105020K, capacity 108305K, committed 108552K, reserved 1142784K
  class space    used 13503K, capacity 14697K, committed 14848K, reserved 1048576K
}
Event: 4239.871 GC heap before
{Heap before GC invocations=38 (full 0):
 garbage-first heap   total 286720K, used 144266K [0x00000000a0000000, 0x0000000100000000)
  region size 1024K, 14 young (14336K), 5 survivors (5120K)
 Metaspace       used 105048K, capacity 108370K, committed 108552K, reserved 1142784K
  class space    used 13504K, capacity 14697K, committed 14848K, reserved 1048576K
}
Event: 4239.915 GC heap after
{Heap after GC invocations=39 (full 0):
 garbage-first heap   total 286720K, used 120807K [0x00000000a0000000, 0x0000000100000000)
  region size 1024K, 2 young (2048K), 2 survivors (2048K)
 Metaspace       used 105048K, capacity 108370K, committed 108552K, reserved 1142784K
  class space    used 13504K, capacity 14697K, committed 14848K, reserved 1048576K
}

Deoptimization events (20 events):
Event: 4241.095 Thread 0x0000023d0200e000 Uncommon trap: trap_request=0xffffffbe fr.pc=0x0000023d723847c0 relative=0x0000000000006980
Event: 4241.095 Thread 0x0000023d0200e000 Uncommon trap: reason=profile_predicate action=maybe_recompile pc=0x0000023d723847c0 method=org.gradle.api.internal.artifacts.ivyservice.resolveengine.ComponentResolversChain$DependencyToComponentIdResolverChain.resolve(Lorg/gradle/internal/component/mode
Event: 4241.095 Thread 0x0000023d0200e000 DEOPT PACKING pc=0x0000023d723847c0 sp=0x0000006b2e3f9a60
Event: 4241.095 Thread 0x0000023d0200e000 DEOPT UNPACKING pc=0x0000023d69ec78af sp=0x0000006b2e3f96b8 mode 2
Event: 4241.148 Thread 0x0000023d0200e000 Uncommon trap: trap_request=0xffffffbe fr.pc=0x0000023d723847c0 relative=0x0000000000006980
Event: 4241.148 Thread 0x0000023d0200e000 Uncommon trap: reason=profile_predicate action=maybe_recompile pc=0x0000023d723847c0 method=org.gradle.api.internal.artifacts.ivyservice.resolveengine.ComponentResolversChain$DependencyToComponentIdResolverChain.resolve(Lorg/gradle/internal/component/mode
Event: 4241.148 Thread 0x0000023d0200e000 DEOPT PACKING pc=0x0000023d723847c0 sp=0x0000006b2e3f9a60
Event: 4241.148 Thread 0x0000023d0200e000 DEOPT UNPACKING pc=0x0000023d69ec78af sp=0x0000006b2e3f96b8 mode 2
Event: 4241.261 Thread 0x0000023d0200e000 Uncommon trap: trap_request=0xfffffff4 fr.pc=0x0000023d7249771c relative=0x000000000000225c
Event: 4241.261 Thread 0x0000023d0200e000 Uncommon trap: reason=null_check action=make_not_entrant pc=0x0000023d7249771c method=org.gradle.execution.plan.TaskNodeFactory.getNode(Lorg/gradle/api/Task;)Lorg/gradle/execution/plan/TaskNode; @ 10 c2
Event: 4241.261 Thread 0x0000023d0200e000 DEOPT PACKING pc=0x0000023d7249771c sp=0x0000006b2e3fa010
Event: 4241.261 Thread 0x0000023d0200e000 DEOPT UNPACKING pc=0x0000023d69ec78af sp=0x0000006b2e3f9ef8 mode 2
Event: 4247.553 Thread 0x0000023d0200e000 Uncommon trap: trap_request=0xffffffc6 fr.pc=0x0000023d71f6d090 relative=0x0000000000000a30
Event: 4247.553 Thread 0x0000023d0200e000 Uncommon trap: reason=bimorphic_or_optimized_type_check action=maybe_recompile pc=0x0000023d71f6d090 method=com.google.common.cache.LocalCache$Segment.get(Ljava/lang/Object;I)Ljava/lang/Object; @ 44 c2
Event: 4247.553 Thread 0x0000023d0200e000 DEOPT PACKING pc=0x0000023d71f6d090 sp=0x0000006b2e3fd2e0
Event: 4247.553 Thread 0x0000023d0200e000 DEOPT UNPACKING pc=0x0000023d69ec78af sp=0x0000006b2e3fd2a8 mode 2
Event: 4247.553 Thread 0x0000023d0200e000 Uncommon trap: trap_request=0xffffffde fr.pc=0x0000023d722bbe14 relative=0x0000000000000074
Event: 4247.553 Thread 0x0000023d0200e000 Uncommon trap: reason=class_check action=maybe_recompile pc=0x0000023d722bbe14 method=java.lang.Integer.equals(Ljava/lang/Object;)Z @ 1 c2
Event: 4247.553 Thread 0x0000023d0200e000 DEOPT PACKING pc=0x0000023d722bbe14 sp=0x0000006b2e3fd450
Event: 4247.553 Thread 0x0000023d0200e000 DEOPT UNPACKING pc=0x0000023d69ec78af sp=0x0000006b2e3fd3f0 mode 2

Classes redefined (0 events):
No events

Internal exceptions (20 events):
Event: 4211.013 Thread 0x0000023d0200e000 Implicit null exception at 0x0000023d72448425 to 0x0000023d7244a370
Event: 4211.013 Thread 0x0000023d0200e000 Implicit null exception at 0x0000023d7244c0fc to 0x0000023d7244c964
Event: 4211.122 Thread 0x0000023d02012000 Exception <a 'java/lang/NoSuchMethodError'{0x00000000acba9240}: <clinit>> (0x00000000acba9240) thrown at [./src/hotspot/share/prims/jni.cpp, line 1362]
Event: 4211.125 Thread 0x0000023d02012000 Exception <a 'java/lang/NoSuchMethodError'{0x00000000acbba358}: <clinit>> (0x00000000acbba358) thrown at [./src/hotspot/share/prims/jni.cpp, line 1362]
Event: 4211.125 Thread 0x0000023d02012000 Exception <a 'java/lang/NoSuchMethodError'{0x00000000acbbba40}: <clinit>> (0x00000000acbbba40) thrown at [./src/hotspot/share/prims/jni.cpp, line 1362]
Event: 4211.128 Thread 0x0000023d02012000 Exception <a 'java/lang/NoSuchMethodError'{0x00000000acbcde20}: <clinit>> (0x00000000acbcde20) thrown at [./src/hotspot/share/prims/jni.cpp, line 1362]
Event: 4211.129 Thread 0x0000023d02012000 Exception <a 'java/lang/NoSuchMethodError'{0x00000000acbda1e8}: <clinit>> (0x00000000acbda1e8) thrown at [./src/hotspot/share/prims/jni.cpp, line 1362]
Event: 4239.450 Thread 0x0000023d0200e000 Exception <a 'java/lang/NoSuchMethodError'{0x00000000ac677d10}: 'java.lang.Object java.lang.invoke.DelegatingMethodHandle$Holder.reinvoke_L(java.lang.Object, java.lang.Object, java.lang.Object, java.lang.Object, java.lang.Object, java.lang.Object, java.lang.Object, java.lang.Object, java.lang.Object, java.lang.Object, java.lang.Object, java.lang.Object, java.lang.Object, java.lang.Object, java.lang.Object, java.lang.Object, java.lang.Object, java.lang.Object, java.lang.Object, java.lang.Object, java.lang.O
Event: 4239.455 Thread 0x0000023d0200e000 Exception <a 'java/lang/NoSuchMethodError'{0x00000000ac6cef50}: 'java.lang.Object java.lang.invoke.DelegatingMethodHandle$Holder.reinvoke_L(java.lang.Object, java.lang.Object, java.lang.Object, java.lang.Object, java.lang.Object, java.lang.Object, java.lang.Object, java.lang.Object, java.lang.Object, java.lang.Object, java.lang.Object, java.lang.Object, java.lang.Object, java.lang.Object, java.lang.Object, java.lang.Object, java.lang.Object, java.lang.Object, java.lang.Object, java.lang.Object)'> (0x000000
Event: 4239.675 Thread 0x0000023d0200e000 Implicit null exception at 0x0000023d71ca4d84 to 0x0000023d71caa56c
Event: 4239.737 Thread 0x0000023d0200e000 Exception <a 'sun/nio/fs/WindowsException'{0x00000000b1600c58}> (0x00000000b1600c58) thrown at [./src/hotspot/share/prims/jni.cpp, line 615]
Event: 4240.910 Thread 0x0000023d0200e000 Exception <a 'sun/nio/fs/WindowsException'{0x00000000ae765ed0}> (0x00000000ae765ed0) thrown at [./src/hotspot/share/prims/jni.cpp, line 615]
Event: 4240.922 Thread 0x0000023d0200e000 Exception <a 'sun/nio/fs/WindowsException'{0x00000000ae6032b8}> (0x00000000ae6032b8) thrown at [./src/hotspot/share/prims/jni.cpp, line 615]
Event: 4240.922 Thread 0x0000023d0200e000 Exception <a 'sun/nio/fs/WindowsException'{0x00000000ae604d28}> (0x00000000ae604d28) thrown at [./src/hotspot/share/prims/jni.cpp, line 615]
Event: 4240.922 Thread 0x0000023d0200e000 Exception <a 'sun/nio/fs/WindowsException'{0x00000000ae606840}> (0x00000000ae606840) thrown at [./src/hotspot/share/prims/jni.cpp, line 615]
Event: 4240.922 Thread 0x0000023d0200e000 Exception <a 'sun/nio/fs/WindowsException'{0x00000000ae608358}> (0x00000000ae608358) thrown at [./src/hotspot/share/prims/jni.cpp, line 615]
Event: 4241.095 Thread 0x0000023d0200e000 Implicit null exception at 0x0000023d7237f827 to 0x0000023d723846fc
Event: 4241.148 Thread 0x0000023d0200e000 Implicit null exception at 0x0000023d7237f827 to 0x0000023d723846fc
Event: 4241.261 Thread 0x0000023d0200e000 Implicit null exception at 0x0000023d72496613 to 0x0000023d72497707
Event: 4247.423 Thread 0x0000023d02f01800 Exception <a 'java/lang/reflect/InvocationTargetException'{0x00000000aca73618}> (0x00000000aca73618) thrown at [./src/hotspot/share/runtime/reflection.cpp, line 1247]

Events (20 events):
Event: 4247.511 Thread 0x0000023d7f5cd000 flushing nmethod 0x0000023d6af62810
Event: 4247.512 Thread 0x0000023d7f5cd000 flushing nmethod 0x0000023d6af90090
Event: 4247.512 Thread 0x0000023d7f5cd000 flushing nmethod 0x0000023d6afb4f10
Event: 4247.512 Thread 0x0000023d7f5cd000 flushing nmethod 0x0000023d6b02a890
Event: 4247.512 Thread 0x0000023d7f5cd000 flushing nmethod 0x0000023d6b0a0d90
Event: 4247.515 Thread 0x0000023d7f5cd000 flushing nmethod 0x0000023d6b37da10
Event: 4247.519 Thread 0x0000023d7f5cd000 flushing nmethod 0x0000023d6b8d1390
Event: 4247.524 Executing VM operation: RevokeBias
Event: 4247.525 Executing VM operation: RevokeBias done
Event: 4247.525 Thread 0x0000023d035fc000 Thread exited: 0x0000023d035fc000
Event: 4247.557 Executing VM operation: RevokeBias
Event: 4247.557 Executing VM operation: RevokeBias done
Event: 4247.558 Thread 0x0000023d035fe000 Thread exited: 0x0000023d035fe000
Event: 4247.561 Executing VM operation: RevokeBias
Event: 4247.561 Executing VM operation: RevokeBias done
Event: 4247.562 Thread 0x0000023d03607000 Thread exited: 0x0000023d03607000
Event: 4247.564 Executing VM operation: RevokeBias
Event: 4247.564 Executing VM operation: RevokeBias done
Event: 4247.564 Thread 0x0000023d03604800 Thread exited: 0x0000023d03604800
Event: 4247.568 Executing VM operation: RevokeBias


Dynamic libraries:
0x00007ff70bfd0000 - 0x00007ff70bfda000 	C:\Program Files\Android\Android Studio\jre\bin\java.exe
0x00007ffe1bb90000 - 0x00007ffe1bd88000 	C:\WINDOWS\SYSTEM32\ntdll.dll
0x00007ffe1b900000 - 0x00007ffe1b9bd000 	C:\WINDOWS\System32\KERNEL32.DLL
0x00007ffe197f0000 - 0x00007ffe19ae6000 	C:\WINDOWS\System32\KERNELBASE.dll
0x00007ffe196f0000 - 0x00007ffe197f0000 	C:\WINDOWS\System32\ucrtbase.dll
0x00007ffdeb6f0000 - 0x00007ffdeb707000 	C:\Program Files\Android\Android Studio\jre\bin\VCRUNTIME140.dll
0x00007ffe031c0000 - 0x00007ffe031d9000 	C:\Program Files\Android\Android Studio\jre\bin\jli.dll
0x00007ffe1a460000 - 0x00007ffe1a5fe000 	C:\WINDOWS\System32\USER32.dll
0x00007ffe00d00000 - 0x00007ffe00f9a000 	C:\WINDOWS\WinSxS\amd64_microsoft.windows.common-controls_6595b64144ccf1df_6.0.19041.3636_none_60b6a03d71f818d5\COMCTL32.dll
0x00007ffe19af0000 - 0x00007ffe19b12000 	C:\WINDOWS\System32\win32u.dll
0x00007ffe1b9d0000 - 0x00007ffe1ba6e000 	C:\WINDOWS\System32\msvcrt.dll
0x00007ffe1a6e0000 - 0x00007ffe1a70b000 	C:\WINDOWS\System32\GDI32.dll
0x00007ffe192e0000 - 0x00007ffe193f7000 	C:\WINDOWS\System32\gdi32full.dll
0x00007ffe19240000 - 0x00007ffe192dd000 	C:\WINDOWS\System32\msvcp_win.dll
0x00007ffe1a720000 - 0x00007ffe1a752000 	C:\WINDOWS\System32\IMM32.DLL
0x00007ffdce870000 - 0x00007ffdce90d000 	C:\Program Files\Android\Android Studio\jre\bin\msvcp140.dll
0x00007ffd9e120000 - 0x00007ffd9ebef000 	C:\Program Files\Android\Android Studio\jre\bin\server\jvm.dll
0x00007ffe1a760000 - 0x00007ffe1a810000 	C:\WINDOWS\System32\ADVAPI32.dll
0x00007ffe19bc0000 - 0x00007ffe19c60000 	C:\WINDOWS\System32\sechost.dll
0x00007ffe19d20000 - 0x00007ffe19e45000 	C:\WINDOWS\System32\RPCRT4.dll
0x00007ffe19b90000 - 0x00007ffe19bb7000 	C:\WINDOWS\System32\bcrypt.dll
0x00007ffe1a710000 - 0x00007ffe1a718000 	C:\WINDOWS\System32\PSAPI.DLL
0x00007ffe11760000 - 0x00007ffe11769000 	C:\WINDOWS\SYSTEM32\WSOCK32.dll
0x00007ffe1b130000 - 0x00007ffe1b19b000 	C:\WINDOWS\System32\WS2_32.dll
0x00007ffe037c0000 - 0x00007ffe037e7000 	C:\WINDOWS\SYSTEM32\WINMM.dll
0x00007ffe0f880000 - 0x00007ffe0f88a000 	C:\WINDOWS\SYSTEM32\VERSION.dll
0x00007ffe17a90000 - 0x00007ffe17aa2000 	C:\WINDOWS\SYSTEM32\kernel.appcore.dll
0x00007ffe06630000 - 0x00007ffe06641000 	C:\Program Files\Android\Android Studio\jre\bin\verify.dll
0x00007ffe17820000 - 0x00007ffe17a04000 	C:\WINDOWS\SYSTEM32\DBGHELP.DLL
0x00007ffdfeb00000 - 0x00007ffdfeb34000 	C:\WINDOWS\SYSTEM32\dbgcore.DLL
0x00007ffe19660000 - 0x00007ffe196e2000 	C:\WINDOWS\System32\bcryptPrimitives.dll
0x00007ffe05560000 - 0x00007ffe05589000 	C:\Program Files\Android\Android Studio\jre\bin\java.dll
0x00007ffe10940000 - 0x00007ffe1094b000 	C:\Program Files\Android\Android Studio\jre\bin\jimage.dll
0x00007ffde4ff0000 - 0x00007ffde5008000 	C:\Program Files\Android\Android Studio\jre\bin\zip.dll
0x00007ffe1a810000 - 0x00007ffe1af7b000 	C:\WINDOWS\System32\SHELL32.dll
0x00007ffe16fc0000 - 0x00007ffe1775e000 	C:\WINDOWS\SYSTEM32\windows.storage.dll
0x00007ffe1b470000 - 0x00007ffe1b7c3000 	C:\WINDOWS\System32\combase.dll
0x00007ffe18ac0000 - 0x00007ffe18aee000 	C:\WINDOWS\SYSTEM32\Wldp.dll
0x00007ffe1b830000 - 0x00007ffe1b8fd000 	C:\WINDOWS\System32\OLEAUT32.dll
0x00007ffe1b360000 - 0x00007ffe1b40d000 	C:\WINDOWS\System32\SHCORE.dll
0x00007ffe1b7d0000 - 0x00007ffe1b825000 	C:\WINDOWS\System32\shlwapi.dll
0x00007ffe19170000 - 0x00007ffe19195000 	C:\WINDOWS\SYSTEM32\profapi.dll
0x00007ffe011d0000 - 0x00007ffe011ea000 	C:\Program Files\Android\Android Studio\jre\bin\net.dll
0x00007ffe07810000 - 0x00007ffe0791a000 	C:\WINDOWS\SYSTEM32\WINHTTP.dll
0x00007ffe188a0000 - 0x00007ffe1890a000 	C:\WINDOWS\system32\mswsock.dll
0x00007ffe011b0000 - 0x00007ffe011c4000 	C:\Program Files\Android\Android Studio\jre\bin\nio.dll
0x00007ffdeaf50000 - 0x00007ffdeaf77000 	C:\Users\Arona\.gradle\native\e1d6ef7f7dcc3fd88c89a11ec53ec762bb8ba0a96d01ffa2cd45eb1d1d8dd5c5\windows-amd64\native-platform.dll
0x00007ffd94da0000 - 0x00007ffd94ee4000 	C:\Users\Arona\.gradle\native\0d407fdbe67a94daf76414ababcb853783967236a71b16ec16e742cd7a986fd3\windows-amd64\native-platform-file-events.dll
0x00007ffe10580000 - 0x00007ffe1058a000 	C:\Program Files\Android\Android Studio\jre\bin\management.dll
0x00007ffe0ec70000 - 0x00007ffe0ec7c000 	C:\Program Files\Android\Android Studio\jre\bin\management_ext.dll
0x00007ffe18b00000 - 0x00007ffe18b18000 	C:\WINDOWS\SYSTEM32\CRYPTSP.dll
0x00007ffe181f0000 - 0x00007ffe18224000 	C:\WINDOWS\system32\rsaenh.dll
0x00007ffe190f0000 - 0x00007ffe1911e000 	C:\WINDOWS\SYSTEM32\USERENV.dll
0x00007ffe18a30000 - 0x00007ffe18a3c000 	C:\WINDOWS\SYSTEM32\CRYPTBASE.dll
0x00007ffe185b0000 - 0x00007ffe185eb000 	C:\WINDOWS\SYSTEM32\IPHLPAPI.DLL
0x00007ffe19c60000 - 0x00007ffe19c68000 	C:\WINDOWS\System32\NSI.dll
0x00007ffe0b730000 - 0x00007ffe0b747000 	C:\WINDOWS\SYSTEM32\dhcpcsvc6.DLL
0x00007ffe0dce0000 - 0x00007ffe0dcfd000 	C:\WINDOWS\SYSTEM32\dhcpcsvc.DLL
0x00007ffe185f0000 - 0x00007ffe186bb000 	C:\WINDOWS\SYSTEM32\DNSAPI.dll
0x00007ffdeaf80000 - 0x00007ffdeafa7000 	C:\Program Files\Android\Android Studio\jre\bin\sunec.dll

dbghelp: loaded successfully - version: 4.0.5 - missing functions: none
symbol engine: initialized successfully - sym options: 0x614 - pdb path: .;C:\Program Files\Android\Android Studio\jre\bin;C:\WINDOWS\SYSTEM32;C:\WINDOWS\WinSxS\amd64_microsoft.windows.common-controls_6595b64144ccf1df_6.0.19041.3636_none_60b6a03d71f818d5;C:\Program Files\Android\Android Studio\jre\bin\server;C:\Users\Arona\.gradle\native\e1d6ef7f7dcc3fd88c89a11ec53ec762bb8ba0a96d01ffa2cd45eb1d1d8dd5c5\windows-amd64;C:\Users\Arona\.gradle\native\0d407fdbe67a94daf76414ababcb853783967236a71b16ec16e742cd7a986fd3\windows-amd64

VM Arguments:
jvm_args: --add-opens=java.base/java.util=ALL-UNNAMED --add-opens=java.base/java.lang=ALL-UNNAMED --add-opens=java.base/java.lang.invoke=ALL-UNNAMED --add-opens=java.base/java.util=ALL-UNNAMED --add-opens=java.prefs/java.util.prefs=ALL-UNNAMED --add-opens=java.prefs/java.util.prefs=ALL-UNNAMED --add-opens=java.base/java.nio.charset=ALL-UNNAMED --add-opens=java.base/java.net=ALL-UNNAMED --add-opens=java.base/java.util.concurrent.atomic=ALL-UNNAMED -Xmx1536M -Dfile.encoding=windows-1252 -Duser.country=US -Duser.language=en -Duser.variant 
java_command: org.gradle.launcher.daemon.bootstrap.GradleDaemon 7.4
java_class_path (initial): C:\Users\Arona\.gradle\wrapper\dists\gradle-7.4-all\aadb4xli5jkdsnukm30eibyiu\gradle-7.4\lib\gradle-launcher-7.4.jar
Launcher Type: SUN_STANDARD

[Global flags]
     intx CICompilerCount                          = 3                                         {product} {ergonomic}
     uint ConcGCThreads                            = 1                                         {product} {ergonomic}
     uint G1ConcRefinementThreads                  = 4                                         {product} {ergonomic}
   size_t G1HeapRegionSize                         = 1048576                                   {product} {ergonomic}
    uintx GCDrainStackTargetSize                   = 64                                        {product} {ergonomic}
   size_t InitialHeapSize                          = 268435456                                 {product} {ergonomic}
   size_t MarkStackSize                            = 4194304                                   {product} {ergonomic}
   size_t MaxHeapSize                              = 1610612736                                {product} {command line}
   size_t MaxNewSize                               = 965738496                                 {product} {ergonomic}
   size_t MinHeapDeltaBytes                        = 1048576                                   {product} {ergonomic}
    uintx NonNMethodCodeHeapSize                   = 5830732                                {pd product} {ergonomic}
    uintx NonProfiledCodeHeapSize                  = 122913754                              {pd product} {ergonomic}
    uintx ProfiledCodeHeapSize                     = 122913754                              {pd product} {ergonomic}
    uintx ReservedCodeCacheSize                    = 251658240                              {pd product} {ergonomic}
     bool SegmentedCodeCache                       = true                                      {product} {ergonomic}
     bool UseCompressedClassPointers               = true                                 {lp64_product} {ergonomic}
     bool UseCompressedOops                        = true                                 {lp64_product} {ergonomic}
     bool UseG1GC                                  = true                                      {product} {ergonomic}
     bool UseLargePagesIndividualAllocation        = false                                  {pd product} {ergonomic}

Logging:
Log output configuration:
 #0: stdout all=warning uptime,level,tags
 #1: stderr all=off uptime,level,tags

Environment Variables:
JAVA_HOME=C:\Program Files\Android\Android Studio\jre
CLASSPATH=C:\Users\Arona\StudioProjects\GetRest\android\\gradle\wrapper\gradle-wrapper.jar
PATH=C:\Program Files\Python36\Scripts\;C:\Program Files\Python36\;C:\Program Files\Common Files\Oracle\Java\javapath;C:\Program Files (x86)\Common Files\Intel\Shared Libraries\redist\intel64_win\compiler;C:\WINDOWS\system32;C:\WINDOWS;C:\WINDOWS\System32\Wbem;C:\WINDOWS\System32\WindowsPowerShell\v1.0\;C:\WINDOWS\System32\OpenSSH\;C:\Program Files\dotnet\;C:\Program Files (x86)\Microsoft SQL Server\hms\100\Tools\Binn\;C:\Program Files\Microsoft SQL Server\Hms\100\Tools\Binn\;C:\Program Files\Microsoft SQL Server\Hms\100\DTS\Binn\;C:\Program Files (x86)\Microsoft SQL Server\110\Tools\Binn\;C:\Program Files\Microsoft SQL Server\110\Tools\Binn\;C:\Program Files\Microsoft SQL Server\110\DTS\Binn\;C:\Program Files\Microsoft SQL Server\120\Tools\Binn\;C:\Program Files\Common Files\Autodesk Shared\;C:\Program Files\Microsoft SQL Server\Client SDK\ODBC\170\Tools\Binn\;C:\Program Files (x86)\Microsoft SQL Server\150\Tools\Binn\;C:\Program Files\Microsoft SQL Server\150\Tools\Binn\;C:\Program Files\Microsoft SQL Server\150\DTS\Binn\;C:\Program Files (x86)\NVIDIA Corporation\PhysX\Common;C:\Program Files\NVIDIA Corporation\NVIDIA NvDLISR;C:\Program Files (x86)\dotnet\;C:\adb;C:\apktool;C:\Program Files\Docker\Docker\resources\bin;D:\Git\cmd;C:\Program Files\nodejs\;C:\Program Files (x86)\Microsoft SQL Server\150\DTS\Binn\;C:\Program Files\Azure Data Studio\bin;C:\Program Files\PuTTY\;C:\Program Files\Java\jdk-19\bin;C:\Users\Arona\AppData\Local\Microsoft\WindowsApps;C:\Users\Arona\.dotnet\tools;D:\src\flutter\bin;C:\Users\Arona\AppData\Roaming\npm;C:\xampp\php;C:\Users\Arona\AppData\Local\Programs\Microsoft VS Code\bin;D:\src\flutter\bin\mingit\cmd
USERNAME=Arona
OS=Windows_NT
PROCESSOR_IDENTIFIER=Intel64 Family 6 Model 142 Stepping 9, GenuineIntel



---------------  S Y S T E M  ---------------

OS: Windows 10 , 64 bit Build 19041 (10.0.19041.3636)
OS uptime: 1 days 2:11 hours
Hyper-V role detected

CPU:total 4 (initial active 4) (2 cores per cpu, 2 threads per core) family 6 model 142 stepping 9 microcode 0xf0, cmov, cx8, fxsr, mmx, sse, sse2, sse3, ssse3, sse4.1, sse4.2, popcnt, avx, avx2, aes, clmul, erms, 3dnowpref, lzcnt, ht, tsc, tscinvbit, bmi1, bmi2, adx, fma

Memory: 4k page, system-wide physical 16285M (1982M free)
TotalPageFile size 16285M (AvailPageFile size 144M)
current process WorkingSet (physical memory assigned to process): 462M, peak: 633M
current process commit charge ("private bytes"): 612M, peak: 665M

vm_info: OpenJDK 64-Bit Server VM (11.0.10+0-b96-7249189) for windows-amd64 JRE (11.0.10+0-b96-7249189), built on Mar 31 2021 21:44:00 by "builder" with MS VC++ 14.0 (VS2015)

END.
