#
# There is insufficient memory for the Java Runtime Environment to continue.
# Native memory allocation (malloc) failed to allocate 1067536 bytes for Chunk::new
# Possible reasons:
#   The system is out of physical RAM or swap space
#   The process is running with CompressedOops enabled, and the Java Heap may be blocking the growth of the native heap
# Possible solutions:
#   Reduce memory load on the system
#   Increase physical memory or swap space
#   Check if swap backing store is full
#   Decrease Java heap size (-Xmx/-Xms)
#   Decrease number of Java threads
#   Decrease Java thread stack sizes (-Xss)
#   Set larger code cache with -XX:ReservedCodeCacheSize=
#   JVM is running with Unscaled Compressed Oops mode in which the Java heap is
#     placed in the first 4GB address space. The Java Heap base address is the
#     maximum limit for the native heap growth. Please use -XX:HeapBaseMinAddress
#     to set the Java Heap base and to place the Java Heap above 4GB virtual address.
# This output file may be truncated or incomplete.
#
#  Out of Memory Error (./src/hotspot/share/memory/arena.cpp:197), pid=17684, tid=19160
#
# JRE version: OpenJDK Runtime Environment (11.0.10) (build 11.0.10+0-b96-7249189)
# Java VM: OpenJDK 64-Bit Server VM (11.0.10+0-b96-7249189, mixed mode, tiered, compressed oops, g1 gc, windows-amd64)
# No core dump will be written. Minidumps are not enabled by default on client versions of Windows
#

---------------  S U M M A R Y ------------

Command Line: --add-opens=java.base/java.util=ALL-UNNAMED --add-opens=java.base/java.lang=ALL-UNNAMED --add-opens=java.base/java.lang.invoke=ALL-UNNAMED --add-opens=java.base/java.util=ALL-UNNAMED --add-opens=java.prefs/java.util.prefs=ALL-UNNAMED --add-opens=java.prefs/java.util.prefs=ALL-UNNAMED --add-opens=java.base/java.nio.charset=ALL-UNNAMED --add-opens=java.base/java.net=ALL-UNNAMED --add-opens=java.base/java.util.concurrent.atomic=ALL-UNNAMED -Xmx1536M -Dfile.encoding=windows-1252 -Duser.country=US -Duser.language=en -Duser.variant org.gradle.launcher.daemon.bootstrap.GradleDaemon 7.4

Host: Intel(R) Core(TM) i7-7500U CPU @ 2.70GHz, 4 cores, 15G,  Windows 10 , 64 bit Build 19041 (10.0.19041.3636)
Time: Thu Dec  5 11:28:29 2024 E. Africa Standard Time elapsed time: 31.661759 seconds (0d 0h 0m 31s)

---------------  T H R E A D  ---------------

Current thread (0x00000145699d5800):  JavaThread "C2 CompilerThread1" daemon [_thread_in_native, id=19160, stack(0x00000016ae300000,0x00000016ae400000)]


Current CompileTask:
C2:  31661 11631       4       java.lang.String::split (324 bytes)

Stack: [0x00000016ae300000,0x00000016ae400000]
Native frames: (J=compiled Java code, j=interpreted, Vv=VM code, C=native code)
V  [jvm.dll+0x5ecfaa]
V  [jvm.dll+0x722bd5]
V  [jvm.dll+0x72412d]
V  [jvm.dll+0x7247e3]
V  [jvm.dll+0x242928]
V  [jvm.dll+0xbc4fc]
V  [jvm.dll+0xbca0c]
V  [jvm.dll+0x352d7d]
V  [jvm.dll+0x19800c]
V  [jvm.dll+0x1fb70e]
V  [jvm.dll+0x1fa7f4]
V  [jvm.dll+0x18354c]
V  [jvm.dll+0x208ee7]
V  [jvm.dll+0x207731]
V  [jvm.dll+0x6eb1cf]
V  [jvm.dll+0x6e3d45]
V  [jvm.dll+0x5ebe96]
C  [ucrtbase.dll+0x21bb2]
C  [KERNEL32.DLL+0x17344]
C  [ntdll.dll+0x526b1]


---------------  P R O C E S S  ---------------

Threads class SMR info:
_java_thread_list=0x0000014571502d80, length=86, elements={
0x000001454cd57800, 0x0000014565e71800, 0x0000014565e77000, 0x0000014565ef3800,
0x0000014565ef6000, 0x0000014565ef7000, 0x0000014565efa000, 0x0000014565f02800,
0x0000014565f0c000, 0x0000014566077000, 0x0000014569040800, 0x00000145687cd800,
0x00000145687ce000, 0x00000145687cf000, 0x00000145687d0000, 0x00000145687cb000,
0x00000145687ca000, 0x00000145687d0800, 0x00000145687cb800, 0x00000145687cc800,
0x000001456655b800, 0x000001456655d000, 0x000001456655c800, 0x000001456655e000,
0x000001456655a000, 0x000001456655f000, 0x000001456655f800, 0x0000014566565800,
0x0000014566566000, 0x0000014566562000, 0x0000014566561800, 0x0000014566563800,
0x0000014566568800, 0x00000145689c6000, 0x00000145689c8000, 0x00000145689c8800,
0x00000145689c7000, 0x00000145689c5800, 0x00000145689c4800, 0x00000145689cd800,
0x00000145689ce800, 0x00000145689cf000, 0x00000145689c9800, 0x00000145689cb000,
0x00000145689d0000, 0x00000145689d1000, 0x00000145689d1800, 0x00000145689cc000,
0x00000145689d2800, 0x00000145689cc800, 0x00000145689d3000, 0x000001456b679800,
0x000001456b67d800, 0x000001456b67a800, 0x000001456b67b800, 0x000001456b67e800,
0x000001456b67c000, 0x000001456b679000, 0x000001456b680000, 0x000001456b681000,
0x000001456b67f800, 0x000001456b682000, 0x000001456b682800, 0x000001456b67d000,
0x000001456b685000, 0x000001456b686000, 0x000001456b687800, 0x000001456b686800,
0x000001456b683800, 0x000001456b684000, 0x00000145699c8800, 0x00000145699cf000,
0x00000145699c9000, 0x00000145699cc800, 0x00000145699cd800, 0x00000145699cb800,
0x00000145699ce000, 0x00000145699ca000, 0x00000145699d0800, 0x00000145699d1800,
0x00000145699d6800, 0x00000145699d4800, 0x00000145699d3000, 0x00000145699d7000,
0x00000145699d4000, 0x00000145699d5800
}

Java Threads: ( => current thread )
  0x000001454cd57800 JavaThread "main" [_thread_blocked, id=3932, stack(0x00000016abe00000,0x00000016abf00000)]
  0x0000014565e71800 JavaThread "Reference Handler" daemon [_thread_blocked, id=13432, stack(0x00000016ac500000,0x00000016ac600000)]
  0x0000014565e77000 JavaThread "Finalizer" daemon [_thread_blocked, id=14716, stack(0x00000016ac600000,0x00000016ac700000)]
  0x0000014565ef3800 JavaThread "Signal Dispatcher" daemon [_thread_blocked, id=16248, stack(0x00000016ac700000,0x00000016ac800000)]
  0x0000014565ef6000 JavaThread "Attach Listener" daemon [_thread_blocked, id=8964, stack(0x00000016ac800000,0x00000016ac900000)]
  0x0000014565ef7000 JavaThread "Service Thread" daemon [_thread_blocked, id=12380, stack(0x00000016ac900000,0x00000016aca00000)]
  0x0000014565efa000 JavaThread "C2 CompilerThread0" daemon [_thread_blocked, id=14096, stack(0x00000016aca00000,0x00000016acb00000)]
  0x0000014565f02800 JavaThread "C1 CompilerThread0" daemon [_thread_blocked, id=18412, stack(0x00000016acb00000,0x00000016acc00000)]
  0x0000014565f0c000 JavaThread "Sweeper thread" daemon [_thread_blocked, id=5156, stack(0x00000016acc00000,0x00000016acd00000)]
  0x0000014566077000 JavaThread "Common-Cleaner" daemon [_thread_blocked, id=17112, stack(0x00000016acd00000,0x00000016ace00000)]
  0x0000014569040800 JavaThread "Daemon health stats" [_thread_blocked, id=1304, stack(0x00000016ad300000,0x00000016ad400000)]
  0x00000145687cd800 JavaThread "Incoming local TCP Connector on port 56554" [_thread_in_native, id=18320, stack(0x00000016acf00000,0x00000016ad000000)]
  0x00000145687ce000 JavaThread "Daemon periodic checks" [_thread_blocked, id=16584, stack(0x00000016ad400000,0x00000016ad500000)]
  0x00000145687cf000 JavaThread "Daemon" [_thread_blocked, id=3528, stack(0x00000016ad500000,0x00000016ad600000)]
  0x00000145687d0000 JavaThread "Handler for socket connection from /127.0.0.1:56554 to /127.0.0.1:56566" [_thread_in_native, id=9244, stack(0x00000016ad600000,0x00000016ad700000)]
  0x00000145687cb000 JavaThread "Cancel handler" [_thread_blocked, id=8992, stack(0x00000016ad700000,0x00000016ad800000)]
  0x00000145687ca000 JavaThread "Daemon worker" [_thread_blocked, id=12216, stack(0x00000016ad800000,0x00000016ad900000)]
  0x00000145687d0800 JavaThread "Asynchronous log dispatcher for DefaultDaemonConnection: socket connection from /127.0.0.1:56554 to /127.0.0.1:56566" [_thread_blocked, id=11432, stack(0x00000016ad900000,0x00000016ada00000)]
  0x00000145687cb800 JavaThread "Stdin handler" [_thread_blocked, id=16728, stack(0x00000016ada00000,0x00000016adb00000)]
  0x00000145687cc800 JavaThread "Daemon client event forwarder" [_thread_blocked, id=8604, stack(0x00000016adb00000,0x00000016adc00000)]
  0x000001456655b800 JavaThread "Cache worker for journal cache (C:\Users\Arona\.gradle\caches\journal-1)" [_thread_blocked, id=12756, stack(0x00000016adc00000,0x00000016add00000)]
  0x000001456655d000 JavaThread "File lock request listener" [_thread_in_native, id=18324, stack(0x00000016add00000,0x00000016ade00000)]
  0x000001456655c800 JavaThread "Cache worker for file hash cache (C:\Users\Arona\.gradle\caches\7.4\fileHashes)" [_thread_blocked, id=12348, stack(0x00000016ade00000,0x00000016adf00000)]
  0x000001456655e000 JavaThread "File watcher server" daemon [_thread_in_native, id=14176, stack(0x00000016ae000000,0x00000016ae100000)]
  0x000001456655a000 JavaThread "File watcher consumer" daemon [_thread_blocked, id=17748, stack(0x00000016ae100000,0x00000016ae200000)]
  0x000001456655f000 JavaThread "Cache worker for checksums cache (C:\Users\Arona\StudioProjects\GetRest\android\.gradle\7.4\checksums)" [_thread_blocked, id=18588, stack(0x00000016adf00000,0x00000016ae000000)]
  0x000001456655f800 JavaThread "Cache worker for cache directory md-rule (C:\Users\Arona\.gradle\caches\7.4\md-rule)" [_thread_blocked, id=2052, stack(0x00000016ae200000,0x00000016ae300000)]
  0x0000014566565800 JavaThread "Cache worker for file hash cache (C:\Users\Arona\StudioProjects\GetRest\android\.gradle\7.4\fileHashes)" [_thread_blocked, id=18848, stack(0x00000016ae400000,0x00000016ae500000)]
  0x0000014566566000 JavaThread "Cache worker for cache directory md-supplier (C:\Users\Arona\.gradle\caches\7.4\md-supplier)" [_thread_blocked, id=11080, stack(0x00000016ae500000,0x00000016ae600000)]
  0x0000014566562000 JavaThread "Cache worker for execution history cache (C:\Users\Arona\.gradle\caches\7.4\executionHistory)" [_thread_blocked, id=16788, stack(0x00000016ae600000,0x00000016ae700000)]
  0x0000014566561800 JavaThread "jar transforms" [_thread_blocked, id=4888, stack(0x00000016ae700000,0x00000016ae800000)]
  0x0000014566563800 JavaThread "jar transforms Thread 2" [_thread_blocked, id=16868, stack(0x00000016ae800000,0x00000016ae900000)]
  0x0000014566568800 JavaThread "Cache worker for file content cache (C:\Users\Arona\.gradle\caches\7.4\fileContent)" [_thread_blocked, id=13980, stack(0x00000016ae900000,0x00000016aea00000)]
  0x00000145689c6000 JavaThread "jar transforms Thread 3" [_thread_blocked, id=8892, stack(0x00000016aea00000,0x00000016aeb00000)]
  0x00000145689c8000 JavaThread "jar transforms Thread 4" [_thread_blocked, id=11992, stack(0x00000016aeb00000,0x00000016aec00000)]
  0x00000145689c8800 JavaThread "Cache worker for dependencies-accessors (C:\Users\Arona\StudioProjects\GetRest\android\.gradle\7.4\dependencies-accessors)" [_thread_blocked, id=16372, stack(0x00000016aec00000,0x00000016aed00000)]
  0x00000145689c7000 JavaThread "Cache worker for Build Output Cleanup Cache (C:\Users\Arona\StudioProjects\GetRest\android\.gradle\buildOutputCleanup)" [_thread_blocked, id=13044, stack(0x00000016aed00000,0x00000016aee00000)]
  0x00000145689c5800 JavaThread "Unconstrained build operations" [_thread_blocked, id=17668, stack(0x00000016aee00000,0x00000016aef00000)]
  0x00000145689c4800 JavaThread "Unconstrained build operations Thread 2" [_thread_blocked, id=14620, stack(0x00000016aef00000,0x00000016af000000)]
  0x00000145689cd800 JavaThread "Unconstrained build operations Thread 3" [_thread_blocked, id=16632, stack(0x00000016af000000,0x00000016af100000)]
  0x00000145689ce800 JavaThread "Unconstrained build operations Thread 4" [_thread_blocked, id=1432, stack(0x00000016af100000,0x00000016af200000)]
  0x00000145689cf000 JavaThread "Unconstrained build operations Thread 5" [_thread_blocked, id=17660, stack(0x00000016af200000,0x00000016af300000)]
  0x00000145689c9800 JavaThread "Unconstrained build operations Thread 6" [_thread_blocked, id=18056, stack(0x00000016af300000,0x00000016af400000)]
  0x00000145689cb000 JavaThread "Unconstrained build operations Thread 7" [_thread_blocked, id=10152, stack(0x00000016af400000,0x00000016af500000)]
  0x00000145689d0000 JavaThread "Unconstrained build operations Thread 8" [_thread_blocked, id=19016, stack(0x00000016af500000,0x00000016af600000)]
  0x00000145689d1000 JavaThread "Unconstrained build operations Thread 9" [_thread_blocked, id=16436, stack(0x00000016af600000,0x00000016af700000)]
  0x00000145689d1800 JavaThread "Unconstrained build operations Thread 10" [_thread_blocked, id=15528, stack(0x00000016af700000,0x00000016af800000)]
  0x00000145689cc000 JavaThread "Unconstrained build operations Thread 11" [_thread_blocked, id=8068, stack(0x00000016af800000,0x00000016af900000)]
  0x00000145689d2800 JavaThread "Unconstrained build operations Thread 12" [_thread_blocked, id=11672, stack(0x00000016af900000,0x00000016afa00000)]
  0x00000145689cc800 JavaThread "Unconstrained build operations Thread 13" [_thread_blocked, id=8008, stack(0x00000016afa00000,0x00000016afb00000)]
  0x00000145689d3000 JavaThread "Unconstrained build operations Thread 14" [_thread_blocked, id=11424, stack(0x00000016afb00000,0x00000016afc00000)]
  0x000001456b679800 JavaThread "Unconstrained build operations Thread 15" [_thread_blocked, id=4160, stack(0x00000016afc00000,0x00000016afd00000)]
  0x000001456b67d800 JavaThread "Unconstrained build operations Thread 16" [_thread_blocked, id=19436, stack(0x00000016afd00000,0x00000016afe00000)]
  0x000001456b67a800 JavaThread "Unconstrained build operations Thread 17" [_thread_blocked, id=5980, stack(0x00000016afe00000,0x00000016aff00000)]
  0x000001456b67b800 JavaThread "Unconstrained build operations Thread 18" [_thread_blocked, id=18096, stack(0x00000016aff00000,0x00000016b0000000)]
  0x000001456b67e800 JavaThread "Unconstrained build operations Thread 19" [_thread_blocked, id=3500, stack(0x00000016b0000000,0x00000016b0100000)]
  0x000001456b67c000 JavaThread "Unconstrained build operations Thread 20" [_thread_blocked, id=6540, stack(0x00000016b0100000,0x00000016b0200000)]
  0x000001456b679000 JavaThread "Unconstrained build operations Thread 21" [_thread_blocked, id=3148, stack(0x00000016b0200000,0x00000016b0300000)]
  0x000001456b680000 JavaThread "Unconstrained build operations Thread 22" [_thread_blocked, id=18540, stack(0x00000016b0300000,0x00000016b0400000)]
  0x000001456b681000 JavaThread "Unconstrained build operations Thread 23" [_thread_blocked, id=16428, stack(0x00000016b0400000,0x00000016b0500000)]
  0x000001456b67f800 JavaThread "Unconstrained build operations Thread 24" [_thread_blocked, id=18476, stack(0x00000016b0500000,0x00000016b0600000)]
  0x000001456b682000 JavaThread "Unconstrained build operations Thread 25" [_thread_blocked, id=17400, stack(0x00000016b0600000,0x00000016b0700000)]
  0x000001456b682800 JavaThread "Unconstrained build operations Thread 26" [_thread_blocked, id=6392, stack(0x00000016b0700000,0x00000016b0800000)]
  0x000001456b67d000 JavaThread "Unconstrained build operations Thread 27" [_thread_blocked, id=18288, stack(0x00000016b0800000,0x00000016b0900000)]
  0x000001456b685000 JavaThread "Unconstrained build operations Thread 28" [_thread_blocked, id=14548, stack(0x00000016b0900000,0x00000016b0a00000)]
  0x000001456b686000 JavaThread "Unconstrained build operations Thread 29" [_thread_blocked, id=13772, stack(0x00000016b0a00000,0x00000016b0b00000)]
  0x000001456b687800 JavaThread "Unconstrained build operations Thread 30" [_thread_blocked, id=7128, stack(0x00000016b0b00000,0x00000016b0c00000)]
  0x000001456b686800 JavaThread "Unconstrained build operations Thread 31" [_thread_blocked, id=18556, stack(0x00000016b0c00000,0x00000016b0d00000)]
  0x000001456b683800 JavaThread "Unconstrained build operations Thread 32" [_thread_blocked, id=13796, stack(0x00000016b0d00000,0x00000016b0e00000)]
  0x000001456b684000 JavaThread "Unconstrained build operations Thread 33" [_thread_blocked, id=18216, stack(0x00000016b0e00000,0x00000016b0f00000)]
  0x00000145699c8800 JavaThread "Unconstrained build operations Thread 34" [_thread_blocked, id=6864, stack(0x00000016b0f00000,0x00000016b1000000)]
  0x00000145699cf000 JavaThread "Unconstrained build operations Thread 35" [_thread_blocked, id=12136, stack(0x00000016b1000000,0x00000016b1100000)]
  0x00000145699c9000 JavaThread "Unconstrained build operations Thread 36" [_thread_blocked, id=8076, stack(0x00000016b1100000,0x00000016b1200000)]
  0x00000145699cc800 JavaThread "Unconstrained build operations Thread 37" [_thread_blocked, id=17092, stack(0x00000016b1200000,0x00000016b1300000)]
  0x00000145699cd800 JavaThread "Unconstrained build operations Thread 38" [_thread_blocked, id=13896, stack(0x00000016b1300000,0x00000016b1400000)]
  0x00000145699cb800 JavaThread "Unconstrained build operations Thread 39" [_thread_blocked, id=19156, stack(0x00000016b1400000,0x00000016b1500000)]
  0x00000145699ce000 JavaThread "Unconstrained build operations Thread 40" [_thread_blocked, id=14628, stack(0x00000016b1500000,0x00000016b1600000)]
  0x00000145699ca000 JavaThread "Memory manager" [_thread_blocked, id=5928, stack(0x00000016b1600000,0x00000016b1700000)]
  0x00000145699d0800 JavaThread "build event listener" [_thread_blocked, id=15672, stack(0x00000016b1700000,0x00000016b1800000)]
  0x00000145699d1800 JavaThread "included builds" [_thread_in_vm, id=17224, stack(0x00000016b1800000,0x00000016b1900000)]
  0x00000145699d6800 JavaThread "Execution worker for ':'" [_thread_blocked, id=13920, stack(0x00000016b1900000,0x00000016b1a00000)]
  0x00000145699d4800 JavaThread "Execution worker for ':' Thread 2" [_thread_blocked, id=4396, stack(0x00000016b1a00000,0x00000016b1b00000)]
  0x00000145699d3000 JavaThread "Execution worker for ':' Thread 3" [_thread_blocked, id=7124, stack(0x00000016b1b00000,0x00000016b1c00000)]
  0x00000145699d7000 JavaThread "Cache worker for execution history cache (C:\Users\Arona\StudioProjects\GetRest\android\.gradle\7.4\executionHistory)" [_thread_blocked, id=18544, stack(0x00000016b1c00000,0x00000016b1d00000)]
  0x00000145699d4000 JavaThread "WorkerExecutor Queue" [_thread_blocked, id=2448, stack(0x00000016b1d00000,0x00000016b1e00000)]
=>0x00000145699d5800 JavaThread "C2 CompilerThread1" daemon [_thread_in_native, id=19160, stack(0x00000016ae300000,0x00000016ae400000)]

Other Threads:
  0x000001456566d000 VMThread "VM Thread" [stack: 0x00000016ac400000,0x00000016ac500000] [id=2064]
  0x00000145660a2000 WatcherThread [stack: 0x00000016ace00000,0x00000016acf00000] [id=12764]
  0x000001454cd6f800 GCTaskThread "GC Thread#0" [stack: 0x00000016abf00000,0x00000016ac000000] [id=13364]
  0x0000014566572000 GCTaskThread "GC Thread#1" [stack: 0x00000016ad000000,0x00000016ad100000] [id=16364]
  0x0000014566a10000 GCTaskThread "GC Thread#2" [stack: 0x00000016ad100000,0x00000016ad200000] [id=14448]
  0x0000014566559000 GCTaskThread "GC Thread#3" [stack: 0x00000016ad200000,0x00000016ad300000] [id=11596]
  0x000001454cd94800 ConcurrentGCThread "G1 Main Marker" [stack: 0x00000016ac000000,0x00000016ac100000] [id=532]
  0x000001454cd97000 ConcurrentGCThread "G1 Conc#0" [stack: 0x00000016ac100000,0x00000016ac200000] [id=18020]
  0x000001454ce2e800 ConcurrentGCThread "G1 Refine#0" [stack: 0x00000016ac200000,0x00000016ac300000] [id=6252]
  0x00000145654d0800 ConcurrentGCThread "G1 Young RemSet Sampling" [stack: 0x00000016ac300000,0x00000016ac400000] [id=15988]

Threads with active compile tasks:
C2 CompilerThread1  31696 11631       4       java.lang.String::split (324 bytes)

VM state:not at safepoint (normal execution)

VM Mutex/Monitor currently owned by a thread: None

Heap address: 0x00000000a0000000, size: 1536 MB, Compressed Oops mode: 32-bit
Narrow klass base: 0x0000000000000000, Narrow klass shift: 3
Compressed class space size: 1073741824 Address: 0x0000000100000000

Heap:
 garbage-first heap   total 262144K, used 121856K [0x00000000a0000000, 0x0000000100000000)
  region size 1024K, 21 young (21504K), 8 survivors (8192K)
 Metaspace       used 97756K, capacity 100780K, committed 101120K, reserved 1136640K
  class space    used 12929K, capacity 14035K, committed 14156K, reserved 1048576K
Heap Regions: E=young(eden), S=young(survivor), O=old, HS=humongous(starts), HC=humongous(continues), CS=collection set, F=free, A=archive, TAMS=top-at-mark-start (previous, next)
|   0|0x00000000a0000000, 0x00000000a0100000, 0x00000000a0100000|100%|HS|  |TAMS 0x00000000a0100000, 0x00000000a0000000| Complete 
|   1|0x00000000a0100000, 0x00000000a0200000, 0x00000000a0200000|100%|HC|  |TAMS 0x00000000a0200000, 0x00000000a0100000| Complete 
|   2|0x00000000a0200000, 0x00000000a0300000, 0x00000000a0300000|100%|HC|  |TAMS 0x00000000a0300000, 0x00000000a0200000| Complete 
|   3|0x00000000a0300000, 0x00000000a0400000, 0x00000000a0400000|100%| O|  |TAMS 0x00000000a0400000, 0x00000000a0300000| Untracked 
|   4|0x00000000a0400000, 0x00000000a0500000, 0x00000000a0500000|100%| O|  |TAMS 0x00000000a0500000, 0x00000000a0400000| Untracked 
|   5|0x00000000a0500000, 0x00000000a0600000, 0x00000000a0600000|100%| O|  |TAMS 0x00000000a0600000, 0x00000000a0500000| Untracked 
|   6|0x00000000a0600000, 0x00000000a0700000, 0x00000000a0700000|100%| O|  |TAMS 0x00000000a0700000, 0x00000000a0600000| Untracked 
|   7|0x00000000a0700000, 0x00000000a0800000, 0x00000000a0800000|100%| O|  |TAMS 0x00000000a0800000, 0x00000000a0700000| Untracked 
|   8|0x00000000a0800000, 0x00000000a0900000, 0x00000000a0900000|100%| O|  |TAMS 0x00000000a0900000, 0x00000000a0800000| Untracked 
|   9|0x00000000a0900000, 0x00000000a0a00000, 0x00000000a0a00000|100%| O|  |TAMS 0x00000000a0a00000, 0x00000000a0900000| Untracked 
|  10|0x00000000a0a00000, 0x00000000a0b00000, 0x00000000a0b00000|100%| O|  |TAMS 0x00000000a0b00000, 0x00000000a0a00000| Untracked 
|  11|0x00000000a0b00000, 0x00000000a0c00000, 0x00000000a0c00000|100%| O|  |TAMS 0x00000000a0c00000, 0x00000000a0b00000| Untracked 
|  12|0x00000000a0c00000, 0x00000000a0d00000, 0x00000000a0d00000|100%| O|  |TAMS 0x00000000a0d00000, 0x00000000a0c00000| Untracked 
|  13|0x00000000a0d00000, 0x00000000a0e00000, 0x00000000a0e00000|100%| O|  |TAMS 0x00000000a0e00000, 0x00000000a0d00000| Untracked 
|  14|0x00000000a0e00000, 0x00000000a0f00000, 0x00000000a0f00000|100%| O|  |TAMS 0x00000000a0f00000, 0x00000000a0e00000| Untracked 
|  15|0x00000000a0f00000, 0x00000000a1000000, 0x00000000a1000000|100%| O|  |TAMS 0x00000000a1000000, 0x00000000a0f00000| Untracked 
|  16|0x00000000a1000000, 0x00000000a1100000, 0x00000000a1100000|100%| O|  |TAMS 0x00000000a1100000, 0x00000000a1000000| Untracked 
|  17|0x00000000a1100000, 0x00000000a1200000, 0x00000000a1200000|100%| O|  |TAMS 0x00000000a1200000, 0x00000000a1100000| Untracked 
|  18|0x00000000a1200000, 0x00000000a1300000, 0x00000000a1300000|100%| O|  |TAMS 0x00000000a1300000, 0x00000000a1200000| Untracked 
|  19|0x00000000a1300000, 0x00000000a1400000, 0x00000000a1400000|100%| O|  |TAMS 0x00000000a1400000, 0x00000000a1300000| Untracked 
|  20|0x00000000a1400000, 0x00000000a1500000, 0x00000000a1500000|100%| O|  |TAMS 0x00000000a1500000, 0x00000000a1400000| Untracked 
|  21|0x00000000a1500000, 0x00000000a1600000, 0x00000000a1600000|100%| O|  |TAMS 0x00000000a1600000, 0x00000000a1500000| Untracked 
|  22|0x00000000a1600000, 0x00000000a1700000, 0x00000000a1700000|100%|HS|  |TAMS 0x00000000a1700000, 0x00000000a1600000| Complete 
|  23|0x00000000a1700000, 0x00000000a1800000, 0x00000000a1800000|100%|HS|  |TAMS 0x00000000a1800000, 0x00000000a1700000| Complete 
|  24|0x00000000a1800000, 0x00000000a1900000, 0x00000000a1900000|100%|HS|  |TAMS 0x00000000a1900000, 0x00000000a1800000| Complete 
|  25|0x00000000a1900000, 0x00000000a1a00000, 0x00000000a1a00000|100%|HS|  |TAMS 0x00000000a1a00000, 0x00000000a1900000| Complete 
|  26|0x00000000a1a00000, 0x00000000a1b00000, 0x00000000a1b00000|100%|HS|  |TAMS 0x00000000a1b00000, 0x00000000a1a00000| Complete 
|  27|0x00000000a1b00000, 0x00000000a1c00000, 0x00000000a1c00000|100%|HC|  |TAMS 0x00000000a1c00000, 0x00000000a1b00000| Complete 
|  28|0x00000000a1c00000, 0x00000000a1d00000, 0x00000000a1d00000|100%|HC|  |TAMS 0x00000000a1d00000, 0x00000000a1c00000| Complete 
|  29|0x00000000a1d00000, 0x00000000a1e00000, 0x00000000a1e00000|100%|HS|  |TAMS 0x00000000a1e00000, 0x00000000a1d00000| Complete 
|  30|0x00000000a1e00000, 0x00000000a1f00000, 0x00000000a1f00000|100%|HC|  |TAMS 0x00000000a1f00000, 0x00000000a1e00000| Complete 
|  31|0x00000000a1f00000, 0x00000000a2000000, 0x00000000a2000000|100%| O|  |TAMS 0x00000000a2000000, 0x00000000a1f00000| Untracked 
|  32|0x00000000a2000000, 0x00000000a2100000, 0x00000000a2100000|100%| O|  |TAMS 0x00000000a2100000, 0x00000000a2000000| Untracked 
|  33|0x00000000a2100000, 0x00000000a2200000, 0x00000000a2200000|100%| O|  |TAMS 0x00000000a2200000, 0x00000000a2100000| Untracked 
|  34|0x00000000a2200000, 0x00000000a2300000, 0x00000000a2300000|100%| O|  |TAMS 0x00000000a2300000, 0x00000000a2200000| Untracked 
|  35|0x00000000a2300000, 0x00000000a2400000, 0x00000000a2400000|100%| O|  |TAMS 0x00000000a2400000, 0x00000000a2300000| Untracked 
|  36|0x00000000a2400000, 0x00000000a2500000, 0x00000000a2500000|100%| O|  |TAMS 0x00000000a2500000, 0x00000000a2400000| Untracked 
|  37|0x00000000a2500000, 0x00000000a2600000, 0x00000000a2600000|100%| O|  |TAMS 0x00000000a2600000, 0x00000000a2500000| Untracked 
|  38|0x00000000a2600000, 0x00000000a2700000, 0x00000000a2700000|100%| O|  |TAMS 0x00000000a2700000, 0x00000000a2600000| Untracked 
|  39|0x00000000a2700000, 0x00000000a2800000, 0x00000000a2800000|100%|HS|  |TAMS 0x00000000a2700000, 0x00000000a2700000| Complete 
|  40|0x00000000a2800000, 0x00000000a2900000, 0x00000000a2900000|100%| O|  |TAMS 0x00000000a2900000, 0x00000000a2800000| Untracked 
|  41|0x00000000a2900000, 0x00000000a2a00000, 0x00000000a2a00000|100%| O|  |TAMS 0x00000000a2a00000, 0x00000000a2900000| Untracked 
|  42|0x00000000a2a00000, 0x00000000a2b00000, 0x00000000a2b00000|100%| O|  |TAMS 0x00000000a2b00000, 0x00000000a2a00000| Untracked 
|  43|0x00000000a2b00000, 0x00000000a2c00000, 0x00000000a2c00000|100%| O|  |TAMS 0x00000000a2c00000, 0x00000000a2b00000| Untracked 
|  44|0x00000000a2c00000, 0x00000000a2d00000, 0x00000000a2d00000|100%| O|  |TAMS 0x00000000a2d00000, 0x00000000a2c00000| Untracked 
|  45|0x00000000a2d00000, 0x00000000a2e00000, 0x00000000a2e00000|100%| O|  |TAMS 0x00000000a2d57000, 0x00000000a2d00000| Untracked 
|  46|0x00000000a2e00000, 0x00000000a2f00000, 0x00000000a2f00000|100%|HS|  |TAMS 0x00000000a2e00000, 0x00000000a2e00000| Complete 
|  47|0x00000000a2f00000, 0x00000000a3000000, 0x00000000a3000000|100%|HC|  |TAMS 0x00000000a2f00000, 0x00000000a2f00000| Complete 
|  48|0x00000000a3000000, 0x00000000a3100000, 0x00000000a3100000|100%| O|  |TAMS 0x00000000a3000000, 0x00000000a3000000| Untracked 
|  49|0x00000000a3100000, 0x00000000a3200000, 0x00000000a3200000|100%| O|  |TAMS 0x00000000a3100000, 0x00000000a3100000| Untracked 
|  50|0x00000000a3200000, 0x00000000a3300000, 0x00000000a3300000|100%| O|  |TAMS 0x00000000a3200000, 0x00000000a3200000| Untracked 
|  51|0x00000000a3300000, 0x00000000a3400000, 0x00000000a3400000|100%| O|  |TAMS 0x00000000a3300000, 0x00000000a3300000| Untracked 
|  52|0x00000000a3400000, 0x00000000a3500000, 0x00000000a3500000|100%| O|  |TAMS 0x00000000a3400000, 0x00000000a3400000| Untracked 
|  53|0x00000000a3500000, 0x00000000a3600000, 0x00000000a3600000|100%| O|  |TAMS 0x00000000a3500000, 0x00000000a3500000| Untracked 
|  54|0x00000000a3600000, 0x00000000a3700000, 0x00000000a3700000|100%| O|  |TAMS 0x00000000a3600000, 0x00000000a3600000| Untracked 
|  55|0x00000000a3700000, 0x00000000a3800000, 0x00000000a3800000|100%| O|  |TAMS 0x00000000a3700000, 0x00000000a3700000| Untracked 
|  56|0x00000000a3800000, 0x00000000a3900000, 0x00000000a3900000|100%| O|  |TAMS 0x00000000a3800000, 0x00000000a3800000| Untracked 
|  57|0x00000000a3900000, 0x00000000a3a00000, 0x00000000a3a00000|100%| O|  |TAMS 0x00000000a3900000, 0x00000000a3900000| Untracked 
|  58|0x00000000a3a00000, 0x00000000a3b00000, 0x00000000a3b00000|100%| O|  |TAMS 0x00000000a3a00000, 0x00000000a3a00000| Untracked 
|  59|0x00000000a3b00000, 0x00000000a3c00000, 0x00000000a3c00000|100%| O|  |TAMS 0x00000000a3b00000, 0x00000000a3b00000| Untracked 
|  60|0x00000000a3c00000, 0x00000000a3d00000, 0x00000000a3d00000|100%| O|  |TAMS 0x00000000a3c00000, 0x00000000a3c00000| Untracked 
|  61|0x00000000a3d00000, 0x00000000a3e00000, 0x00000000a3e00000|100%| O|  |TAMS 0x00000000a3d00000, 0x00000000a3d00000| Untracked 
|  62|0x00000000a3e00000, 0x00000000a3f00000, 0x00000000a3f00000|100%| O|  |TAMS 0x00000000a3e00000, 0x00000000a3e00000| Untracked 
|  63|0x00000000a3f00000, 0x00000000a4000000, 0x00000000a4000000|100%| O|  |TAMS 0x00000000a3f00000, 0x00000000a3f00000| Untracked 
|  64|0x00000000a4000000, 0x00000000a4100000, 0x00000000a4100000|100%| O|  |TAMS 0x00000000a4000000, 0x00000000a4000000| Untracked 
|  65|0x00000000a4100000, 0x00000000a4200000, 0x00000000a4200000|100%| O|  |TAMS 0x00000000a4100000, 0x00000000a4100000| Untracked 
|  66|0x00000000a4200000, 0x00000000a4300000, 0x00000000a4300000|100%| O|  |TAMS 0x00000000a4200000, 0x00000000a4200000| Untracked 
|  67|0x00000000a4300000, 0x00000000a4400000, 0x00000000a4400000|100%| O|  |TAMS 0x00000000a4300000, 0x00000000a4300000| Untracked 
|  68|0x00000000a4400000, 0x00000000a4500000, 0x00000000a4500000|100%| O|  |TAMS 0x00000000a4400000, 0x00000000a4400000| Untracked 
|  69|0x00000000a4500000, 0x00000000a4600000, 0x00000000a4600000|100%| O|  |TAMS 0x00000000a4500000, 0x00000000a4500000| Untracked 
|  70|0x00000000a4600000, 0x00000000a4700000, 0x00000000a4700000|100%| O|  |TAMS 0x00000000a4600000, 0x00000000a4600000| Untracked 
|  71|0x00000000a4700000, 0x00000000a4800000, 0x00000000a4800000|100%| O|  |TAMS 0x00000000a4700000, 0x00000000a4700000| Untracked 
|  72|0x00000000a4800000, 0x00000000a4900000, 0x00000000a4900000|100%| O|  |TAMS 0x00000000a4800000, 0x00000000a4800000| Untracked 
|  73|0x00000000a4900000, 0x00000000a4a00000, 0x00000000a4a00000|100%| O|  |TAMS 0x00000000a4900000, 0x00000000a4900000| Untracked 
|  74|0x00000000a4a00000, 0x00000000a4b00000, 0x00000000a4b00000|100%| O|  |TAMS 0x00000000a4a00000, 0x00000000a4a00000| Untracked 
|  75|0x00000000a4b00000, 0x00000000a4c00000, 0x00000000a4c00000|100%|HS|  |TAMS 0x00000000a4b00000, 0x00000000a4b00000| Complete 
|  76|0x00000000a4c00000, 0x00000000a4d00000, 0x00000000a4d00000|100%|HS|  |TAMS 0x00000000a4c00000, 0x00000000a4c00000| Complete 
|  77|0x00000000a4d00000, 0x00000000a4e00000, 0x00000000a4e00000|100%| O|  |TAMS 0x00000000a4d00000, 0x00000000a4d00000| Untracked 
|  78|0x00000000a4e00000, 0x00000000a4f00000, 0x00000000a4f00000|100%| O|  |TAMS 0x00000000a4e00000, 0x00000000a4e00000| Untracked 
|  79|0x00000000a4f00000, 0x00000000a5000000, 0x00000000a5000000|100%| O|  |TAMS 0x00000000a4f00000, 0x00000000a4f00000| Untracked 
|  80|0x00000000a5000000, 0x00000000a5100000, 0x00000000a5100000|100%| O|  |TAMS 0x00000000a5000000, 0x00000000a5000000| Untracked 
|  81|0x00000000a5100000, 0x00000000a5200000, 0x00000000a5200000|100%| O|  |TAMS 0x00000000a5100000, 0x00000000a5100000| Untracked 
|  82|0x00000000a5200000, 0x00000000a5300000, 0x00000000a5300000|100%| O|  |TAMS 0x00000000a5200000, 0x00000000a5200000| Untracked 
|  83|0x00000000a5300000, 0x00000000a5400000, 0x00000000a5400000|100%| O|  |TAMS 0x00000000a5300000, 0x00000000a5300000| Untracked 
|  84|0x00000000a5400000, 0x00000000a5500000, 0x00000000a5500000|100%| O|  |TAMS 0x00000000a5400000, 0x00000000a5400000| Untracked 
|  85|0x00000000a5500000, 0x00000000a5600000, 0x00000000a5600000|100%| O|  |TAMS 0x00000000a5500000, 0x00000000a5500000| Untracked 
|  86|0x00000000a5600000, 0x00000000a5700000, 0x00000000a5700000|100%| O|  |TAMS 0x00000000a5600000, 0x00000000a5600000| Untracked 
|  87|0x00000000a5700000, 0x00000000a5800000, 0x00000000a5800000|100%| O|  |TAMS 0x00000000a5700000, 0x00000000a5700000| Untracked 
|  88|0x00000000a5800000, 0x00000000a5900000, 0x00000000a5900000|100%| O|  |TAMS 0x00000000a5800000, 0x00000000a5800000| Untracked 
|  89|0x00000000a5900000, 0x00000000a5a00000, 0x00000000a5a00000|100%| O|  |TAMS 0x00000000a5900000, 0x00000000a5900000| Untracked 
|  90|0x00000000a5a00000, 0x00000000a5b00000, 0x00000000a5b00000|100%| O|  |TAMS 0x00000000a5a00000, 0x00000000a5a00000| Untracked 
|  91|0x00000000a5b00000, 0x00000000a5c00000, 0x00000000a5c00000|100%| O|  |TAMS 0x00000000a5b00000, 0x00000000a5b00000| Untracked 
|  92|0x00000000a5c00000, 0x00000000a5d00000, 0x00000000a5d00000|100%| O|  |TAMS 0x00000000a5c00000, 0x00000000a5c00000| Untracked 
|  93|0x00000000a5d00000, 0x00000000a5e00000, 0x00000000a5e00000|100%| O|  |TAMS 0x00000000a5d00000, 0x00000000a5d00000| Untracked 
|  94|0x00000000a5e00000, 0x00000000a5f00000, 0x00000000a5f00000|100%| O|  |TAMS 0x00000000a5e00000, 0x00000000a5e00000| Untracked 
|  95|0x00000000a5f00000, 0x00000000a6000000, 0x00000000a6000000|100%| O|  |TAMS 0x00000000a5f00000, 0x00000000a5f00000| Untracked 
|  96|0x00000000a6000000, 0x00000000a6100000, 0x00000000a6100000|100%| O|  |TAMS 0x00000000a6000000, 0x00000000a6000000| Untracked 
|  97|0x00000000a6100000, 0x00000000a6200000, 0x00000000a6200000|100%| O|  |TAMS 0x00000000a6100000, 0x00000000a6100000| Untracked 
|  98|0x00000000a6200000, 0x00000000a6300000, 0x00000000a6300000|100%| O|  |TAMS 0x00000000a6200000, 0x00000000a6200000| Untracked 
|  99|0x00000000a6300000, 0x00000000a6300000, 0x00000000a6400000|  0%| F|  |TAMS 0x00000000a6300000, 0x00000000a6300000| Untracked 
| 100|0x00000000a6400000, 0x00000000a6400000, 0x00000000a6500000|  0%| F|  |TAMS 0x00000000a6400000, 0x00000000a6400000| Untracked 
| 101|0x00000000a6500000, 0x00000000a6500000, 0x00000000a6600000|  0%| F|  |TAMS 0x00000000a6500000, 0x00000000a6500000| Untracked 
| 102|0x00000000a6600000, 0x00000000a6600000, 0x00000000a6700000|  0%| F|  |TAMS 0x00000000a6600000, 0x00000000a6600000| Untracked 
| 103|0x00000000a6700000, 0x00000000a6700000, 0x00000000a6800000|  0%| F|  |TAMS 0x00000000a6700000, 0x00000000a6700000| Untracked 
| 104|0x00000000a6800000, 0x00000000a6800000, 0x00000000a6900000|  0%| F|  |TAMS 0x00000000a6800000, 0x00000000a6800000| Untracked 
| 105|0x00000000a6900000, 0x00000000a6900000, 0x00000000a6a00000|  0%| F|  |TAMS 0x00000000a6900000, 0x00000000a6900000| Untracked 
| 106|0x00000000a6a00000, 0x00000000a6a00000, 0x00000000a6b00000|  0%| F|  |TAMS 0x00000000a6a00000, 0x00000000a6a00000| Untracked 
| 107|0x00000000a6b00000, 0x00000000a6b00000, 0x00000000a6c00000|  0%| F|  |TAMS 0x00000000a6b00000, 0x00000000a6b00000| Untracked 
| 108|0x00000000a6c00000, 0x00000000a6c00000, 0x00000000a6d00000|  0%| F|  |TAMS 0x00000000a6c00000, 0x00000000a6c00000| Untracked 
| 109|0x00000000a6d00000, 0x00000000a6d00000, 0x00000000a6e00000|  0%| F|  |TAMS 0x00000000a6d00000, 0x00000000a6d00000| Untracked 
| 110|0x00000000a6e00000, 0x00000000a6e00000, 0x00000000a6f00000|  0%| F|  |TAMS 0x00000000a6e00000, 0x00000000a6e00000| Untracked 
| 111|0x00000000a6f00000, 0x00000000a6f00000, 0x00000000a7000000|  0%| F|  |TAMS 0x00000000a6f00000, 0x00000000a6f00000| Untracked 
| 112|0x00000000a7000000, 0x00000000a7000000, 0x00000000a7100000|  0%| F|  |TAMS 0x00000000a7000000, 0x00000000a7000000| Untracked 
| 113|0x00000000a7100000, 0x00000000a7100000, 0x00000000a7200000|  0%| F|  |TAMS 0x00000000a7100000, 0x00000000a7100000| Untracked 
| 114|0x00000000a7200000, 0x00000000a7200000, 0x00000000a7300000|  0%| F|  |TAMS 0x00000000a7200000, 0x00000000a7200000| Untracked 
| 115|0x00000000a7300000, 0x00000000a7300000, 0x00000000a7400000|  0%| F|  |TAMS 0x00000000a7300000, 0x00000000a7300000| Untracked 
| 116|0x00000000a7400000, 0x00000000a7400000, 0x00000000a7500000|  0%| F|  |TAMS 0x00000000a7400000, 0x00000000a7400000| Untracked 
| 117|0x00000000a7500000, 0x00000000a7500000, 0x00000000a7600000|  0%| F|  |TAMS 0x00000000a7500000, 0x00000000a7500000| Untracked 
| 118|0x00000000a7600000, 0x00000000a7600000, 0x00000000a7700000|  0%| F|  |TAMS 0x00000000a7600000, 0x00000000a7600000| Untracked 
| 119|0x00000000a7700000, 0x00000000a7700000, 0x00000000a7800000|  0%| F|  |TAMS 0x00000000a7700000, 0x00000000a7700000| Untracked 
| 120|0x00000000a7800000, 0x00000000a7800000, 0x00000000a7900000|  0%| F|  |TAMS 0x00000000a7800000, 0x00000000a7800000| Untracked 
| 121|0x00000000a7900000, 0x00000000a7900000, 0x00000000a7a00000|  0%| F|  |TAMS 0x00000000a7900000, 0x00000000a7900000| Untracked 
| 122|0x00000000a7a00000, 0x00000000a7a00000, 0x00000000a7b00000|  0%| F|  |TAMS 0x00000000a7a00000, 0x00000000a7a00000| Untracked 
| 123|0x00000000a7b00000, 0x00000000a7b00000, 0x00000000a7c00000|  0%| F|  |TAMS 0x00000000a7b00000, 0x00000000a7b00000| Untracked 
| 124|0x00000000a7c00000, 0x00000000a7c00000, 0x00000000a7d00000|  0%| F|  |TAMS 0x00000000a7c00000, 0x00000000a7c00000| Untracked 
| 125|0x00000000a7d00000, 0x00000000a7d00000, 0x00000000a7e00000|  0%| F|  |TAMS 0x00000000a7d00000, 0x00000000a7d00000| Untracked 
| 126|0x00000000a7e00000, 0x00000000a7e00000, 0x00000000a7f00000|  0%| F|  |TAMS 0x00000000a7e00000, 0x00000000a7e00000| Untracked 
| 127|0x00000000a7f00000, 0x00000000a7f00000, 0x00000000a8000000|  0%| F|  |TAMS 0x00000000a7f00000, 0x00000000a7f00000| Untracked 
| 128|0x00000000a8000000, 0x00000000a8000000, 0x00000000a8100000|  0%| F|  |TAMS 0x00000000a8000000, 0x00000000a8000000| Untracked 
| 129|0x00000000a8100000, 0x00000000a8100000, 0x00000000a8200000|  0%| F|  |TAMS 0x00000000a8100000, 0x00000000a8100000| Untracked 
| 130|0x00000000a8200000, 0x00000000a8200000, 0x00000000a8300000|  0%| F|  |TAMS 0x00000000a8200000, 0x00000000a8200000| Untracked 
| 131|0x00000000a8300000, 0x00000000a8300000, 0x00000000a8400000|  0%| F|  |TAMS 0x00000000a8300000, 0x00000000a8300000| Untracked 
| 132|0x00000000a8400000, 0x00000000a8400000, 0x00000000a8500000|  0%| F|  |TAMS 0x00000000a8400000, 0x00000000a8400000| Untracked 
| 133|0x00000000a8500000, 0x00000000a8500000, 0x00000000a8600000|  0%| F|  |TAMS 0x00000000a8500000, 0x00000000a8500000| Untracked 
| 134|0x00000000a8600000, 0x00000000a8600000, 0x00000000a8700000|  0%| F|  |TAMS 0x00000000a8600000, 0x00000000a8600000| Untracked 
| 135|0x00000000a8700000, 0x00000000a8700000, 0x00000000a8800000|  0%| F|  |TAMS 0x00000000a8700000, 0x00000000a8700000| Untracked 
| 136|0x00000000a8800000, 0x00000000a8800000, 0x00000000a8900000|  0%| F|  |TAMS 0x00000000a8800000, 0x00000000a8800000| Untracked 
| 137|0x00000000a8900000, 0x00000000a8900000, 0x00000000a8a00000|  0%| F|  |TAMS 0x00000000a8900000, 0x00000000a8900000| Untracked 
| 138|0x00000000a8a00000, 0x00000000a8a00000, 0x00000000a8b00000|  0%| F|  |TAMS 0x00000000a8a00000, 0x00000000a8a00000| Untracked 
| 139|0x00000000a8b00000, 0x00000000a8b00000, 0x00000000a8c00000|  0%| F|  |TAMS 0x00000000a8b00000, 0x00000000a8b00000| Untracked 
| 140|0x00000000a8c00000, 0x00000000a8c00000, 0x00000000a8d00000|  0%| F|  |TAMS 0x00000000a8c00000, 0x00000000a8c00000| Untracked 
| 141|0x00000000a8d00000, 0x00000000a8d00000, 0x00000000a8e00000|  0%| F|  |TAMS 0x00000000a8d00000, 0x00000000a8d00000| Untracked 
| 142|0x00000000a8e00000, 0x00000000a8e00000, 0x00000000a8f00000|  0%| F|  |TAMS 0x00000000a8e00000, 0x00000000a8e00000| Untracked 
| 143|0x00000000a8f00000, 0x00000000a8f00000, 0x00000000a9000000|  0%| F|  |TAMS 0x00000000a8f00000, 0x00000000a8f00000| Untracked 
| 144|0x00000000a9000000, 0x00000000a9100000, 0x00000000a9100000|100%| S|CS|TAMS 0x00000000a9000000, 0x00000000a9000000| Complete 
| 145|0x00000000a9100000, 0x00000000a9200000, 0x00000000a9200000|100%| S|CS|TAMS 0x00000000a9100000, 0x00000000a9100000| Complete 
| 146|0x00000000a9200000, 0x00000000a9300000, 0x00000000a9300000|100%| S|CS|TAMS 0x00000000a9200000, 0x00000000a9200000| Complete 
| 147|0x00000000a9300000, 0x00000000a9400000, 0x00000000a9400000|100%| S|CS|TAMS 0x00000000a9300000, 0x00000000a9300000| Complete 
| 148|0x00000000a9400000, 0x00000000a9500000, 0x00000000a9500000|100%| S|CS|TAMS 0x00000000a9400000, 0x00000000a9400000| Complete 
| 149|0x00000000a9500000, 0x00000000a9600000, 0x00000000a9600000|100%| S|CS|TAMS 0x00000000a9500000, 0x00000000a9500000| Complete 
| 150|0x00000000a9600000, 0x00000000a9700000, 0x00000000a9700000|100%| S|CS|TAMS 0x00000000a9600000, 0x00000000a9600000| Complete 
| 151|0x00000000a9700000, 0x00000000a9800000, 0x00000000a9800000|100%| S|CS|TAMS 0x00000000a9700000, 0x00000000a9700000| Complete 
| 152|0x00000000a9800000, 0x00000000a9800000, 0x00000000a9900000|  0%| F|  |TAMS 0x00000000a9800000, 0x00000000a9800000| Untracked 
| 153|0x00000000a9900000, 0x00000000a9900000, 0x00000000a9a00000|  0%| F|  |TAMS 0x00000000a9900000, 0x00000000a9900000| Untracked 
| 154|0x00000000a9a00000, 0x00000000a9a00000, 0x00000000a9b00000|  0%| F|  |TAMS 0x00000000a9a00000, 0x00000000a9a00000| Untracked 
| 155|0x00000000a9b00000, 0x00000000a9b00000, 0x00000000a9c00000|  0%| F|  |TAMS 0x00000000a9b00000, 0x00000000a9b00000| Untracked 
| 156|0x00000000a9c00000, 0x00000000a9c00000, 0x00000000a9d00000|  0%| F|  |TAMS 0x00000000a9c00000, 0x00000000a9c00000| Untracked 
| 157|0x00000000a9d00000, 0x00000000a9d00000, 0x00000000a9e00000|  0%| F|  |TAMS 0x00000000a9d00000, 0x00000000a9d00000| Untracked 
| 158|0x00000000a9e00000, 0x00000000a9e00000, 0x00000000a9f00000|  0%| F|  |TAMS 0x00000000a9e00000, 0x00000000a9e00000| Untracked 
| 159|0x00000000a9f00000, 0x00000000a9f00000, 0x00000000aa000000|  0%| F|  |TAMS 0x00000000a9f00000, 0x00000000a9f00000| Untracked 
| 160|0x00000000aa000000, 0x00000000aa000000, 0x00000000aa100000|  0%| F|  |TAMS 0x00000000aa000000, 0x00000000aa000000| Untracked 
| 161|0x00000000aa100000, 0x00000000aa100000, 0x00000000aa200000|  0%| F|  |TAMS 0x00000000aa100000, 0x00000000aa100000| Untracked 
| 162|0x00000000aa200000, 0x00000000aa200000, 0x00000000aa300000|  0%| F|  |TAMS 0x00000000aa200000, 0x00000000aa200000| Untracked 
| 163|0x00000000aa300000, 0x00000000aa300000, 0x00000000aa400000|  0%| F|  |TAMS 0x00000000aa300000, 0x00000000aa300000| Untracked 
| 164|0x00000000aa400000, 0x00000000aa400000, 0x00000000aa500000|  0%| F|  |TAMS 0x00000000aa400000, 0x00000000aa400000| Untracked 
| 165|0x00000000aa500000, 0x00000000aa500000, 0x00000000aa600000|  0%| F|  |TAMS 0x00000000aa500000, 0x00000000aa500000| Untracked 
| 166|0x00000000aa600000, 0x00000000aa600000, 0x00000000aa700000|  0%| F|  |TAMS 0x00000000aa600000, 0x00000000aa600000| Untracked 
| 167|0x00000000aa700000, 0x00000000aa700000, 0x00000000aa800000|  0%| F|  |TAMS 0x00000000aa700000, 0x00000000aa700000| Untracked 
| 168|0x00000000aa800000, 0x00000000aa800000, 0x00000000aa900000|  0%| F|  |TAMS 0x00000000aa800000, 0x00000000aa800000| Untracked 
| 169|0x00000000aa900000, 0x00000000aa900000, 0x00000000aaa00000|  0%| F|  |TAMS 0x00000000aa900000, 0x00000000aa900000| Untracked 
| 170|0x00000000aaa00000, 0x00000000aaa00000, 0x00000000aab00000|  0%| F|  |TAMS 0x00000000aaa00000, 0x00000000aaa00000| Untracked 
| 171|0x00000000aab00000, 0x00000000aab00000, 0x00000000aac00000|  0%| F|  |TAMS 0x00000000aab00000, 0x00000000aab00000| Untracked 
| 172|0x00000000aac00000, 0x00000000aac00000, 0x00000000aad00000|  0%| F|  |TAMS 0x00000000aac00000, 0x00000000aac00000| Untracked 
| 173|0x00000000aad00000, 0x00000000aad00000, 0x00000000aae00000|  0%| F|  |TAMS 0x00000000aad00000, 0x00000000aad00000| Untracked 
| 174|0x00000000aae00000, 0x00000000aae00000, 0x00000000aaf00000|  0%| F|  |TAMS 0x00000000aae00000, 0x00000000aae00000| Untracked 
| 175|0x00000000aaf00000, 0x00000000aaf00000, 0x00000000ab000000|  0%| F|  |TAMS 0x00000000aaf00000, 0x00000000aaf00000| Untracked 
| 176|0x00000000ab000000, 0x00000000ab000000, 0x00000000ab100000|  0%| F|  |TAMS 0x00000000ab000000, 0x00000000ab000000| Untracked 
| 177|0x00000000ab100000, 0x00000000ab100000, 0x00000000ab200000|  0%| F|  |TAMS 0x00000000ab100000, 0x00000000ab100000| Untracked 
| 178|0x00000000ab200000, 0x00000000ab200000, 0x00000000ab300000|  0%| F|  |TAMS 0x00000000ab200000, 0x00000000ab200000| Untracked 
| 179|0x00000000ab300000, 0x00000000ab300000, 0x00000000ab400000|  0%| F|  |TAMS 0x00000000ab300000, 0x00000000ab300000| Untracked 
| 180|0x00000000ab400000, 0x00000000ab400000, 0x00000000ab500000|  0%| F|  |TAMS 0x00000000ab400000, 0x00000000ab400000| Untracked 
| 181|0x00000000ab500000, 0x00000000ab500000, 0x00000000ab600000|  0%| F|  |TAMS 0x00000000ab500000, 0x00000000ab500000| Untracked 
| 182|0x00000000ab600000, 0x00000000ab600000, 0x00000000ab700000|  0%| F|  |TAMS 0x00000000ab600000, 0x00000000ab600000| Untracked 
| 183|0x00000000ab700000, 0x00000000ab700000, 0x00000000ab800000|  0%| F|  |TAMS 0x00000000ab700000, 0x00000000ab700000| Untracked 
| 184|0x00000000ab800000, 0x00000000ab800000, 0x00000000ab900000|  0%| F|  |TAMS 0x00000000ab800000, 0x00000000ab800000| Untracked 
| 185|0x00000000ab900000, 0x00000000ab900000, 0x00000000aba00000|  0%| F|  |TAMS 0x00000000ab900000, 0x00000000ab900000| Untracked 
| 186|0x00000000aba00000, 0x00000000aba00000, 0x00000000abb00000|  0%| F|  |TAMS 0x00000000aba00000, 0x00000000aba00000| Untracked 
| 187|0x00000000abb00000, 0x00000000abb00000, 0x00000000abc00000|  0%| F|  |TAMS 0x00000000abb00000, 0x00000000abb00000| Untracked 
| 188|0x00000000abc00000, 0x00000000abc00000, 0x00000000abd00000|  0%| F|  |TAMS 0x00000000abc00000, 0x00000000abc00000| Untracked 
| 189|0x00000000abd00000, 0x00000000abd00000, 0x00000000abe00000|  0%| F|  |TAMS 0x00000000abd00000, 0x00000000abd00000| Untracked 
| 190|0x00000000abe00000, 0x00000000abe00000, 0x00000000abf00000|  0%| F|  |TAMS 0x00000000abe00000, 0x00000000abe00000| Untracked 
| 191|0x00000000abf00000, 0x00000000abf00000, 0x00000000ac000000|  0%| F|  |TAMS 0x00000000abf00000, 0x00000000abf00000| Untracked 
| 192|0x00000000ac000000, 0x00000000ac000000, 0x00000000ac100000|  0%| F|  |TAMS 0x00000000ac000000, 0x00000000ac000000| Untracked 
| 193|0x00000000ac100000, 0x00000000ac100000, 0x00000000ac200000|  0%| F|  |TAMS 0x00000000ac100000, 0x00000000ac100000| Untracked 
| 194|0x00000000ac200000, 0x00000000ac200000, 0x00000000ac300000|  0%| F|  |TAMS 0x00000000ac200000, 0x00000000ac200000| Untracked 
| 195|0x00000000ac300000, 0x00000000ac300000, 0x00000000ac400000|  0%| F|  |TAMS 0x00000000ac300000, 0x00000000ac300000| Untracked 
| 196|0x00000000ac400000, 0x00000000ac400000, 0x00000000ac500000|  0%| F|  |TAMS 0x00000000ac400000, 0x00000000ac400000| Untracked 
| 197|0x00000000ac500000, 0x00000000ac500000, 0x00000000ac600000|  0%| F|  |TAMS 0x00000000ac500000, 0x00000000ac500000| Untracked 
| 198|0x00000000ac600000, 0x00000000ac600000, 0x00000000ac700000|  0%| F|  |TAMS 0x00000000ac600000, 0x00000000ac600000| Untracked 
| 199|0x00000000ac700000, 0x00000000ac700000, 0x00000000ac800000|  0%| F|  |TAMS 0x00000000ac700000, 0x00000000ac700000| Untracked 
| 200|0x00000000ac800000, 0x00000000ac800000, 0x00000000ac900000|  0%| F|  |TAMS 0x00000000ac800000, 0x00000000ac800000| Untracked 
| 201|0x00000000ac900000, 0x00000000ac900000, 0x00000000aca00000|  0%| F|  |TAMS 0x00000000ac900000, 0x00000000ac900000| Untracked 
| 202|0x00000000aca00000, 0x00000000aca00000, 0x00000000acb00000|  0%| F|  |TAMS 0x00000000aca00000, 0x00000000aca00000| Untracked 
| 203|0x00000000acb00000, 0x00000000acb00000, 0x00000000acc00000|  0%| F|  |TAMS 0x00000000acb00000, 0x00000000acb00000| Untracked 
| 204|0x00000000acc00000, 0x00000000acc00000, 0x00000000acd00000|  0%| F|  |TAMS 0x00000000acc00000, 0x00000000acc00000| Untracked 
| 205|0x00000000acd00000, 0x00000000acd00000, 0x00000000ace00000|  0%| F|  |TAMS 0x00000000acd00000, 0x00000000acd00000| Untracked 
| 206|0x00000000ace00000, 0x00000000ace00000, 0x00000000acf00000|  0%| F|  |TAMS 0x00000000ace00000, 0x00000000ace00000| Untracked 
| 207|0x00000000acf00000, 0x00000000acf00000, 0x00000000ad000000|  0%| F|  |TAMS 0x00000000acf00000, 0x00000000acf00000| Untracked 
| 208|0x00000000ad000000, 0x00000000ad000000, 0x00000000ad100000|  0%| F|  |TAMS 0x00000000ad000000, 0x00000000ad000000| Untracked 
| 209|0x00000000ad100000, 0x00000000ad100000, 0x00000000ad200000|  0%| F|  |TAMS 0x00000000ad100000, 0x00000000ad100000| Untracked 
| 210|0x00000000ad200000, 0x00000000ad200000, 0x00000000ad300000|  0%| F|  |TAMS 0x00000000ad200000, 0x00000000ad200000| Untracked 
| 211|0x00000000ad300000, 0x00000000ad300000, 0x00000000ad400000|  0%| F|  |TAMS 0x00000000ad300000, 0x00000000ad300000| Untracked 
| 212|0x00000000ad400000, 0x00000000ad400000, 0x00000000ad500000|  0%| F|  |TAMS 0x00000000ad400000, 0x00000000ad400000| Untracked 
| 213|0x00000000ad500000, 0x00000000ad500000, 0x00000000ad600000|  0%| F|  |TAMS 0x00000000ad500000, 0x00000000ad500000| Untracked 
| 214|0x00000000ad600000, 0x00000000ad600000, 0x00000000ad700000|  0%| F|  |TAMS 0x00000000ad600000, 0x00000000ad600000| Untracked 
| 215|0x00000000ad700000, 0x00000000ad700000, 0x00000000ad800000|  0%| F|  |TAMS 0x00000000ad700000, 0x00000000ad700000| Untracked 
| 216|0x00000000ad800000, 0x00000000ad800000, 0x00000000ad900000|  0%| F|  |TAMS 0x00000000ad800000, 0x00000000ad800000| Untracked 
| 217|0x00000000ad900000, 0x00000000ad900000, 0x00000000ada00000|  0%| F|  |TAMS 0x00000000ad900000, 0x00000000ad900000| Untracked 
| 218|0x00000000ada00000, 0x00000000ada00000, 0x00000000adb00000|  0%| F|  |TAMS 0x00000000ada00000, 0x00000000ada00000| Untracked 
| 219|0x00000000adb00000, 0x00000000adb00000, 0x00000000adc00000|  0%| F|  |TAMS 0x00000000adb00000, 0x00000000adb00000| Untracked 
| 220|0x00000000adc00000, 0x00000000adc00000, 0x00000000add00000|  0%| F|  |TAMS 0x00000000adc00000, 0x00000000adc00000| Untracked 
| 221|0x00000000add00000, 0x00000000add00000, 0x00000000ade00000|  0%| F|  |TAMS 0x00000000add00000, 0x00000000add00000| Untracked 
| 222|0x00000000ade00000, 0x00000000ade00000, 0x00000000adf00000|  0%| F|  |TAMS 0x00000000ade00000, 0x00000000ade00000| Untracked 
| 223|0x00000000adf00000, 0x00000000adf00000, 0x00000000ae000000|  0%| F|  |TAMS 0x00000000adf00000, 0x00000000adf00000| Untracked 
| 224|0x00000000ae000000, 0x00000000ae000000, 0x00000000ae100000|  0%| F|  |TAMS 0x00000000ae000000, 0x00000000ae000000| Untracked 
| 225|0x00000000ae100000, 0x00000000ae100000, 0x00000000ae200000|  0%| F|  |TAMS 0x00000000ae100000, 0x00000000ae100000| Untracked 
| 226|0x00000000ae200000, 0x00000000ae200000, 0x00000000ae300000|  0%| F|  |TAMS 0x00000000ae200000, 0x00000000ae200000| Untracked 
| 227|0x00000000ae300000, 0x00000000ae300000, 0x00000000ae400000|  0%| F|  |TAMS 0x00000000ae300000, 0x00000000ae300000| Untracked 
| 228|0x00000000ae400000, 0x00000000ae400000, 0x00000000ae500000|  0%| F|  |TAMS 0x00000000ae400000, 0x00000000ae400000| Untracked 
| 229|0x00000000ae500000, 0x00000000ae500000, 0x00000000ae600000|  0%| F|  |TAMS 0x00000000ae500000, 0x00000000ae500000| Untracked 
| 230|0x00000000ae600000, 0x00000000ae600000, 0x00000000ae700000|  0%| F|  |TAMS 0x00000000ae600000, 0x00000000ae600000| Untracked 
| 231|0x00000000ae700000, 0x00000000ae700000, 0x00000000ae800000|  0%| F|  |TAMS 0x00000000ae700000, 0x00000000ae700000| Untracked 
| 232|0x00000000ae800000, 0x00000000ae800000, 0x00000000ae900000|  0%| F|  |TAMS 0x00000000ae800000, 0x00000000ae800000| Untracked 
| 233|0x00000000ae900000, 0x00000000ae900000, 0x00000000aea00000|  0%| F|  |TAMS 0x00000000ae900000, 0x00000000ae900000| Untracked 
| 234|0x00000000aea00000, 0x00000000aea00000, 0x00000000aeb00000|  0%| F|  |TAMS 0x00000000aea00000, 0x00000000aea00000| Untracked 
| 235|0x00000000aeb00000, 0x00000000aeb00000, 0x00000000aec00000|  0%| F|  |TAMS 0x00000000aeb00000, 0x00000000aeb00000| Untracked 
| 236|0x00000000aec00000, 0x00000000aec00000, 0x00000000aed00000|  0%| F|  |TAMS 0x00000000aec00000, 0x00000000aec00000| Untracked 
| 237|0x00000000aed00000, 0x00000000aed00000, 0x00000000aee00000|  0%| F|  |TAMS 0x00000000aed00000, 0x00000000aed00000| Untracked 
| 238|0x00000000aee00000, 0x00000000aee00000, 0x00000000aef00000|  0%| F|  |TAMS 0x00000000aee00000, 0x00000000aee00000| Untracked 
| 239|0x00000000aef00000, 0x00000000aef00000, 0x00000000af000000|  0%| F|  |TAMS 0x00000000aef00000, 0x00000000aef00000| Untracked 
| 240|0x00000000af000000, 0x00000000af000000, 0x00000000af100000|  0%| F|  |TAMS 0x00000000af000000, 0x00000000af000000| Untracked 
| 241|0x00000000af100000, 0x00000000af100000, 0x00000000af200000|  0%| F|  |TAMS 0x00000000af100000, 0x00000000af100000| Untracked 
| 242|0x00000000af200000, 0x00000000af200000, 0x00000000af300000|  0%| F|  |TAMS 0x00000000af200000, 0x00000000af200000| Untracked 
| 243|0x00000000af300000, 0x00000000af33e840, 0x00000000af400000| 24%| E|  |TAMS 0x00000000af300000, 0x00000000af300000| Complete 
| 244|0x00000000af400000, 0x00000000af500000, 0x00000000af500000|100%| E|CS|TAMS 0x00000000af400000, 0x00000000af400000| Complete 
| 245|0x00000000af500000, 0x00000000af600000, 0x00000000af600000|100%| E|CS|TAMS 0x00000000af500000, 0x00000000af500000| Complete 
| 246|0x00000000af600000, 0x00000000af700000, 0x00000000af700000|100%| E|CS|TAMS 0x00000000af600000, 0x00000000af600000| Complete 
| 247|0x00000000af700000, 0x00000000af800000, 0x00000000af800000|100%| E|CS|TAMS 0x00000000af700000, 0x00000000af700000| Complete 
| 248|0x00000000af800000, 0x00000000af900000, 0x00000000af900000|100%| E|CS|TAMS 0x00000000af800000, 0x00000000af800000| Complete 
| 249|0x00000000af900000, 0x00000000afa00000, 0x00000000afa00000|100%| E|CS|TAMS 0x00000000af900000, 0x00000000af900000| Complete 
| 250|0x00000000afa00000, 0x00000000afb00000, 0x00000000afb00000|100%| E|CS|TAMS 0x00000000afa00000, 0x00000000afa00000| Complete 
| 251|0x00000000afb00000, 0x00000000afc00000, 0x00000000afc00000|100%| E|CS|TAMS 0x00000000afb00000, 0x00000000afb00000| Complete 
| 252|0x00000000afc00000, 0x00000000afd00000, 0x00000000afd00000|100%| E|CS|TAMS 0x00000000afc00000, 0x00000000afc00000| Complete 
| 253|0x00000000afd00000, 0x00000000afe00000, 0x00000000afe00000|100%| E|CS|TAMS 0x00000000afd00000, 0x00000000afd00000| Complete 
| 254|0x00000000afe00000, 0x00000000aff00000, 0x00000000aff00000|100%| E|CS|TAMS 0x00000000afe00000, 0x00000000afe00000| Complete 
| 255|0x00000000aff00000, 0x00000000b0000000, 0x00000000b0000000|100%| E|CS|TAMS 0x00000000aff00000, 0x00000000aff00000| Complete 

Card table byte_map: [0x000001455fb40000,0x000001455fe40000] _byte_map_base: 0x000001455f640000

Marking Bits (Prev, Next): (CMBitMap*) 0x000001454cd8dd38, (CMBitMap*) 0x000001454cd8dd70
 Prev Bits: [0x0000014560140000, 0x0000014561940000)
 Next Bits: [0x0000014561940000, 0x0000014563140000)

Polling page: 0x000001454ac10000

Metaspace:

Usage:
  Non-class:     84.71 MB capacity,    82.84 MB ( 98%) used,     1.59 MB (  2%) free+waste,   293.63 KB ( <1%) overhead. 
      Class:     13.71 MB capacity,    12.63 MB ( 92%) used,   968.66 KB (  7%) free+waste,   136.94 KB ( <1%) overhead. 
       Both:     98.42 MB capacity,    95.46 MB ( 97%) used,     2.53 MB (  3%) free+waste,   430.56 KB ( <1%) overhead. 

Virtual space:
  Non-class space:       86.00 MB reserved,      84.93 MB ( 99%) committed 
      Class space:        1.00 GB reserved,      13.82 MB (  1%) committed 
             Both:        1.08 GB reserved,      98.75 MB (  9%) committed 

Chunk freelists:
   Non-Class:  27.00 KB
       Class:  13.00 KB
        Both:  40.00 KB

MaxMetaspaceSize: 17179869184.00 GB
CompressedClassSpaceSize: 1.00 GB

CodeHeap 'non-profiled nmethods': size=120064Kb used=7685Kb max_used=7685Kb free=112378Kb
 bounds [0x0000014558300000, 0x0000014558a90000, 0x000001455f840000]
CodeHeap 'profiled nmethods': size=120000Kb used=25994Kb max_used=25994Kb free=94005Kb
 bounds [0x0000014550dd0000, 0x0000014552740000, 0x0000014558300000]
CodeHeap 'non-nmethods': size=5696Kb used=2294Kb max_used=2345Kb free=3401Kb
 bounds [0x0000014550840000, 0x0000014550ab0000, 0x0000014550dd0000]
 total_blobs=12642 nmethods=11735 adapters=818
 compilation: enabled
              stopped_count=0, restarted_count=0
 full_count=0

Compilation events (20 events):
Event: 31.606 Thread 0x0000014565f02800 11784       3       com.android.utils.PositionXmlParser$DomBuilder::addNodeToParent (59 bytes)
Event: 31.607 Thread 0x0000014565f02800 nmethod 11784 0x0000014552729610 code [0x0000014552729840, 0x000001455272a0a8]
Event: 31.608 Thread 0x0000014565f02800 11785       3       java.util.Stack::<init> (5 bytes)
Event: 31.609 Thread 0x0000014565f02800 nmethod 11785 0x000001455272a310 code [0x000001455272a4e0, 0x000001455272a6e8]
Event: 31.609 Thread 0x0000014565efa000 11786       4       java.lang.String::regionMatches (150 bytes)
Event: 31.627 Thread 0x0000014565efa000 nmethod 11786 0x0000014558a7ef90 code [0x0000014558a7f160, 0x0000014558a7f888]
Event: 31.642 Thread 0x0000014565f02800 11787       3       org.apache.xerces.parsers.XML11Configuration::addComponent (27 bytes)
Event: 31.643 Thread 0x0000014565f02800 nmethod 11787 0x000001455272a810 code [0x000001455272aa60, 0x000001455272b4d8]
Event: 31.643 Thread 0x0000014565f02800 11788       3       org.apache.xerces.impl.dtd.XMLDTDProcessor::getFeatureDefault (36 bytes)
Event: 31.643 Thread 0x0000014565f02800 nmethod 11788 0x000001455272b890 code [0x000001455272ba60, 0x000001455272bd28]
Event: 31.643 Thread 0x0000014565f02800 11789       3       org.apache.xerces.impl.dtd.XMLDTDProcessor::getPropertyDefault (36 bytes)
Event: 31.643 Thread 0x0000014565f02800 nmethod 11789 0x000001455272bf10 code [0x000001455272c0e0, 0x000001455272c3a8]
Event: 31.651 Thread 0x0000014565f02800 11790       3       com.android.ide.common.resources.configuration.FolderConfiguration::getQualifierString (115 bytes)
Event: 31.652 Thread 0x0000014565f02800 nmethod 11790 0x000001455272c590 code [0x000001455272c820, 0x000001455272d438]
Event: 31.654 Thread 0x0000014565f02800 11791       3       org.apache.xerces.jaxp.SAXParserImpl$JAXPSAXParser::setFeature0 (7 bytes)
Event: 31.654 Thread 0x0000014565f02800 nmethod 11791 0x000001455272d910 code [0x000001455272dac0, 0x000001455272dbe8]
Event: 31.657 Thread 0x0000014565f02800 11792       3       java.util.EnumMap::isValidKey (36 bytes)
Event: 31.657 Thread 0x0000014565f02800 nmethod 11792 0x000001455272dc90 code [0x000001455272de60, 0x000001455272e0c8]
Event: 31.658 Thread 0x0000014565f02800 11793       3       org.gradle.internal.classpath.Instrumented::listener (10 bytes)
Event: 31.658 Thread 0x0000014565f02800 nmethod 11793 0x000001455272e190 code [0x000001455272e340, 0x000001455272e558]

GC Heap History (20 events):
Event: 6.932 GC heap before
{Heap before GC invocations=6 (full 0):
 garbage-first heap   total 262144K, used 70660K [0x00000000a0000000, 0x0000000100000000)
  region size 1024K, 57 young (58368K), 5 survivors (5120K)
 Metaspace       used 26359K, capacity 26962K, committed 27264K, reserved 1073152K
  class space    used 3428K, capacity 3640K, committed 3712K, reserved 1048576K
}
Event: 6.940 GC heap after
{Heap after GC invocations=7 (full 0):
 garbage-first heap   total 262144K, used 19593K [0x00000000a0000000, 0x0000000100000000)
  region size 1024K, 4 young (4096K), 4 survivors (4096K)
 Metaspace       used 26359K, capacity 26962K, committed 27264K, reserved 1073152K
  class space    used 3428K, capacity 3640K, committed 3712K, reserved 1048576K
}
Event: 8.476 GC heap before
{Heap before GC invocations=7 (full 0):
 garbage-first heap   total 262144K, used 78985K [0x00000000a0000000, 0x0000000100000000)
  region size 1024K, 63 young (64512K), 4 survivors (4096K)
 Metaspace       used 35023K, capacity 35779K, committed 35840K, reserved 1081344K
  class space    used 4526K, capacity 4837K, committed 4864K, reserved 1048576K
}
Event: 8.491 GC heap after
{Heap after GC invocations=8 (full 0):
 garbage-first heap   total 262144K, used 23103K [0x00000000a0000000, 0x0000000100000000)
  region size 1024K, 7 young (7168K), 7 survivors (7168K)
 Metaspace       used 35023K, capacity 35779K, committed 35840K, reserved 1081344K
  class space    used 4526K, capacity 4837K, committed 4864K, reserved 1048576K
}
Event: 11.441 GC heap before
{Heap before GC invocations=9 (full 0):
 garbage-first heap   total 262144K, used 175679K [0x00000000a0000000, 0x0000000100000000)
  region size 1024K, 153 young (156672K), 7 survivors (7168K)
 Metaspace       used 46669K, capacity 47837K, committed 48204K, reserved 1091584K
  class space    used 5973K, capacity 6355K, committed 6476K, reserved 1048576K
}
Event: 11.459 GC heap after
{Heap after GC invocations=10 (full 0):
 garbage-first heap   total 262144K, used 31417K [0x00000000a0000000, 0x0000000100000000)
  region size 1024K, 15 young (15360K), 15 survivors (15360K)
 Metaspace       used 46669K, capacity 47837K, committed 48204K, reserved 1091584K
  class space    used 5973K, capacity 6355K, committed 6476K, reserved 1048576K
}
Event: 14.418 GC heap before
{Heap before GC invocations=10 (full 0):
 garbage-first heap   total 262144K, used 172729K [0x00000000a0000000, 0x0000000100000000)
  region size 1024K, 153 young (156672K), 15 survivors (15360K)
 Metaspace       used 51660K, capacity 53001K, committed 53324K, reserved 1095680K
  class space    used 6640K, capacity 7128K, committed 7244K, reserved 1048576K
}
Event: 14.441 GC heap after
{Heap after GC invocations=11 (full 0):
 garbage-first heap   total 262144K, used 35699K [0x00000000a0000000, 0x0000000100000000)
  region size 1024K, 13 young (13312K), 13 survivors (13312K)
 Metaspace       used 51660K, capacity 53001K, committed 53324K, reserved 1095680K
  class space    used 6640K, capacity 7128K, committed 7244K, reserved 1048576K
}
Event: 16.786 GC heap before
{Heap before GC invocations=11 (full 0):
 garbage-first heap   total 262144K, used 150387K [0x00000000a0000000, 0x0000000100000000)
  region size 1024K, 118 young (120832K), 13 survivors (13312K)
 Metaspace       used 58537K, capacity 60083K, committed 60288K, reserved 1101824K
  class space    used 7463K, capacity 8017K, committed 8140K, reserved 1048576K
}
Event: 16.809 GC heap after
{Heap after GC invocations=12 (full 0):
 garbage-first heap   total 262144K, used 54272K [0x00000000a0000000, 0x0000000100000000)
  region size 1024K, 14 young (14336K), 14 survivors (14336K)
 Metaspace       used 58537K, capacity 60083K, committed 60288K, reserved 1101824K
  class space    used 7463K, capacity 8017K, committed 8140K, reserved 1048576K
}
Event: 19.632 GC heap before
{Heap before GC invocations=13 (full 0):
 garbage-first heap   total 262144K, used 187392K [0x00000000a0000000, 0x0000000100000000)
  region size 1024K, 144 young (147456K), 14 survivors (14336K)
 Metaspace       used 71917K, capacity 73721K, committed 73856K, reserved 1114112K
  class space    used 9175K, capacity 9816K, committed 9932K, reserved 1048576K
}
Event: 19.655 GC heap after
{Heap after GC invocations=14 (full 0):
 garbage-first heap   total 262144K, used 62300K [0x00000000a0000000, 0x0000000100000000)
  region size 1024K, 17 young (17408K), 17 survivors (17408K)
 Metaspace       used 71917K, capacity 73721K, committed 73856K, reserved 1114112K
  class space    used 9175K, capacity 9816K, committed 9932K, reserved 1048576K
}
Event: 22.240 GC heap before
{Heap before GC invocations=15 (full 0):
 garbage-first heap   total 262144K, used 196444K [0x00000000a0000000, 0x0000000100000000)
  region size 1024K, 145 young (148480K), 17 survivors (17408K)
 Metaspace       used 74336K, capacity 76546K, committed 76800K, reserved 1116160K
  class space    used 9486K, capacity 10215K, committed 10316K, reserved 1048576K
}
Event: 22.322 GC heap after
{Heap after GC invocations=16 (full 0):
 garbage-first heap   total 262144K, used 76551K [0x00000000a0000000, 0x0000000100000000)
  region size 1024K, 19 young (19456K), 19 survivors (19456K)
 Metaspace       used 74336K, capacity 76546K, committed 76800K, reserved 1116160K
  class space    used 9486K, capacity 10215K, committed 10316K, reserved 1048576K
}
Event: 25.210 GC heap before
{Heap before GC invocations=16 (full 0):
 garbage-first heap   total 262144K, used 198407K [0x00000000a0000000, 0x0000000100000000)
  region size 1024K, 138 young (141312K), 19 survivors (19456K)
 Metaspace       used 82359K, capacity 84730K, committed 84864K, reserved 1122304K
  class space    used 10781K, capacity 11625K, committed 11724K, reserved 1048576K
}
Event: 25.242 GC heap after
{Heap after GC invocations=17 (full 0):
 garbage-first heap   total 262144K, used 86528K [0x00000000a0000000, 0x0000000100000000)
  region size 1024K, 10 young (10240K), 10 survivors (10240K)
 Metaspace       used 82359K, capacity 84730K, committed 84864K, reserved 1122304K
  class space    used 10781K, capacity 11625K, committed 11724K, reserved 1048576K
}
Event: 28.119 GC heap before
{Heap before GC invocations=17 (full 0):
 garbage-first heap   total 262144K, used 204288K [0x00000000a0000000, 0x0000000100000000)
  region size 1024K, 124 young (126976K), 10 survivors (10240K)
 Metaspace       used 91058K, capacity 93634K, committed 93824K, reserved 1130496K
  class space    used 11987K, capacity 12910K, committed 13004K, reserved 1048576K
}
Event: 28.148 GC heap after
{Heap after GC invocations=18 (full 0):
 garbage-first heap   total 262144K, used 101376K [0x00000000a0000000, 0x0000000100000000)
  region size 1024K, 12 young (12288K), 12 survivors (12288K)
 Metaspace       used 91058K, capacity 93634K, committed 93824K, reserved 1130496K
  class space    used 11987K, capacity 12910K, committed 13004K, reserved 1048576K
}
Event: 30.750 GC heap before
{Heap before GC invocations=18 (full 0):
 garbage-first heap   total 262144K, used 206848K [0x00000000a0000000, 0x0000000100000000)
  region size 1024K, 116 young (118784K), 12 survivors (12288K)
 Metaspace       used 96902K, capacity 99878K, committed 100224K, reserved 1136640K
  class space    used 12831K, capacity 13928K, committed 14028K, reserved 1048576K
}
Event: 30.772 GC heap after
{Heap after GC invocations=19 (full 0):
 garbage-first heap   total 262144K, used 109568K [0x00000000a0000000, 0x0000000100000000)
  region size 1024K, 8 young (8192K), 8 survivors (8192K)
 Metaspace       used 96902K, capacity 99878K, committed 100224K, reserved 1136640K
  class space    used 12831K, capacity 13928K, committed 14028K, reserved 1048576K
}

Deoptimization events (20 events):
Event: 30.533 Thread 0x00000145699d1800 Uncommon trap: trap_request=0xffffffc6 fr.pc=0x0000014558a1b30c relative=0x000000000000054c
Event: 30.533 Thread 0x00000145699d1800 Uncommon trap: reason=bimorphic_or_optimized_type_check action=maybe_recompile pc=0x0000014558a1b30c method=org.gradle.internal.snapshot.MediumChildMap.withNode(Lorg/gradle/internal/snapshot/VfsRelativePath;Lorg/gradle/internal/snapshot/CaseSensitivity;Lo
Event: 30.534 Thread 0x00000145699d1800 DEOPT PACKING pc=0x0000014558a1b30c sp=0x00000016b18fb830
Event: 30.534 Thread 0x00000145699d1800 DEOPT UNPACKING pc=0x00000145508678af sp=0x00000016b18fb7d8 mode 2
Event: 30.682 Thread 0x00000145699d1800 DEOPT PACKING pc=0x0000014552398744 sp=0x00000016b18fab50
Event: 30.682 Thread 0x00000145699d1800 DEOPT UNPACKING pc=0x00000145508676ce sp=0x00000016b18fa0f0 mode 0
Event: 30.847 Thread 0x00000145699d1800 DEOPT PACKING pc=0x0000014552398744 sp=0x00000016b18fab30
Event: 30.847 Thread 0x00000145699d1800 DEOPT UNPACKING pc=0x00000145508676ce sp=0x00000016b18fa0d0 mode 0
Event: 30.996 Thread 0x00000145699d1800 DEOPT PACKING pc=0x0000014552398744 sp=0x00000016b18fabb0
Event: 30.996 Thread 0x00000145699d1800 DEOPT UNPACKING pc=0x00000145508676ce sp=0x00000016b18fa150 mode 0
Event: 31.383 Thread 0x00000145699d1800 Uncommon trap: trap_request=0xffffff4d fr.pc=0x0000014558312e98 relative=0x0000000000000258
Event: 31.383 Thread 0x00000145699d1800 Uncommon trap: reason=unstable_if action=reinterpret pc=0x0000014558312e98 method=java.lang.String.getChars(II[CI)V @ 23 c2
Event: 31.383 Thread 0x00000145699d1800 DEOPT PACKING pc=0x0000014558312e98 sp=0x00000016b18f8f50
Event: 31.383 Thread 0x00000145699d1800 DEOPT UNPACKING pc=0x00000145508678af sp=0x00000016b18f8ee8 mode 2
Event: 31.383 Thread 0x00000145699d1800 Uncommon trap: trap_request=0xffffff4d fr.pc=0x0000014558410408 relative=0x0000000000000268
Event: 31.383 Thread 0x00000145699d1800 Uncommon trap: reason=unstable_if action=reinterpret pc=0x0000014558410408 method=java.lang.AbstractStringBuilder.appendChars([CII)V @ 43 c2
Event: 31.383 Thread 0x00000145699d1800 DEOPT PACKING pc=0x0000014558410408 sp=0x00000016b18f8e10
Event: 31.383 Thread 0x00000145699d1800 DEOPT UNPACKING pc=0x00000145508678af sp=0x00000016b18f8d88 mode 2
Event: 31.428 Thread 0x00000145699d1800 DEOPT PACKING pc=0x0000014550e0f0bc sp=0x00000016b18f8c40
Event: 31.428 Thread 0x00000145699d1800 DEOPT UNPACKING pc=0x00000145508676ce sp=0x00000016b18f80a0 mode 0

Classes redefined (0 events):
No events

Internal exceptions (20 events):
Event: 28.289 Thread 0x00000145687ca000 Exception <a 'java/lang/NoSuchMethodError'{0x00000000afcf3a48}: 'java.lang.Object java.lang.invoke.Invokers$Holder.linkToTargetMethod(java.lang.Object, java.lang.Object, java.lang.Object, int, java.lang.Object, java.lang.Object)'> (0x00000000afcf3a48) thrown at [./src/hotspot/share/interpreter/linkResolver.cpp, line 773]
Event: 28.614 Thread 0x00000145687ca000 Exception <a 'java/lang/ClassNotFoundException'{0x00000000ae9ca7b0}: org/gradle/api/internal/file/collections/DefaultConfigurableFileCollectionBeanInfo> (0x00000000ae9ca7b0) thrown at [./src/hotspot/share/classfile/systemDictionary.cpp, line 231]
Event: 28.614 Thread 0x00000145687ca000 Exception <a 'java/lang/ClassNotFoundException'{0x00000000ae9e3108}: org/gradle/api/internal/file/CompositeFileCollectionBeanInfo> (0x00000000ae9e3108) thrown at [./src/hotspot/share/classfile/systemDictionary.cpp, line 231]
Event: 28.615 Thread 0x00000145687ca000 Exception <a 'java/lang/ClassNotFoundException'{0x00000000ae9fbbe0}: org/gradle/api/internal/file/CompositeFileCollectionCustomizer> (0x00000000ae9fbbe0) thrown at [./src/hotspot/share/classfile/systemDictionary.cpp, line 231]
Event: 28.616 Thread 0x00000145687ca000 Exception <a 'java/lang/ClassNotFoundException'{0x00000000ae820818}: org/gradle/api/internal/file/collections/DefaultConfigurableFileCollectionCustomizer> (0x00000000ae820818) thrown at [./src/hotspot/share/classfile/systemDictionary.cpp, line 231]
Event: 28.635 Thread 0x00000145687ca000 Exception <a 'java/lang/ClassNotFoundException'{0x00000000ae8c3c20}: org/gradle/api/internal/file/UnionFileCollectionBeanInfo> (0x00000000ae8c3c20) thrown at [./src/hotspot/share/classfile/systemDictionary.cpp, line 231]
Event: 28.636 Thread 0x00000145687ca000 Exception <a 'java/lang/ClassNotFoundException'{0x00000000ae8db7a8}: org/gradle/api/internal/file/UnionFileCollectionCustomizer> (0x00000000ae8db7a8) thrown at [./src/hotspot/share/classfile/systemDictionary.cpp, line 231]
Event: 28.652 Thread 0x00000145687ca000 Exception <a 'java/lang/ClassNotFoundException'{0x00000000ae794760}: java/util/regex/MatcherBeanInfo> (0x00000000ae794760) thrown at [./src/hotspot/share/classfile/systemDictionary.cpp, line 231]
Event: 28.652 Thread 0x00000145687ca000 Exception <a 'java/lang/ClassNotFoundException'{0x00000000ae79efb0}: java/util/regex/MatcherCustomizer> (0x00000000ae79efb0) thrown at [./src/hotspot/share/classfile/systemDictionary.cpp, line 231]
Event: 29.075 Thread 0x00000145699d1800 Exception <a 'java/lang/IncompatibleClassChangeError'{0x00000000ad2ab208}: Found class java.lang.Object, but interface was expected> (0x00000000ad2ab208) thrown at [./src/hotspot/share/interpreter/linkResolver.cpp, line 839]
Event: 29.111 Thread 0x00000145699d1800 Exception <a 'java/lang/IncompatibleClassChangeError'{0x00000000ad09a2f0}: Found class java.lang.Object, but interface was expected> (0x00000000ad09a2f0) thrown at [./src/hotspot/share/interpreter/linkResolver.cpp, line 839]
Event: 29.210 Thread 0x00000145699d1800 Exception <a 'java/lang/NoSuchMethodError'{0x00000000acd83918}: 'int java.lang.invoke.DirectMethodHandle$Holder.invokeStaticInit(java.lang.Object, java.lang.Object, java.lang.Object, java.lang.Object, java.lang.Object)'> (0x00000000acd83918) thrown at [./src/hotspot/share/interpreter/linkResolver.cpp, line 773]
Event: 29.357 Thread 0x00000145699d1800 Exception <a 'java/lang/NoSuchMethodError'{0x00000000ac5ae6b8}: 'java.lang.Object java.lang.invoke.DirectMethodHandle$Holder.newInvokeSpecial(java.lang.Object, java.lang.Object, java.lang.Object, java.lang.Object)'> (0x00000000ac5ae6b8) thrown at [./src/hotspot/share/interpreter/linkResolver.cpp, line 773]
Event: 29.682 Thread 0x00000145699d3000 Exception <a 'java/lang/NoSuchMethodError'{0x00000000ab5be3c0}: 'int java.lang.invoke.DirectMethodHandle$Holder.invokeSpecial(java.lang.Object, java.lang.Object, java.lang.Object, java.lang.Object, java.lang.Object)'> (0x00000000ab5be3c0) thrown at [./src/hotspot/share/interpreter/linkResolver.cpp, line 773]
Event: 30.161 Thread 0x00000145699d1800 Exception <a 'java/lang/NoSuchMethodError'{0x00000000aa7beac8}: 'void java.lang.invoke.DirectMethodHandle$Holder.invokeStatic(java.lang.Object, java.lang.Object, java.lang.Object, java.lang.Object, int, java.lang.Object, java.lang.Object)'> (0x00000000aa7beac8) thrown at [./src/hotspot/share/interpreter/linkResolver.cpp, line 773]
Event: 30.191 Thread 0x000001456b682000 Exception <a 'java/lang/NoSuchMethodError'{0x00000000aa4f0778}: 'java.lang.Object java.lang.invoke.DirectMethodHandle$Holder.invokeSpecialIFC(java.lang.Object, java.lang.Object, java.lang.Object)'> (0x00000000aa4f0778) thrown at [./src/hotspot/share/interpreter/linkResolver.cpp, line 773]
Event: 30.191 Thread 0x00000145699d1800 Exception <a 'java/lang/NoSuchMethodError'{0x00000000aa309cb0}: 'java.lang.Object java.lang.invoke.DirectMethodHandle$Holder.invokeSpecialIFC(java.lang.Object, java.lang.Object, java.lang.Object)'> (0x00000000aa309cb0) thrown at [./src/hotspot/share/interpreter/linkResolver.cpp, line 773]
Event: 30.212 Thread 0x000001456b67d000 Exception <a 'java/lang/NoSuchMethodError'{0x00000000aa312938}: 'java.lang.Object java.lang.invoke.DirectMethodHandle$Holder.invokeSpecialIFC(java.lang.Object, java.lang.Object, java.lang.Object)'> (0x00000000aa312938) thrown at [./src/hotspot/share/interpreter/linkResolver.cpp, line 773]
Event: 30.332 Thread 0x00000145699d3000 Exception <a 'java/lang/NoSuchMethodError'{0x00000000aa0f9bf0}: 'void java.lang.invoke.DirectMethodHandle$Holder.invokeSpecial(java.lang.Object, java.lang.Object, java.lang.Object, int)'> (0x00000000aa0f9bf0) thrown at [./src/hotspot/share/interpreter/linkResolver.cpp, line 773]
Event: 30.509 Thread 0x00000145699d1800 Implicit null exception at 0x00000145585e2877 to 0x00000145585e2a14

Events (20 events):
Event: 31.314 loading class com/android/resources/ScreenOrientation done
Event: 31.314 loading class com/android/resources/UiMode
Event: 31.314 loading class com/android/resources/UiMode done
Event: 31.315 loading class com/android/resources/NightMode
Event: 31.315 loading class com/android/resources/NightMode done
Event: 31.316 loading class com/android/resources/TouchScreen
Event: 31.316 loading class com/android/resources/TouchScreen done
Event: 31.317 loading class com/android/resources/KeyboardState
Event: 31.317 loading class com/android/resources/KeyboardState done
Event: 31.317 loading class com/android/resources/Keyboard
Event: 31.317 loading class com/android/resources/Keyboard done
Event: 31.318 loading class com/android/resources/NavigationState
Event: 31.318 loading class com/android/resources/NavigationState done
Event: 31.318 loading class com/android/resources/Navigation
Event: 31.318 loading class com/android/resources/Navigation done
Event: 31.353 Thread 0x00000145699d5800 Thread added: 0x00000145699d5800
Event: 31.359 loading class org/apache/xerces/dom/NodeListCache
Event: 31.359 loading class org/apache/xerces/dom/NodeListCache done
Event: 31.361 loading class com/android/ide/common/resources/ValueResourceNameValidator
Event: 31.361 loading class com/android/ide/common/resources/ValueResourceNameValidator done


Dynamic libraries:
0x00007ff7a2df0000 - 0x00007ff7a2dfa000 	C:\Program Files\Android\Android Studio\jre\bin\java.exe
0x00007ffdd3370000 - 0x00007ffdd3568000 	C:\WINDOWS\SYSTEM32\ntdll.dll
0x00007ffdd20a0000 - 0x00007ffdd215d000 	C:\WINDOWS\System32\KERNEL32.DLL
0x00007ffdd0a20000 - 0x00007ffdd0d16000 	C:\WINDOWS\System32\KERNELBASE.dll
0x00007ffdd1150000 - 0x00007ffdd1250000 	C:\WINDOWS\System32\ucrtbase.dll
0x00007ffdc3810000 - 0x00007ffdc3829000 	C:\Program Files\Android\Android Studio\jre\bin\jli.dll
0x00007ffdc37f0000 - 0x00007ffdc3807000 	C:\Program Files\Android\Android Studio\jre\bin\VCRUNTIME140.dll
0x00007ffdd2250000 - 0x00007ffdd23ee000 	C:\WINDOWS\System32\USER32.dll
0x00007ffdd1320000 - 0x00007ffdd1342000 	C:\WINDOWS\System32\win32u.dll
0x00007ffdb0bb0000 - 0x00007ffdb0e4a000 	C:\WINDOWS\WinSxS\amd64_microsoft.windows.common-controls_6595b64144ccf1df_6.0.19041.3636_none_60b6a03d71f818d5\COMCTL32.dll
0x00007ffdd1db0000 - 0x00007ffdd1ddb000 	C:\WINDOWS\System32\GDI32.dll
0x00007ffdd23f0000 - 0x00007ffdd248e000 	C:\WINDOWS\System32\msvcrt.dll
0x00007ffdd0dd0000 - 0x00007ffdd0ee7000 	C:\WINDOWS\System32\gdi32full.dll
0x00007ffdd1250000 - 0x00007ffdd12ed000 	C:\WINDOWS\System32\msvcp_win.dll
0x00007ffdd2ce0000 - 0x00007ffdd2d12000 	C:\WINDOWS\System32\IMM32.DLL
0x00007ffd84a40000 - 0x00007ffd84add000 	C:\Program Files\Android\Android Studio\jre\bin\msvcp140.dll
0x00007ffd3e520000 - 0x00007ffd3efef000 	C:\Program Files\Android\Android Studio\jre\bin\server\jvm.dll
0x00007ffdd1410000 - 0x00007ffdd14c0000 	C:\WINDOWS\System32\ADVAPI32.dll
0x00007ffdd27f0000 - 0x00007ffdd2890000 	C:\WINDOWS\System32\sechost.dll
0x00007ffdd2a50000 - 0x00007ffdd2b75000 	C:\WINDOWS\System32\RPCRT4.dll
0x00007ffdd12f0000 - 0x00007ffdd1317000 	C:\WINDOWS\System32\bcrypt.dll
0x00007ffdd1de0000 - 0x00007ffdd1de8000 	C:\WINDOWS\System32\PSAPI.DLL
0x00007ffdc9080000 - 0x00007ffdc9089000 	C:\WINDOWS\SYSTEM32\WSOCK32.dll
0x00007ffdba030000 - 0x00007ffdba057000 	C:\WINDOWS\SYSTEM32\WINMM.dll
0x00007ffdd2030000 - 0x00007ffdd209b000 	C:\WINDOWS\System32\WS2_32.dll
0x00007ffdc73e0000 - 0x00007ffdc73ea000 	C:\WINDOWS\SYSTEM32\VERSION.dll
0x00007ffdcf270000 - 0x00007ffdcf282000 	C:\WINDOWS\SYSTEM32\kernel.appcore.dll
0x00007ffdc9060000 - 0x00007ffdc9071000 	C:\Program Files\Android\Android Studio\jre\bin\verify.dll
0x00007ffdcf000000 - 0x00007ffdcf1e4000 	C:\WINDOWS\SYSTEM32\DBGHELP.DLL
0x00007ffdb9d80000 - 0x00007ffdb9db4000 	C:\WINDOWS\SYSTEM32\dbgcore.DLL
0x00007ffdd1050000 - 0x00007ffdd10d2000 	C:\WINDOWS\System32\bcryptPrimitives.dll
0x00007ffdb3550000 - 0x00007ffdb3579000 	C:\Program Files\Android\Android Studio\jre\bin\java.dll
0x00007ffdc80f0000 - 0x00007ffdc80fb000 	C:\Program Files\Android\Android Studio\jre\bin\jimage.dll
0x00007ffd9fd60000 - 0x00007ffd9fd78000 	C:\Program Files\Android\Android Studio\jre\bin\zip.dll
0x00007ffdd1520000 - 0x00007ffdd1c8b000 	C:\WINDOWS\System32\SHELL32.dll
0x00007ffdce7a0000 - 0x00007ffdcef3e000 	C:\WINDOWS\SYSTEM32\windows.storage.dll
0x00007ffdd2490000 - 0x00007ffdd27e3000 	C:\WINDOWS\System32\combase.dll
0x00007ffdd02a0000 - 0x00007ffdd02ce000 	C:\WINDOWS\SYSTEM32\Wldp.dll
0x00007ffdd3260000 - 0x00007ffdd332d000 	C:\WINDOWS\System32\OLEAUT32.dll
0x00007ffdd31b0000 - 0x00007ffdd325d000 	C:\WINDOWS\System32\SHCORE.dll
0x00007ffdd21f0000 - 0x00007ffdd2245000 	C:\WINDOWS\System32\shlwapi.dll
0x00007ffdd0950000 - 0x00007ffdd0975000 	C:\WINDOWS\SYSTEM32\profapi.dll
0x00007ffd9fd00000 - 0x00007ffd9fd1a000 	C:\Program Files\Android\Android Studio\jre\bin\net.dll
0x00007ffdbed60000 - 0x00007ffdbee6a000 	C:\WINDOWS\SYSTEM32\WINHTTP.dll
0x00007ffdd0080000 - 0x00007ffdd00ea000 	C:\WINDOWS\system32\mswsock.dll
0x00007ffd97780000 - 0x00007ffd97794000 	C:\Program Files\Android\Android Studio\jre\bin\nio.dll
0x00007ffda03f0000 - 0x00007ffda0417000 	C:\Users\Arona\.gradle\native\e1d6ef7f7dcc3fd88c89a11ec53ec762bb8ba0a96d01ffa2cd45eb1d1d8dd5c5\windows-amd64\native-platform.dll
0x00007ffd84880000 - 0x00007ffd849c4000 	C:\Users\Arona\.gradle\native\0d407fdbe67a94daf76414ababcb853783967236a71b16ec16e742cd7a986fd3\windows-amd64\native-platform-file-events.dll
0x00007ffdc7cc0000 - 0x00007ffdc7cca000 	C:\Program Files\Android\Android Studio\jre\bin\management.dll
0x00007ffdc3850000 - 0x00007ffdc385c000 	C:\Program Files\Android\Android Studio\jre\bin\management_ext.dll
0x00007ffdd02e0000 - 0x00007ffdd02f8000 	C:\WINDOWS\SYSTEM32\CRYPTSP.dll
0x00007ffdcf9d0000 - 0x00007ffdcfa04000 	C:\WINDOWS\system32\rsaenh.dll
0x00007ffdd08d0000 - 0x00007ffdd08fe000 	C:\WINDOWS\SYSTEM32\USERENV.dll
0x00007ffdd0210000 - 0x00007ffdd021c000 	C:\WINDOWS\SYSTEM32\CRYPTBASE.dll
0x00007ffdcfd90000 - 0x00007ffdcfdcb000 	C:\WINDOWS\SYSTEM32\IPHLPAPI.DLL
0x00007ffdd2890000 - 0x00007ffdd2898000 	C:\WINDOWS\System32\NSI.dll
0x00007ffdc2f50000 - 0x00007ffdc2f67000 	C:\WINDOWS\SYSTEM32\dhcpcsvc6.DLL
0x00007ffdc3870000 - 0x00007ffdc388d000 	C:\WINDOWS\SYSTEM32\dhcpcsvc.DLL
0x00007ffdcfdd0000 - 0x00007ffdcfe9b000 	C:\WINDOWS\SYSTEM32\DNSAPI.dll

dbghelp: loaded successfully - version: 4.0.5 - missing functions: none
symbol engine: initialized successfully - sym options: 0x614 - pdb path: .;C:\Program Files\Android\Android Studio\jre\bin;C:\WINDOWS\SYSTEM32;C:\WINDOWS\WinSxS\amd64_microsoft.windows.common-controls_6595b64144ccf1df_6.0.19041.3636_none_60b6a03d71f818d5;C:\Program Files\Android\Android Studio\jre\bin\server;C:\Users\Arona\.gradle\native\e1d6ef7f7dcc3fd88c89a11ec53ec762bb8ba0a96d01ffa2cd45eb1d1d8dd5c5\windows-amd64;C:\Users\Arona\.gradle\native\0d407fdbe67a94daf76414ababcb853783967236a71b16ec16e742cd7a986fd3\windows-amd64

VM Arguments:
jvm_args: --add-opens=java.base/java.util=ALL-UNNAMED --add-opens=java.base/java.lang=ALL-UNNAMED --add-opens=java.base/java.lang.invoke=ALL-UNNAMED --add-opens=java.base/java.util=ALL-UNNAMED --add-opens=java.prefs/java.util.prefs=ALL-UNNAMED --add-opens=java.prefs/java.util.prefs=ALL-UNNAMED --add-opens=java.base/java.nio.charset=ALL-UNNAMED --add-opens=java.base/java.net=ALL-UNNAMED --add-opens=java.base/java.util.concurrent.atomic=ALL-UNNAMED -Xmx1536M -Dfile.encoding=windows-1252 -Duser.country=US -Duser.language=en -Duser.variant 
java_command: org.gradle.launcher.daemon.bootstrap.GradleDaemon 7.4
java_class_path (initial): C:\Users\Arona\.gradle\wrapper\dists\gradle-7.4-all\aadb4xli5jkdsnukm30eibyiu\gradle-7.4\lib\gradle-launcher-7.4.jar
Launcher Type: SUN_STANDARD

[Global flags]
     intx CICompilerCount                          = 3                                         {product} {ergonomic}
     uint ConcGCThreads                            = 1                                         {product} {ergonomic}
     uint G1ConcRefinementThreads                  = 4                                         {product} {ergonomic}
   size_t G1HeapRegionSize                         = 1048576                                   {product} {ergonomic}
    uintx GCDrainStackTargetSize                   = 64                                        {product} {ergonomic}
   size_t InitialHeapSize                          = 268435456                                 {product} {ergonomic}
   size_t MarkStackSize                            = 4194304                                   {product} {ergonomic}
   size_t MaxHeapSize                              = 1610612736                                {product} {command line}
   size_t MaxNewSize                               = 965738496                                 {product} {ergonomic}
   size_t MinHeapDeltaBytes                        = 1048576                                   {product} {ergonomic}
    uintx NonNMethodCodeHeapSize                   = 5830732                                {pd product} {ergonomic}
    uintx NonProfiledCodeHeapSize                  = 122913754                              {pd product} {ergonomic}
    uintx ProfiledCodeHeapSize                     = 122913754                              {pd product} {ergonomic}
    uintx ReservedCodeCacheSize                    = 251658240                              {pd product} {ergonomic}
     bool SegmentedCodeCache                       = true                                      {product} {ergonomic}
     bool UseCompressedClassPointers               = true                                 {lp64_product} {ergonomic}
     bool UseCompressedOops                        = true                                 {lp64_product} {ergonomic}
     bool UseG1GC                                  = true                                      {product} {ergonomic}
     bool UseLargePagesIndividualAllocation        = false                                  {pd product} {ergonomic}

Logging:
Log output configuration:
 #0: stdout all=warning uptime,level,tags
 #1: stderr all=off uptime,level,tags

Environment Variables:
JAVA_HOME=C:\Program Files\Android\Android Studio\jre
CLASSPATH=C:\Users\Arona\StudioProjects\GetRest\android\\gradle\wrapper\gradle-wrapper.jar
PATH=C:\Program Files\Python36\Scripts\;C:\Program Files\Python36\;C:\Program Files\Common Files\Oracle\Java\javapath;C:\Program Files (x86)\Common Files\Intel\Shared Libraries\redist\intel64_win\compiler;C:\WINDOWS\system32;C:\WINDOWS;C:\WINDOWS\System32\Wbem;C:\WINDOWS\System32\WindowsPowerShell\v1.0\;C:\WINDOWS\System32\OpenSSH\;C:\Program Files\dotnet\;C:\Program Files (x86)\Microsoft SQL Server\hms\100\Tools\Binn\;C:\Program Files\Microsoft SQL Server\Hms\100\Tools\Binn\;C:\Program Files\Microsoft SQL Server\Hms\100\DTS\Binn\;C:\Program Files (x86)\Microsoft SQL Server\110\Tools\Binn\;C:\Program Files\Microsoft SQL Server\110\Tools\Binn\;C:\Program Files\Microsoft SQL Server\110\DTS\Binn\;C:\Program Files\Microsoft SQL Server\120\Tools\Binn\;C:\Program Files\Common Files\Autodesk Shared\;C:\Program Files\Microsoft SQL Server\Client SDK\ODBC\170\Tools\Binn\;C:\Program Files (x86)\Microsoft SQL Server\150\Tools\Binn\;C:\Program Files\Microsoft SQL Server\150\Tools\Binn\;C:\Program Files\Microsoft SQL Server\150\DTS\Binn\;C:\Program Files (x86)\NVIDIA Corporation\PhysX\Common;C:\Program Files\NVIDIA Corporation\NVIDIA NvDLISR;C:\Program Files (x86)\dotnet\;C:\adb;C:\apktool;C:\Program Files\Docker\Docker\resources\bin;D:\Git\cmd;C:\Program Files\nodejs\;C:\Program Files (x86)\Microsoft SQL Server\150\DTS\Binn\;C:\Program Files\Azure Data Studio\bin;C:\Program Files\PuTTY\;C:\Program Files\Java\jdk-19\bin;C:\Users\Arona\AppData\Local\Microsoft\WindowsApps;C:\Users\Arona\.dotnet\tools;D:\src\flutter\bin;C:\Users\Arona\AppData\Roaming\npm;C:\Program Files\Azure Data Studio\bin;C:\xampp\php;C:\Users\Arona\AppData\Local\Programs\Microsoft VS Code\bin;D:\src\flutter\bin\mingit\cmd
USERNAME=Arona
OS=Windows_NT
PROCESSOR_IDENTIFIER=Intel64 Family 6 Model 142 Stepping 9, GenuineIntel



---------------  S Y S T E M  ---------------

OS: Windows 10 , 64 bit Build 19041 (10.0.19041.3636)
OS uptime: 1 days 5:58 hours
Hyper-V role detected

CPU:total 4 (initial active 4) (2 cores per cpu, 2 threads per core) family 6 model 142 stepping 9 microcode 0xf0, cmov, cx8, fxsr, mmx, sse, sse2, sse3, ssse3, sse4.1, sse4.2, popcnt, avx, avx2, aes, clmul, erms, 3dnowpref, lzcnt, ht, tsc, tscinvbit, bmi1, bmi2, adx, fma

Memory: 4k page, system-wide physical 16285M (2871M free)
TotalPageFile size 16285M (AvailPageFile size 6M)
current process WorkingSet (physical memory assigned to process): 531M, peak: 535M
current process commit charge ("private bytes"): 571M, peak: 577M

vm_info: OpenJDK 64-Bit Server VM (11.0.10+0-b96-7249189) for windows-amd64 JRE (11.0.10+0-b96-7249189), built on Mar 31 2021 21:44:00 by "builder" with MS VC++ 14.0 (VS2015)

END.
